/home/soc/workspace/smack/build/share/smack/lib/smack.c(40,1): This assertion can fail
Execution trace:
    /home/soc/workspace/smack/build/share/smack/lib/smack.c(2228,3): Trace: Thread=1  (CALL $initialize, CALL __SMACK_static_init, reg_msg_mst2slv_db = 0, reg_msg_mst2slv_dbm = 0, reg_msg_mst2slv_dat0 = 0, reg_msg_mst2slv_dat1 = 0, reg_msg_slv2mst_db = 0, reg_msg_slv2mst_dbm = 0, reg_msg_slv2mst_dat0 = 0, reg_msg_slv2mst_dat1 = 0, mstCpl = 0, slvCpl = 0, intCpl = 0, reg_slv_int = 0, RETURN from __SMACK_static_init , CALL __SMACK_init_func_memory_model)
    /home/soc/workspace/smack/build/share/smack/lib/smack.c(2228,3): Trace: Thread=1  ()
    /home/soc/workspace/smack/build/share/smack/lib/smack.c(2233,1): Trace: Thread=1  ()
    /home/soc/workspace/smack/build/share/smack/lib/pthread.c(6,3): Trace: Thread=1  (RETURN from __SMACK_init_func_memory_model , CALL __SMACK_init_func_corral_primitives)
    /home/soc/workspace/smack/build/share/smack/lib/pthread.c(7,3): Trace: Thread=1  ()
    /home/soc/workspace/smack/build/share/smack/lib/pthread.c(8,3): Trace: Thread=1  ()
    /home/soc/workspace/smack/build/share/smack/lib/pthread.c(9,3): Trace: Thread=1  ()
    /home/soc/workspace/smack/build/share/smack/lib/pthread.c(10,1): Trace: Thread=1  ()
    /home/soc/workspace/smack/build/share/smack/lib/pthread.c(14,3): Trace: Thread=1  (RETURN from __SMACK_init_func_corral_primitives , CALL __SMACK_init_func_thread)
    /home/soc/workspace/smack/build/share/smack/lib/pthread.c(15,3): Trace: Thread=1  ()
    /home/soc/workspace/smack/build/share/smack/lib/pthread.c(16,3): Trace: Thread=1  ()
    /home/soc/workspace/smack/build/share/smack/lib/pthread.c(17,3): Trace: Thread=1  ()
    /home/soc/workspace/smack/build/share/smack/lib/pthread.c(18,3): Trace: Thread=1  ()
    /home/soc/workspace/smack/build/share/smack/lib/pthread.c(19,3): Trace: Thread=1  ()
    /home/soc/workspace/smack/build/share/smack/lib/pthread.c(20,3): Trace: Thread=1  ()
    /home/soc/workspace/smack/build/share/smack/lib/pthread.c(22,3): Trace: Thread=1  ()
    /home/soc/workspace/smack/build/share/smack/lib/pthread.c(23,1): Trace: Thread=1  ()
    /home/soc/workspace/smack/build/share/smack/lib/pthread.c(104,10): Trace: Thread=1  (RETURN from __SMACK_init_func_thread , RETURN from $initialize , smack:entry:main = -70119, CALL $alloc, CALL $$alloc, RETURN from $$alloc , RETURN from $alloc , CALL $alloc, CALL $$alloc, RETURN from $$alloc , RETURN from $alloc , CALL $alloc, CALL $$alloc, RETURN from $$alloc , RETURN from $alloc , CALL initHW, reg_msg_mst2slv_db = 0, reg_msg_mst2slv_dbm = 0, reg_msg_slv2mst_db = 0, reg_msg_slv2mst_dbm = 0, reg_slv_int = 0, RETURN from initHW , intCpl = 0, slvCpl = 0, mstCpl = 0, CALL pthread_mutex_init)
    /home/soc/workspace/smack/build/share/smack/lib/pthread.c(104,10): Trace: Thread=1  ()
    /home/soc/workspace/smack/build/share/smack/lib/pthread.c(104,15): Trace: Thread=1  ()
    /home/soc/workspace/smack/build/share/smack/lib/pthread.c(105,10): Trace: Thread=1  ()
    /home/soc/workspace/smack/build/share/smack/lib/pthread.c(105,15): Trace: Thread=1  ()
    /home/soc/workspace/smack/build/share/smack/lib/pthread.c(106,11): Trace: Thread=1  ()
    /home/soc/workspace/smack/build/share/smack/lib/pthread.c(106,6): Trace: Thread=1  ()
    /home/soc/workspace/smack/build/share/smack/lib/pthread.c(107,36): Trace: Thread=1  ()
    /home/soc/workspace/smack/build/share/smack/lib/pthread.c(107,5): Trace: Thread=1  ()
    /home/soc/workspace/smack/build/share/smack/lib/pthread.c(107,5): Trace: Thread=1  (CALL pthread_mutexattr_init)
    /home/soc/workspace/smack/build/share/smack/lib/pthread.c(92,9): Trace: Thread=1  ()
    /home/soc/workspace/smack/build/share/smack/lib/pthread.c(92,14): Trace: Thread=1  ()
    /home/soc/workspace/smack/build/share/smack/lib/pthread.c(93,3): Trace: Thread=1  ()
    /home/soc/workspace/smack/build/share/smack/lib/pthread.c(107,5): Trace: Thread=1  (RETURN from pthread_mutexattr_init )
    /home/soc/workspace/smack/build/share/smack/lib/pthread.c(108,3): Trace: Thread=1  ()
    /home/soc/workspace/smack/build/share/smack/lib/pthread.c(114,3): Trace: Thread=1  ()
    /home/soc/workspace/smack/build/share/smack/lib/pthread.c(104,10): Trace: Thread=1  (RETURN from pthread_mutex_init , CALL pthread_mutex_init)
    /home/soc/workspace/smack/build/share/smack/lib/pthread.c(104,10): Trace: Thread=1  ()
    /home/soc/workspace/smack/build/share/smack/lib/pthread.c(104,15): Trace: Thread=1  ()
    /home/soc/workspace/smack/build/share/smack/lib/pthread.c(105,10): Trace: Thread=1  ()
    /home/soc/workspace/smack/build/share/smack/lib/pthread.c(105,15): Trace: Thread=1  ()
    /home/soc/workspace/smack/build/share/smack/lib/pthread.c(106,11): Trace: Thread=1  ()
    /home/soc/workspace/smack/build/share/smack/lib/pthread.c(106,6): Trace: Thread=1  ()
    /home/soc/workspace/smack/build/share/smack/lib/pthread.c(107,36): Trace: Thread=1  ()
    /home/soc/workspace/smack/build/share/smack/lib/pthread.c(107,5): Trace: Thread=1  ()
    /home/soc/workspace/smack/build/share/smack/lib/pthread.c(107,5): Trace: Thread=1  (CALL pthread_mutexattr_init)
    /home/soc/workspace/smack/build/share/smack/lib/pthread.c(92,9): Trace: Thread=1  ()
    /home/soc/workspace/smack/build/share/smack/lib/pthread.c(92,14): Trace: Thread=1  ()
    /home/soc/workspace/smack/build/share/smack/lib/pthread.c(93,3): Trace: Thread=1  ()
    /home/soc/workspace/smack/build/share/smack/lib/pthread.c(107,5): Trace: Thread=1  (RETURN from pthread_mutexattr_init )
    /home/soc/workspace/smack/build/share/smack/lib/pthread.c(108,3): Trace: Thread=1  ()
    /home/soc/workspace/smack/build/share/smack/lib/pthread.c(114,3): Trace: Thread=1  ()
    /home/soc/workspace/smack/build/share/smack/lib/pthread.c(270,19): Trace: Thread=1  (RETURN from pthread_mutex_init , CALL pthread_create)
    /home/soc/workspace/smack/build/share/smack/lib/pthread.c(270,19): Trace: Thread=1  (CALL __VERIFIER_nondet_int)
    /home/soc/workspace/smack/build/share/smack/lib/smack.c(120,11): Trace: Thread=1  ()
    /home/soc/workspace/smack/build/share/smack/lib/smack.c(120,11): Trace: Thread=1  (smack:ext:__SMACK_nondet_int = -938)
    /home/soc/workspace/smack/build/share/smack/lib/smack.c(120,11): Trace: Thread=1  (x = -938)
    /home/soc/workspace/smack/build/share/smack/lib/smack.c(121,23): Trace: Thread=1  ()
    /home/soc/workspace/smack/build/share/smack/lib/smack.c(121,34): Trace: Thread=1  ()
    /home/soc/workspace/smack/build/share/smack/lib/smack.c(121,39): Trace: Thread=1  ()
    /home/soc/workspace/smack/build/share/smack/lib/smack.c(121,34): Trace: Thread=1  ()
    /home/soc/workspace/smack/build/share/smack/lib/smack.c(121,3): Trace: Thread=1  ()
    /home/soc/workspace/smack/build/share/smack/lib/smack.c(121,3): Trace: Thread=1  (CALL __VERIFIER_assume)
    /home/soc/workspace/smack/build/share/smack/lib/smack.c(713,3): Trace: Thread=1  ()
    /home/soc/workspace/smack/build/share/smack/lib/smack.c(34,21): Trace: Thread=1  ()
    /home/soc/workspace/smack/build/share/smack/lib/smack.c(35,1): Trace: Thread=1  ()
    /home/soc/workspace/smack/build/share/smack/lib/smack.c(121,3): Trace: Thread=1  (RETURN from __VERIFIER_assume )
    /home/soc/workspace/smack/build/share/smack/lib/smack.c(122,3): Trace: Thread=1  ()
    /home/soc/workspace/smack/build/share/smack/lib/pthread.c(270,19): Trace: Thread=1  (RETURN from __VERIFIER_nondet_int )
    /home/soc/workspace/smack/build/share/smack/lib/pthread.c(270,19): Trace: Thread=1  (smack:ext:__VERIFIER_nondet_int = -938)
    /home/soc/workspace/smack/build/share/smack/lib/pthread.c(270,19): Trace: Thread=1  (tmp = -938)
    /home/soc/workspace/smack/build/share/smack/lib/pthread.c(274,11): Trace: Thread=1  ()
    /home/soc/workspace/smack/build/share/smack/lib/pthread.c(274,11): Trace: Thread=1  (CALL __VERIFIER_nondet_int)
    /home/soc/workspace/smack/build/share/smack/lib/smack.c(120,11): Trace: Thread=1  ()
    /home/soc/workspace/smack/build/share/smack/lib/smack.c(120,11): Trace: Thread=1  (smack:ext:__SMACK_nondet_int = 0)
    /home/soc/workspace/smack/build/share/smack/lib/smack.c(120,11): Trace: Thread=1  (x = 0)
    /home/soc/workspace/smack/build/share/smack/lib/smack.c(121,23): Trace: Thread=1  ()
    /home/soc/workspace/smack/build/share/smack/lib/smack.c(121,34): Trace: Thread=1  ()
    /home/soc/workspace/smack/build/share/smack/lib/smack.c(121,39): Trace: Thread=1  ()
    /home/soc/workspace/smack/build/share/smack/lib/smack.c(121,34): Trace: Thread=1  ()
    /home/soc/workspace/smack/build/share/smack/lib/smack.c(121,3): Trace: Thread=1  ()
    /home/soc/workspace/smack/build/share/smack/lib/smack.c(121,3): Trace: Thread=1  (CALL __VERIFIER_assume)
    /home/soc/workspace/smack/build/share/smack/lib/smack.c(713,3): Trace: Thread=1  ()
    /home/soc/workspace/smack/build/share/smack/lib/smack.c(34,21): Trace: Thread=1  ()
    /home/soc/workspace/smack/build/share/smack/lib/smack.c(35,1): Trace: Thread=1  ()
    /home/soc/workspace/smack/build/share/smack/lib/smack.c(121,3): Trace: Thread=1  (RETURN from __VERIFIER_assume )
    /home/soc/workspace/smack/build/share/smack/lib/smack.c(122,3): Trace: Thread=1  ()
    /home/soc/workspace/smack/build/share/smack/lib/pthread.c(274,11): Trace: Thread=1  (RETURN from __VERIFIER_nondet_int )
    /home/soc/workspace/smack/build/share/smack/lib/pthread.c(274,11): Trace: Thread=1  (smack:ext:__VERIFIER_nondet_int = 0)
    /home/soc/workspace/smack/build/share/smack/lib/pthread.c(274,11): Trace: Thread=1  (x = 0)
    /home/soc/workspace/smack/build/share/smack/lib/pthread.c(275,23): Trace: Thread=1  ()
    /home/soc/workspace/smack/build/share/smack/lib/pthread.c(275,3): Trace: Thread=1  ()
    /home/soc/workspace/smack/build/share/smack/lib/pthread.c(275,3): Trace: Thread=1  (CALL __VERIFIER_assume)
    /home/soc/workspace/smack/build/share/smack/lib/smack.c(713,3): Trace: Thread=1  ()
    /home/soc/workspace/smack/build/share/smack/lib/smack.c(34,21): Trace: Thread=1  ()
    /home/soc/workspace/smack/build/share/smack/lib/smack.c(35,1): Trace: Thread=1  ()
    /home/soc/workspace/smack/build/share/smack/lib/pthread.c(275,3): Trace: Thread=1  (RETURN from __VERIFIER_assume )
    /home/soc/workspace/smack/build/share/smack/lib/pthread.c(276,6): Trace: Thread=1  ()
    /home/soc/workspace/smack/build/share/smack/lib/pthread.c(278,3): Trace: Thread=1  ()
    /home/soc/workspace/smack/build/share/smack/lib/pthread.c(278,3): Trace: Thread=1  (FORK __call_wrapper)
    /home/soc/workspace/smack/build/share/smack/lib/pthread.c(253,20): Trace: Thread=2  ()
    /home/soc/workspace/smack/build/share/smack/lib/pthread.c(253,20): Trace: Thread=2  (CALL pthread_self)
    /home/soc/workspace/smack/build/share/smack/lib/pthread.c(34,17): Trace: Thread=2  ()
    /home/soc/workspace/smack/build/share/smack/lib/pthread.c(34,17): Trace: Thread=2  (CALL __VERIFIER_nondet_int)
    /home/soc/workspace/smack/build/share/smack/lib/smack.c(120,11): Trace: Thread=2  ()
    /home/soc/workspace/smack/build/share/smack/lib/smack.c(120,11): Trace: Thread=2  (smack:ext:__SMACK_nondet_int = 827)
    /home/soc/workspace/smack/build/share/smack/lib/smack.c(120,11): Trace: Thread=2  (x = 827)
    /home/soc/workspace/smack/build/share/smack/lib/smack.c(121,23): Trace: Thread=2  ()
    /home/soc/workspace/smack/build/share/smack/lib/smack.c(121,34): Trace: Thread=2  ()
    /home/soc/workspace/smack/build/share/smack/lib/smack.c(121,39): Trace: Thread=2  ()
    /home/soc/workspace/smack/build/share/smack/lib/smack.c(121,34): Trace: Thread=2  ()
    /home/soc/workspace/smack/build/share/smack/lib/smack.c(121,3): Trace: Thread=2  ()
    /home/soc/workspace/smack/build/share/smack/lib/smack.c(121,3): Trace: Thread=2  (CALL __VERIFIER_assume)
    /home/soc/workspace/smack/build/share/smack/lib/smack.c(713,3): Trace: Thread=2  ()
    /home/soc/workspace/smack/build/share/smack/lib/smack.c(34,21): Trace: Thread=2  ()
    /home/soc/workspace/smack/build/share/smack/lib/smack.c(35,1): Trace: Thread=2  ()
    /home/soc/workspace/smack/build/share/smack/lib/smack.c(121,3): Trace: Thread=2  (RETURN from __VERIFIER_assume )
    /home/soc/workspace/smack/build/share/smack/lib/smack.c(122,3): Trace: Thread=2  ()
    /home/soc/workspace/smack/build/share/smack/lib/pthread.c(34,17): Trace: Thread=2  (RETURN from __VERIFIER_nondet_int )
    /home/soc/workspace/smack/build/share/smack/lib/pthread.c(34,17): Trace: Thread=2  (smack:ext:__VERIFIER_nondet_int = 827)
    /home/soc/workspace/smack/build/share/smack/lib/pthread.c(34,17): Trace: Thread=2  (tmp_tid = 827)
    /home/soc/workspace/smack/build/share/smack/lib/pthread.c(35,3): Trace: Thread=2  ()
    /home/soc/workspace/smack/build/share/smack/lib/pthread.c(40,3): Trace: Thread=2  ()
    /home/soc/workspace/smack/build/share/smack/lib/pthread.c(253,20): Trace: Thread=2  (RETURN from pthread_self )
    /home/soc/workspace/smack/build/share/smack/lib/pthread.c(253,20): Trace: Thread=2  (ctid = 97)
    /home/soc/workspace/smack/build/share/smack/lib/pthread.c(255,29): Trace: Thread=2  ()
    /home/soc/workspace/smack/build/share/smack/lib/pthread.c(255,26): Trace: Thread=2  ()
    /home/soc/workspace/smack/build/share/smack/lib/pthread.c(255,3): Trace: Thread=2  ()
    /home/soc/workspace/smack/build/share/smack/lib/pthread.c(255,3): Trace: Thread=2  (CALL __VERIFIER_assume)
    /home/soc/workspace/smack/build/share/smack/lib/smack.c(713,3): Trace: Thread=2  ()
    /home/soc/workspace/smack/build/share/smack/lib/smack.c(34,21): Trace: Thread=2  ()
    /home/soc/workspace/smack/build/share/smack/lib/smack.c(35,1): Trace: Thread=2  ()
    /home/soc/workspace/smack/build/share/smack/lib/pthread.c(255,3): Trace: Thread=2  (RETURN from __VERIFIER_assume )
    /home/soc/workspace/smack/build/share/smack/lib/pthread.c(259,3): Trace: Thread=2  ()
    /home/soc/workspace/smack/build/share/smack/lib/pthread.c(260,3): Trace: Thread=2  ()
    /home/soc/workspace/smack/build/share/smack/lib/pthread.c(260,3): Trace: Thread=2  (CALL devirtbounce)
    /home/soc/workspace/smack/build/share/smack/lib/pthread.c(118,18): Trace: Thread=2  (CALL entryMst, CALL mainMst, CALL $alloc, CALL $$alloc, RETURN from $$alloc , RETURN from $alloc , CALL $alloc, CALL $$alloc, RETURN from $$alloc , RETURN from $alloc , CALL $alloc, CALL $$alloc, RETURN from $$alloc , RETURN from $alloc , CALL $alloc, CALL $$alloc, RETURN from $$alloc , RETURN from $alloc , CALL sendMsgMst2Slv, CALL HW_REG_READ, CALL FAB_REG_LOCK, CALL pthread_mutex_lock)
    /home/soc/workspace/smack/build/share/smack/lib/pthread.c(118,18): Trace: Thread=2  (CALL pthread_self)
    /home/soc/workspace/smack/build/share/smack/lib/pthread.c(34,17): Trace: Thread=2  ()
    /home/soc/workspace/smack/build/share/smack/lib/pthread.c(34,17): Trace: Thread=2  (CALL __VERIFIER_nondet_int)
    /home/soc/workspace/smack/build/share/smack/lib/smack.c(120,11): Trace: Thread=2  ()
    /home/soc/workspace/smack/build/share/smack/lib/smack.c(120,11): Trace: Thread=2  (smack:ext:__SMACK_nondet_int = -485)
    /home/soc/workspace/smack/build/share/smack/lib/smack.c(120,11): Trace: Thread=2  (x = -485)
    /home/soc/workspace/smack/build/share/smack/lib/smack.c(121,23): Trace: Thread=2  ()
    /home/soc/workspace/smack/build/share/smack/lib/smack.c(121,34): Trace: Thread=2  ()
    /home/soc/workspace/smack/build/share/smack/lib/smack.c(121,39): Trace: Thread=2  ()
    /home/soc/workspace/smack/build/share/smack/lib/smack.c(121,34): Trace: Thread=2  ()
    /home/soc/workspace/smack/build/share/smack/lib/smack.c(121,3): Trace: Thread=2  ()
    /home/soc/workspace/smack/build/share/smack/lib/smack.c(121,3): Trace: Thread=2  (CALL __VERIFIER_assume)
    /home/soc/workspace/smack/build/share/smack/lib/smack.c(713,3): Trace: Thread=2  ()
    /home/soc/workspace/smack/build/share/smack/lib/smack.c(34,21): Trace: Thread=2  ()
    /home/soc/workspace/smack/build/share/smack/lib/smack.c(35,1): Trace: Thread=2  ()
    /home/soc/workspace/smack/build/share/smack/lib/smack.c(121,3): Trace: Thread=2  (RETURN from __VERIFIER_assume )
    /home/soc/workspace/smack/build/share/smack/lib/smack.c(122,3): Trace: Thread=2  ()
    /home/soc/workspace/smack/build/share/smack/lib/pthread.c(34,17): Trace: Thread=2  (RETURN from __VERIFIER_nondet_int )
    /home/soc/workspace/smack/build/share/smack/lib/pthread.c(34,17): Trace: Thread=2  (smack:ext:__VERIFIER_nondet_int = -485)
    /home/soc/workspace/smack/build/share/smack/lib/pthread.c(34,17): Trace: Thread=2  (tmp_tid = -485)
    /home/soc/workspace/smack/build/share/smack/lib/pthread.c(35,3): Trace: Thread=2  ()
    /home/soc/workspace/smack/build/share/smack/lib/pthread.c(40,3): Trace: Thread=2  ()
    /home/soc/workspace/smack/build/share/smack/lib/pthread.c(118,18): Trace: Thread=2  (RETURN from pthread_self )
    /home/soc/workspace/smack/build/share/smack/lib/pthread.c(118,18): Trace: Thread=2  (tid = 97)
    /home/soc/workspace/smack/build/share/smack/lib/pthread.c(120,15): Trace: Thread=2  ()
    /home/soc/workspace/smack/build/share/smack/lib/pthread.c(120,20): Trace: Thread=2  ()
    /home/soc/workspace/smack/build/share/smack/lib/pthread.c(120,24): Trace: Thread=2  ()
    /home/soc/workspace/smack/build/share/smack/lib/pthread.c(120,6): Trace: Thread=2  ()
    /home/soc/workspace/smack/build/share/smack/lib/pthread.c(122,5): Trace: Thread=2  ()
    /home/soc/workspace/smack/build/share/smack/lib/pthread.c(122,5): Trace: Thread=2  (CALL __VERIFIER_assert)
    /home/soc/workspace/smack/build/share/smack/lib/smack.c(713,3): Trace: Thread=2  ()
    /home/soc/workspace/smack/build/share/smack/lib/smack.c(40,21): Trace: Thread=2  ()
    /home/soc/workspace/smack/build/share/smack/lib/smack.c(42,1): Trace: Thread=2  ()
    /home/soc/workspace/smack/build/share/smack/lib/pthread.c(122,5): Trace: Thread=2  (RETURN from __VERIFIER_assert )
    /home/soc/workspace/smack/build/share/smack/lib/pthread.c(123,5): Trace: Thread=2  ()
    /home/soc/workspace/smack/build/share/smack/lib/pthread.c(123,5): Trace: Thread=2  (CALL __VERIFIER_assert)
    /home/soc/workspace/smack/build/share/smack/lib/smack.c(713,3): Trace: Thread=2  ()
    /home/soc/workspace/smack/build/share/smack/lib/smack.c(40,21): Trace: Thread=2  ()
    /home/soc/workspace/smack/build/share/smack/lib/smack.c(42,1): Trace: Thread=2  ()
    /home/soc/workspace/smack/build/share/smack/lib/pthread.c(123,5): Trace: Thread=2  (RETURN from __VERIFIER_assert )
    /home/soc/workspace/smack/build/share/smack/lib/pthread.c(125,3): Trace: Thread=2  ()
    /home/soc/workspace/smack/build/share/smack/lib/pthread.c(136,3): Trace: Thread=2  ()
    /home/soc/workspace/smack/build/share/smack/lib/pthread.c(138,30): Trace: Thread=2  ()
    /home/soc/workspace/smack/build/share/smack/lib/pthread.c(138,35): Trace: Thread=2  ()
    /home/soc/workspace/smack/build/share/smack/lib/pthread.c(138,3): Trace: Thread=2  ()
    /home/soc/workspace/smack/build/share/smack/lib/pthread.c(138,3): Trace: Thread=2  (CALL __VERIFIER_assume)
    /home/soc/workspace/smack/build/share/smack/lib/smack.c(713,3): Trace: Thread=2  ()
    /home/soc/workspace/smack/build/share/smack/lib/smack.c(34,21): Trace: Thread=2  ()
    /home/soc/workspace/smack/build/share/smack/lib/smack.c(35,1): Trace: Thread=2  ()
    /home/soc/workspace/smack/build/share/smack/lib/pthread.c(138,3): Trace: Thread=2  (RETURN from __VERIFIER_assume )
    /home/soc/workspace/smack/build/share/smack/lib/pthread.c(139,12): Trace: Thread=2  ()
    /home/soc/workspace/smack/build/share/smack/lib/pthread.c(139,17): Trace: Thread=2  ()
    /home/soc/workspace/smack/build/share/smack/lib/pthread.c(140,3): Trace: Thread=2  ()
    /home/soc/workspace/smack/build/share/smack/lib/pthread.c(141,3): Trace: Thread=2  ()
    /home/soc/workspace/smack/build/share/smack/lib/pthread.c(142,1): Trace: Thread=2  ()
    /home/soc/workspace/smack/build/share/smack/lib/pthread.c(142,1): Trace: Thread=2  (RETURN from pthread_mutex_lock , RETURN from FAB_REG_LOCK )
    /home/soc/workspace/smack/build/share/smack/lib/pthread.c(142,1): Trace: Thread=2  ()
    /home/soc/workspace/smack/build/share/smack/lib/pthread.c(142,1): Trace: Thread=2  (CALL read_reg_msg_mst2slv_dbm)
    /home/soc/workspace/smack/build/share/smack/lib/pthread.c(142,1): Trace: Thread=2  (RETURN from read_reg_msg_mst2slv_dbm )
    /home/soc/workspace/smack/build/share/smack/lib/pthread.c(142,1): Trace: Thread=2  ()
    /home/soc/workspace/smack/build/share/smack/lib/pthread.c(118,18): Trace: Thread=2  (RETURN from HW_REG_READ , CALL HW_REG_WRITE, CALL FAB_REG_LOCK, CALL pthread_mutex_lock)
    /home/soc/workspace/smack/build/share/smack/lib/pthread.c(118,18): Trace: Thread=2  (CALL pthread_self)
    /home/soc/workspace/smack/build/share/smack/lib/pthread.c(34,17): Trace: Thread=2  ()
    /home/soc/workspace/smack/build/share/smack/lib/pthread.c(34,17): Trace: Thread=2  (CALL __VERIFIER_nondet_int)
    /home/soc/workspace/smack/build/share/smack/lib/smack.c(120,11): Trace: Thread=2  ()
    /home/soc/workspace/smack/build/share/smack/lib/smack.c(120,11): Trace: Thread=2  (smack:ext:__SMACK_nondet_int = -743)
    /home/soc/workspace/smack/build/share/smack/lib/smack.c(120,11): Trace: Thread=2  (x = -743)
    /home/soc/workspace/smack/build/share/smack/lib/smack.c(121,23): Trace: Thread=2  ()
    /home/soc/workspace/smack/build/share/smack/lib/smack.c(121,34): Trace: Thread=2  ()
    /home/soc/workspace/smack/build/share/smack/lib/smack.c(121,39): Trace: Thread=2  ()
    /home/soc/workspace/smack/build/share/smack/lib/smack.c(121,34): Trace: Thread=2  ()
    /home/soc/workspace/smack/build/share/smack/lib/smack.c(121,3): Trace: Thread=2  ()
    /home/soc/workspace/smack/build/share/smack/lib/smack.c(121,3): Trace: Thread=2  (CALL __VERIFIER_assume)
    /home/soc/workspace/smack/build/share/smack/lib/smack.c(713,3): Trace: Thread=2  ()
    /home/soc/workspace/smack/build/share/smack/lib/smack.c(34,21): Trace: Thread=2  ()
    /home/soc/workspace/smack/build/share/smack/lib/smack.c(35,1): Trace: Thread=2  ()
    /home/soc/workspace/smack/build/share/smack/lib/smack.c(121,3): Trace: Thread=2  (RETURN from __VERIFIER_assume )
    /home/soc/workspace/smack/build/share/smack/lib/smack.c(122,3): Trace: Thread=2  ()
    /home/soc/workspace/smack/build/share/smack/lib/pthread.c(34,17): Trace: Thread=2  (RETURN from __VERIFIER_nondet_int )
    /home/soc/workspace/smack/build/share/smack/lib/pthread.c(34,17): Trace: Thread=2  (smack:ext:__VERIFIER_nondet_int = -743)
    /home/soc/workspace/smack/build/share/smack/lib/pthread.c(34,17): Trace: Thread=2  (tmp_tid = -743)
    /home/soc/workspace/smack/build/share/smack/lib/pthread.c(35,3): Trace: Thread=2  ()
    /home/soc/workspace/smack/build/share/smack/lib/pthread.c(40,3): Trace: Thread=2  ()
    /home/soc/workspace/smack/build/share/smack/lib/pthread.c(118,18): Trace: Thread=2  (RETURN from pthread_self )
    /home/soc/workspace/smack/build/share/smack/lib/pthread.c(118,18): Trace: Thread=2  (tid = 97)
    /home/soc/workspace/smack/build/share/smack/lib/pthread.c(120,15): Trace: Thread=2  ()
    /home/soc/workspace/smack/build/share/smack/lib/pthread.c(120,20): Trace: Thread=2  ()
    /home/soc/workspace/smack/build/share/smack/lib/pthread.c(120,24): Trace: Thread=2  ()
    /home/soc/workspace/smack/build/share/smack/lib/pthread.c(120,6): Trace: Thread=2  ()
    /home/soc/workspace/smack/build/share/smack/lib/pthread.c(122,5): Trace: Thread=2  ()
    /home/soc/workspace/smack/build/share/smack/lib/pthread.c(122,5): Trace: Thread=2  (CALL __VERIFIER_assert)
    /home/soc/workspace/smack/build/share/smack/lib/smack.c(713,3): Trace: Thread=2  ()
    /home/soc/workspace/smack/build/share/smack/lib/smack.c(40,21): Trace: Thread=2  ()
    /home/soc/workspace/smack/build/share/smack/lib/smack.c(42,1): Trace: Thread=2  ()
    /home/soc/workspace/smack/build/share/smack/lib/pthread.c(122,5): Trace: Thread=2  (RETURN from __VERIFIER_assert )
    /home/soc/workspace/smack/build/share/smack/lib/pthread.c(123,5): Trace: Thread=2  ()
    /home/soc/workspace/smack/build/share/smack/lib/pthread.c(123,5): Trace: Thread=2  (CALL __VERIFIER_assert)
    /home/soc/workspace/smack/build/share/smack/lib/smack.c(713,3): Trace: Thread=2  ()
    /home/soc/workspace/smack/build/share/smack/lib/smack.c(40,21): Trace: Thread=2  ()
    /home/soc/workspace/smack/build/share/smack/lib/smack.c(40,21): Trace: Thread=2  (ASSERTION FAILS assert x != $0;
    /home/soc/workspace/smack/build/share/smack/lib/pthread.c(123,5): Trace: Thread=2  (RETURN from __VERIFIER_assert )
    /home/soc/workspace/smack/build/share/smack/lib/pthread.c(260,3): Trace: Thread=2  (RETURN from pthread_mutex_lock , RETURN from FAB_REG_LOCK , RETURN from HW_REG_WRITE , RETURN from sendMsgMst2Slv , RETURN from mainMst , RETURN from entryMst , RETURN from devirtbounce )
    /home/soc/workspace/smack/build/share/smack/lib/pthread.c(260,3): Trace: Thread=2  (Done)
    /home/soc/workspace/smack/build/share/smack/lib/pthread.c(278,3): Trace: Thread=1  ()
    /home/soc/workspace/smack/build/share/smack/lib/pthread.c(281,3): Trace: Thread=1  ()
    /home/soc/workspace/smack/build/share/smack/lib/pthread.c(282,16): Trace: Thread=1  ()
    /home/soc/workspace/smack/build/share/smack/lib/pthread.c(284,3): Trace: Thread=1  ()
    /home/soc/workspace/smack/build/share/smack/lib/pthread.c(270,19): Trace: Thread=1  (RETURN from pthread_create , CALL pthread_create)
    /home/soc/workspace/smack/build/share/smack/lib/pthread.c(270,19): Trace: Thread=1  (CALL __VERIFIER_nondet_int)
    /home/soc/workspace/smack/build/share/smack/lib/smack.c(120,11): Trace: Thread=1  ()
    /home/soc/workspace/smack/build/share/smack/lib/smack.c(120,11): Trace: Thread=1  (smack:ext:__SMACK_nondet_int = 2147483648)
    /home/soc/workspace/smack/build/share/smack/lib/smack.c(120,11): Trace: Thread=1  (x = 2147483648)
    /home/soc/workspace/smack/build/share/smack/lib/smack.c(121,23): Trace: Thread=1  ()
    /home/soc/workspace/smack/build/share/smack/lib/smack.c(121,34): Trace: Thread=1  ()
    /home/soc/workspace/smack/build/share/smack/lib/smack.c(121,39): Trace: Thread=1  ()
    /home/soc/workspace/smack/build/share/smack/lib/smack.c(121,34): Trace: Thread=1  ()
    /home/soc/workspace/smack/build/share/smack/lib/smack.c(121,3): Trace: Thread=1  ()
    /home/soc/workspace/smack/build/share/smack/lib/smack.c(121,3): Trace: Thread=1  (CALL __VERIFIER_assume)
    /home/soc/workspace/smack/build/share/smack/lib/smack.c(713,3): Trace: Thread=1  ()
    /home/soc/workspace/smack/build/share/smack/lib/smack.c(34,21): Trace: Thread=1  ()
    /home/soc/workspace/smack/build/share/smack/lib/smack.c(121,3): Trace: Thread=1  (RETURN from __VERIFIER_assume )
    /home/soc/workspace/smack/build/share/smack/lib/pthread.c(270,19): Trace: Thread=1  (RETURN from __VERIFIER_nondet_int )
