~/clang+llvm-2.9-x86_64-linux.tar/bin/clang -S -emit-llvm -I./Cmodel/predict_mod -I./VerC -I. vWrapper.cpp
mv vWrapper.s vWrapper.li
~/clang+llvm-2.9-x86_64-linux.tar/bin/llc -march=c -o vWrapper.ci vWrapper.li
mv vWrapper.ci vWrapper.c
python sanitize.py
[Done]
~/cbmc/cbmc --unwind 3 --unwinding-assertions --slice-formula vWrapper.c
CBMC version 5.6 64-bit x86_64 linux
Parsing vWrapper.c
Converting
Type-checking vWrapper
Generating GOTO Program
Adding CPROVER library (x86_64)
Removal of function pointers and virtual functions
Partial Inlining
Generic Property Instrumentation
Starting Bounded Model Checking
Unwinding loop _ZN3rbm11predict_rbmEv.0 iteration 1 (3 max) file vWrapper.c line 10888 function _ZN3rbm11predict_rbmEv thread 0
Unwinding loop _ZN3rbm11predict_rbmEv.0 iteration 2 (3 max) file vWrapper.c line 10888 function _ZN3rbm11predict_rbmEv thread 0
Not unwinding loop _ZN3rbm11predict_rbmEv.0 iteration 3 (3 max) file vWrapper.c line 10888 function _ZN3rbm11predict_rbmEv thread 0
Unwinding loop _ZN3rbm28activateVisibleUnits_predictEtt.7 iteration 1 (3 max) file vWrapper.c line 11726 function _ZN3rbm28activateVisibleUnits_predictEtt thread 0
Unwinding loop _ZN3rbm28activateVisibleUnits_predictEtt.5 iteration 1 (3 max) file vWrapper.c line 11602 function _ZN3rbm28activateVisibleUnits_predictEtt thread 0
Unwinding loop _ZN3rbm28activateVisibleUnits_predictEtt.3 iteration 1 (3 max) file vWrapper.c line 11593 function _ZN3rbm28activateVisibleUnits_predictEtt thread 0
Unwinding loop _ZN3rbm28activateVisibleUnits_predictEtt.2 iteration 1 (3 max) file vWrapper.c line 11582 function _ZN3rbm28activateVisibleUnits_predictEtt thread 0
Unwinding loop _ZN3rbm28activateVisibleUnits_predictEtt.1 iteration 1 (3 max) file vWrapper.c line 11574 function _ZN3rbm28activateVisibleUnits_predictEtt thread 0
Unwinding loop _ZN3rbm28activateVisibleUnits_predictEtt.0 iteration 1 (3 max) file vWrapper.c line 11567 function _ZN3rbm28activateVisibleUnits_predictEtt thread 0
Unwinding loop _ZN3rbm28activateVisibleUnits_predictEtt.4 iteration 1 (3 max) file vWrapper.c line 11595 function _ZN3rbm28activateVisibleUnits_predictEtt thread 0
Unwinding loop _ZN3rbm28activateVisibleUnits_predictEtt.1 iteration 1 (3 max) file vWrapper.c line 11574 function _ZN3rbm28activateVisibleUnits_predictEtt thread 0
Unwinding loop _ZN3rbm28activateVisibleUnits_predictEtt.0 iteration 1 (3 max) file vWrapper.c line 11567 function _ZN3rbm28activateVisibleUnits_predictEtt thread 0
Unwinding loop _ZN3rbm28activateVisibleUnits_predictEtt.5 iteration 2 (3 max) file vWrapper.c line 11602 function _ZN3rbm28activateVisibleUnits_predictEtt thread 0
Unwinding loop _ZN3rbm28activateVisibleUnits_predictEtt.3 iteration 1 (3 max) file vWrapper.c line 11593 function _ZN3rbm28activateVisibleUnits_predictEtt thread 0
Unwinding loop _ZN3rbm28activateVisibleUnits_predictEtt.2 iteration 1 (3 max) file vWrapper.c line 11582 function _ZN3rbm28activateVisibleUnits_predictEtt thread 0
Unwinding loop _ZN3rbm28activateVisibleUnits_predictEtt.1 iteration 1 (3 max) file vWrapper.c line 11574 function _ZN3rbm28activateVisibleUnits_predictEtt thread 0
Unwinding loop _ZN3rbm28activateVisibleUnits_predictEtt.0 iteration 1 (3 max) file vWrapper.c line 11567 function _ZN3rbm28activateVisibleUnits_predictEtt thread 0
Unwinding loop _ZN3rbm28activateVisibleUnits_predictEtt.4 iteration 1 (3 max) file vWrapper.c line 11595 function _ZN3rbm28activateVisibleUnits_predictEtt thread 0
Unwinding loop _ZN3rbm28activateVisibleUnits_predictEtt.1 iteration 1 (3 max) file vWrapper.c line 11574 function _ZN3rbm28activateVisibleUnits_predictEtt thread 0
Unwinding loop _ZN3rbm28activateVisibleUnits_predictEtt.0 iteration 1 (3 max) file vWrapper.c line 11567 function _ZN3rbm28activateVisibleUnits_predictEtt thread 0
Not unwinding loop _ZN3rbm28activateVisibleUnits_predictEtt.5 iteration 3 (3 max) file vWrapper.c line 11602 function _ZN3rbm28activateVisibleUnits_predictEtt thread 0
size of program expression: 10899 steps
slicing removed 8683 assignments
Generated 32 VCC(s), 32 remaining after simplification
Passing problem to propositional reduction
converting SSA
Running propositional reduction
Post-processing
Solving with MiniSAT 2.2.1 with simplifier
11485650 variables, 49387280 clauses
SAT checker inconsistent: instance is UNSATISFIABLE
Runtime decision procedure: 13.209s

** Results:
[_Z6dividell.assertion.1] test3: SUCCESS
[_ZN3rbm28activateVisibleUnits_predictEtt.assertion.1] init_done_match: SUCCESS
[_ZN3rbm28activateVisibleUnits_predictEtt.assertion.2] done_match: SUCCESS
[_ZN3rbm28activateVisibleUnits_predictEtt.assertion.3] num_hidden_match: SUCCESS
[_ZN3rbm28activateVisibleUnits_predictEtt.assertion.4] num_visible_match: SUCCESS
[_ZN3rbm28activateVisibleUnits_predictEtt.assertion.5] num_users_match: SUCCESS
[_ZN3rbm28activateVisibleUnits_predictEtt.assertion.6] num_loops_match: SUCCESS
[_ZN3rbm28activateVisibleUnits_predictEtt.assertion.7] num_testusers_match: SUCCESS
[_ZN3rbm28activateVisibleUnits_predictEtt.assertion.8] num_movies_match: SUCCESS
[_ZN3rbm28activateVisibleUnits_predictEtt.assertion.9] rd_index_match: SUCCESS
[_ZN3rbm28activateVisibleUnits_predictEtt.assertion.10] rd_length_match: SUCCESS
[_ZN3rbm28activateVisibleUnits_predictEtt.assertion.11] rd_request_match: SUCCESS
[_ZN3rbm28activateVisibleUnits_predictEtt.assertion.12] wr_request_match: SUCCESS
[_ZN3rbm28activateVisibleUnits_predictEtt.assertion.13] wr_index_match: SUCCESS
[_ZN3rbm28activateVisibleUnits_predictEtt.assertion.14] wr_length_match: SUCCESS
[_ZN3rbm28activateVisibleUnits_predictEtt.assertion.15] data_out_match: SUCCESS
[_ZN3rbm28activateVisibleUnits_predictEtt.assertion.16] upc_match: SUCCESS
[_ZN3rbm28activateVisibleUnits_predictEtt.assertion.17] predict_input_done_match: SUCCESS
[_ZN3rbm28activateVisibleUnits_predictEtt.assertion.18] predict_sum_match: SUCCESS
[_ZN3rbm28activateVisibleUnits_predictEtt.assertion.19] predict_max_match: SUCCESS
[_ZN3rbm28activateVisibleUnits_predictEtt.assertion.20] sumOfpow2_match: SUCCESS
[_ZN3rbm28activateVisibleUnits_predictEtt.assertion.21] per_v_pc_match: SUCCESS
[_ZN3rbm28activateVisibleUnits_predictEtt.assertion.22] jstate_match: SUCCESS
[_ZN3rbm28activateVisibleUnits_predictEtt.assertion.23] predict_upc_match: SUCCESS
[_ZN3rbm28activateVisibleUnits_predictEtt.assertion.24] predict_v_cnt_match: SUCCESS
[_ZN3rbm28activateVisibleUnits_predictEtt.assertion.25] predict_h_cnt_match: SUCCESS
[_ZN3rbm28activateVisibleUnits_predictEtt.assertion.26] data_match: SUCCESS
[_ZN3rbm28activateVisibleUnits_predictEtt.assertion.27] predict_result_match: SUCCESS
[_ZN3rbm28activateVisibleUnits_predictEtt.assertion.28] hidden_unit_match: SUCCESS
[_ZN3rbm28activateVisibleUnits_predictEtt.assertion.29] ind-inv: SUCCESS
[_ZN3rbm28activateVisibleUnits_predictEtt.assertion.30] ind-inv: SUCCESS
[_ZN3rbm28activateVisibleUnits_predictEtt.assertion.31] init_done_match: SUCCESS
[_ZN3rbm28activateVisibleUnits_predictEtt.assertion.32] done_match: SUCCESS
[_ZN3rbm28activateVisibleUnits_predictEtt.assertion.33] num_hidden_match: SUCCESS
[_ZN3rbm28activateVisibleUnits_predictEtt.assertion.34] num_visible_match: SUCCESS
[_ZN3rbm28activateVisibleUnits_predictEtt.assertion.35] num_users_match: SUCCESS
[_ZN3rbm28activateVisibleUnits_predictEtt.assertion.36] num_loops_match: SUCCESS
[_ZN3rbm28activateVisibleUnits_predictEtt.assertion.37] num_testusers_match: SUCCESS
[_ZN3rbm28activateVisibleUnits_predictEtt.assertion.38] num_movies_match: SUCCESS
[_ZN3rbm28activateVisibleUnits_predictEtt.assertion.39] rd_index_match: SUCCESS
[_ZN3rbm28activateVisibleUnits_predictEtt.assertion.40] rd_length_match: SUCCESS
[_ZN3rbm28activateVisibleUnits_predictEtt.assertion.41] rd_request_match: SUCCESS
[_ZN3rbm28activateVisibleUnits_predictEtt.assertion.42] wr_request_match: SUCCESS
[_ZN3rbm28activateVisibleUnits_predictEtt.assertion.43] wr_index_match: SUCCESS
[_ZN3rbm28activateVisibleUnits_predictEtt.assertion.44] wr_length_match: SUCCESS
[_ZN3rbm28activateVisibleUnits_predictEtt.assertion.45] data_out_match: SUCCESS
[_ZN3rbm28activateVisibleUnits_predictEtt.assertion.46] upc_match: SUCCESS
[_ZN3rbm28activateVisibleUnits_predictEtt.assertion.47] predict_input_done_match: SUCCESS
[_ZN3rbm28activateVisibleUnits_predictEtt.assertion.48] predict_sum_match: SUCCESS
[_ZN3rbm28activateVisibleUnits_predictEtt.assertion.49] predict_max_match: SUCCESS
[_ZN3rbm28activateVisibleUnits_predictEtt.assertion.50] sumOfpow2_match: SUCCESS
[_ZN3rbm28activateVisibleUnits_predictEtt.assertion.51] per_v_pc_match: SUCCESS
[_ZN3rbm28activateVisibleUnits_predictEtt.assertion.52] jstate_match: SUCCESS
[_ZN3rbm28activateVisibleUnits_predictEtt.assertion.53] predict_upc_match: SUCCESS
[_ZN3rbm28activateVisibleUnits_predictEtt.assertion.54] predict_v_cnt_match: SUCCESS
[_ZN3rbm28activateVisibleUnits_predictEtt.assertion.55] predict_h_cnt_match: SUCCESS
[_ZN3rbm28activateVisibleUnits_predictEtt.assertion.56] data_match: SUCCESS
[_ZN3rbm28activateVisibleUnits_predictEtt.assertion.57] predict_result_match: SUCCESS
[_ZN3rbm28activateVisibleUnits_predictEtt.assertion.58] hidden_unit_match: SUCCESS
[_ZN3rbm11predict_rbmEv.unwind.0] unwinding assertion loop 0: SUCCESS
[_ZN3rbm28activateVisibleUnits_predictEtt.unwind.5] unwinding assertion loop 5: SUCCESS

** 0 of 61 failed (1 iteration)
VERIFICATION SUCCESSFUL
