~/clang+llvm-2.9-x86_64-linux.tar/bin/clang -S -emit-llvm -I./Cmodel/predict_mod -I./VerC -I. vWrapper.cpp
mv vWrapper.s vWrapper.li
~/clang+llvm-2.9-x86_64-linux.tar/bin/llc -march=c -o vWrapper.ci vWrapper.li
mv vWrapper.ci vWrapper.c
python sanitize.py
[Done]
~/cbmc/cbmc --unwind 3 --unwinding-assertions --slice-formula vWrapper.c
CBMC version 5.6 64-bit x86_64 linux
Parsing vWrapper.c
Converting
Type-checking vWrapper
Generating GOTO Program
Adding CPROVER library (x86_64)
Removal of function pointers and virtual functions
Partial Inlining
Generic Property Instrumentation
Starting Bounded Model Checking
Unwinding loop _ZN3rbm11predict_rbmEv.0 iteration 1 (3 max) file vWrapper.c line 10982 function _ZN3rbm11predict_rbmEv thread 0
Unwinding loop _ZN3rbm11predict_rbmEv.0 iteration 2 (3 max) file vWrapper.c line 10982 function _ZN3rbm11predict_rbmEv thread 0
Not unwinding loop _ZN3rbm11predict_rbmEv.0 iteration 3 (3 max) file vWrapper.c line 10982 function _ZN3rbm11predict_rbmEv thread 0
size of program expression: 10613 steps
slicing removed 8530 assignments
Generated 29 VCC(s), 29 remaining after simplification
Passing problem to propositional reduction
converting SSA
Running propositional reduction
Post-processing
Solving with MiniSAT 2.2.1 with simplifier
13248 variables, 3872 clauses
SAT checker inconsistent: instance is UNSATISFIABLE
Runtime decision procedure: 0.034s

** Results:
[_ZN3rbm28activateVisibleUnits_predictEtt.assertion.1] init_done_match: SUCCESS
[_ZN3rbm28activateVisibleUnits_predictEtt.assertion.2] done_match: SUCCESS
[_ZN3rbm28activateVisibleUnits_predictEtt.assertion.3] num_hidden_match: SUCCESS
[_ZN3rbm28activateVisibleUnits_predictEtt.assertion.4] num_visible_match: SUCCESS
[_ZN3rbm28activateVisibleUnits_predictEtt.assertion.5] num_users_match: SUCCESS
[_ZN3rbm28activateVisibleUnits_predictEtt.assertion.6] num_loops_match: SUCCESS
[_ZN3rbm28activateVisibleUnits_predictEtt.assertion.7] num_testusers_match: SUCCESS
[_ZN3rbm28activateVisibleUnits_predictEtt.assertion.8] num_movies_match: SUCCESS
[_ZN3rbm28activateVisibleUnits_predictEtt.assertion.9] rd_index_match: SUCCESS
[_ZN3rbm28activateVisibleUnits_predictEtt.assertion.10] rd_length_match: SUCCESS
[_ZN3rbm28activateVisibleUnits_predictEtt.assertion.11] rd_request_match: SUCCESS
[_ZN3rbm28activateVisibleUnits_predictEtt.assertion.12] wr_request_match: SUCCESS
[_ZN3rbm28activateVisibleUnits_predictEtt.assertion.13] wr_index_match: SUCCESS
[_ZN3rbm28activateVisibleUnits_predictEtt.assertion.14] wr_length_match: SUCCESS
[_ZN3rbm28activateVisibleUnits_predictEtt.assertion.15] data_out_match: SUCCESS
[_ZN3rbm28activateVisibleUnits_predictEtt.assertion.16] upc_match: SUCCESS
[_ZN3rbm28activateVisibleUnits_predictEtt.assertion.17] predict_input_done_match: SUCCESS
[_ZN3rbm28activateVisibleUnits_predictEtt.assertion.18] predict_sum_match: SUCCESS
[_ZN3rbm28activateVisibleUnits_predictEtt.assertion.19] predict_max_match: SUCCESS
[_ZN3rbm28activateVisibleUnits_predictEtt.assertion.20] sumOfpow2_match: SUCCESS
[_ZN3rbm28activateVisibleUnits_predictEtt.assertion.21] per_v_pc_match: SUCCESS
[_ZN3rbm28activateVisibleUnits_predictEtt.assertion.22] jstate_match: SUCCESS
[_ZN3rbm28activateVisibleUnits_predictEtt.assertion.23] predict_upc_match: SUCCESS
[_ZN3rbm28activateVisibleUnits_predictEtt.assertion.24] predict_v_cnt_match: SUCCESS
[_ZN3rbm28activateVisibleUnits_predictEtt.assertion.25] predict_h_cnt_match: SUCCESS
[_ZN3rbm28activateVisibleUnits_predictEtt.assertion.26] data_match: SUCCESS
[_ZN3rbm28activateVisibleUnits_predictEtt.assertion.27] predict_result_match: SUCCESS
[_ZN3rbm28activateVisibleUnits_predictEtt.assertion.28] hidden_unit_match: SUCCESS
[_ZN3rbm28activateVisibleUnits_predictEtt.assertion.29] init_done_match: SUCCESS
[_ZN3rbm28activateVisibleUnits_predictEtt.assertion.30] done_match: SUCCESS
[_ZN3rbm28activateVisibleUnits_predictEtt.assertion.31] num_hidden_match: SUCCESS
[_ZN3rbm28activateVisibleUnits_predictEtt.assertion.32] num_visible_match: SUCCESS
[_ZN3rbm28activateVisibleUnits_predictEtt.assertion.33] num_users_match: SUCCESS
[_ZN3rbm28activateVisibleUnits_predictEtt.assertion.34] num_loops_match: SUCCESS
[_ZN3rbm28activateVisibleUnits_predictEtt.assertion.35] num_testusers_match: SUCCESS
[_ZN3rbm28activateVisibleUnits_predictEtt.assertion.36] num_movies_match: SUCCESS
[_ZN3rbm28activateVisibleUnits_predictEtt.assertion.37] rd_index_match: SUCCESS
[_ZN3rbm28activateVisibleUnits_predictEtt.assertion.38] rd_length_match: SUCCESS
[_ZN3rbm28activateVisibleUnits_predictEtt.assertion.39] rd_request_match: SUCCESS
[_ZN3rbm28activateVisibleUnits_predictEtt.assertion.40] wr_request_match: SUCCESS
[_ZN3rbm28activateVisibleUnits_predictEtt.assertion.41] wr_index_match: SUCCESS
[_ZN3rbm28activateVisibleUnits_predictEtt.assertion.42] wr_length_match: SUCCESS
[_ZN3rbm28activateVisibleUnits_predictEtt.assertion.43] data_out_match: SUCCESS
[_ZN3rbm28activateVisibleUnits_predictEtt.assertion.44] upc_match: SUCCESS
[_ZN3rbm28activateVisibleUnits_predictEtt.assertion.45] predict_input_done_match: SUCCESS
[_ZN3rbm28activateVisibleUnits_predictEtt.assertion.46] predict_sum_match: SUCCESS
[_ZN3rbm28activateVisibleUnits_predictEtt.assertion.47] predict_max_match: SUCCESS
[_ZN3rbm28activateVisibleUnits_predictEtt.assertion.48] sumOfpow2_match: SUCCESS
[_ZN3rbm28activateVisibleUnits_predictEtt.assertion.49] per_v_pc_match: SUCCESS
[_ZN3rbm28activateVisibleUnits_predictEtt.assertion.50] jstate_match: SUCCESS
[_ZN3rbm28activateVisibleUnits_predictEtt.assertion.51] predict_upc_match: SUCCESS
[_ZN3rbm28activateVisibleUnits_predictEtt.assertion.52] predict_v_cnt_match: SUCCESS
[_ZN3rbm28activateVisibleUnits_predictEtt.assertion.53] predict_h_cnt_match: SUCCESS
[_ZN3rbm28activateVisibleUnits_predictEtt.assertion.54] data_match: SUCCESS
[_ZN3rbm28activateVisibleUnits_predictEtt.assertion.55] predict_result_match: SUCCESS
[_ZN3rbm28activateVisibleUnits_predictEtt.assertion.56] hidden_unit_match: SUCCESS
[_ZN3rbm11predict_rbmEv.unwind.0] unwinding assertion loop 0: SUCCESS

** 0 of 57 failed (1 iteration)
VERIFICATION SUCCESSFUL
