~/clang+llvm-2.9-x86_64-linux.tar/bin/clang -S -emit-llvm -I./Cmodel/load_mod -I./VerC -I. vWrapper.cpp
mv vWrapper.s vWrapper.li
~/clang+llvm-2.9-x86_64-linux.tar/bin/llc -march=c -o vWrapper.ci vWrapper.li
mv vWrapper.ci vWrapper.c
python sanitize.py
[Done]
~/cbmc/cbmc --unwind 3 --unwinding-assertions --slice-formula vWrapper.c
CBMC version 5.6 64-bit x86_64 linux
Parsing vWrapper.c
Converting
Type-checking vWrapper
Generating GOTO Program
Adding CPROVER library (x86_64)
Removal of function pointers and virtual functions
Partial Inlining
Generic Property Instrumentation
Starting Bounded Model Checking
Unwinding loop _ZN3rbm4loadEv.0 iteration 1 (3 max) file vWrapper.c line 1704 function _ZN3rbm4loadEv thread 0
Unwinding loop _ZN3rbm4loadEv.0 iteration 2 (3 max) file vWrapper.c line 1704 function _ZN3rbm4loadEv thread 0
Not unwinding loop _ZN3rbm4loadEv.0 iteration 3 (3 max) file vWrapper.c line 1704 function _ZN3rbm4loadEv thread 0
size of program expression: 4838 steps
slicing removed 3601 assignments
Generated 39 VCC(s), 38 remaining after simplification
Passing problem to propositional reduction
converting SSA
Running propositional reduction
Post-processing
Solving with MiniSAT 2.2.1 with simplifier
5269 variables, 46 clauses
SAT checker inconsistent: instance is UNSATISFIABLE
Runtime decision procedure: 0.031s

** Results:
[_ZN3rbm4loadEv.assertion.1] init_done_match: SUCCESS
[_ZN3rbm4loadEv.assertion.2] done_match: SUCCESS
[_ZN3rbm4loadEv.assertion.3] num_hidden_match: SUCCESS
[_ZN3rbm4loadEv.assertion.4] num_visible_match: SUCCESS
[_ZN3rbm4loadEv.assertion.5] num_users_match: SUCCESS
[_ZN3rbm4loadEv.assertion.6] num_loops_match: SUCCESS
[_ZN3rbm4loadEv.assertion.7] num_testusers_match: SUCCESS
[_ZN3rbm4loadEv.assertion.8] num_movies_match: SUCCESS
[_ZN3rbm4loadEv.assertion.9] rd_index_match: SUCCESS
[_ZN3rbm4loadEv.assertion.10] rd_length_match: SUCCESS
[_ZN3rbm4loadEv.assertion.11] rd_request_match: SUCCESS
[_ZN3rbm4loadEv.assertion.12] wr_request_match: SUCCESS
[_ZN3rbm4loadEv.assertion.13] wr_index_match: SUCCESS
[_ZN3rbm4loadEv.assertion.14] wr_length_match: SUCCESS
[_ZN3rbm4loadEv.assertion.15] data_out_match: SUCCESS
[_ZN3rbm4loadEv.assertion.16] rd_complete_match: SUCCESS
[_ZN3rbm4loadEv.assertion.17] i_match: SUCCESS
[_ZN3rbm4loadEv.assertion.18] data_match: SUCCESS
[_ZN3rbm4loadEv.assertion.19] predict_result_match: SUCCESS
[_ZN3rbm4loadEv.assertion.20] ind-inv: SUCCESS
[_ZN3rbm4loadEv.assertion.21] init_done_match: SUCCESS
[_ZN3rbm4loadEv.assertion.22] done_match: SUCCESS
[_ZN3rbm4loadEv.assertion.23] num_hidden_match: SUCCESS
[_ZN3rbm4loadEv.assertion.24] num_visible_match: SUCCESS
[_ZN3rbm4loadEv.assertion.25] num_users_match: SUCCESS
[_ZN3rbm4loadEv.assertion.26] num_loops_match: SUCCESS
[_ZN3rbm4loadEv.assertion.27] num_testusers_match: SUCCESS
[_ZN3rbm4loadEv.assertion.28] num_movies_match: SUCCESS
[_ZN3rbm4loadEv.assertion.29] rd_index_match: SUCCESS
[_ZN3rbm4loadEv.assertion.30] rd_length_match: SUCCESS
[_ZN3rbm4loadEv.assertion.31] rd_request_match: SUCCESS
[_ZN3rbm4loadEv.assertion.32] wr_request_match: SUCCESS
[_ZN3rbm4loadEv.assertion.33] wr_index_match: SUCCESS
[_ZN3rbm4loadEv.assertion.34] wr_length_match: SUCCESS
[_ZN3rbm4loadEv.assertion.35] data_out_match: SUCCESS
[_ZN3rbm4loadEv.assertion.36] rd_complete_match: SUCCESS
[_ZN3rbm4loadEv.assertion.37] data_match: SUCCESS
[_ZN3rbm4loadEv.assertion.38] predict_result_match: SUCCESS
[_ZN3rbm4loadEv.unwind.0] unwinding assertion loop 0: SUCCESS

** 0 of 39 failed (1 iteration)
VERIFICATION SUCCESSFUL
