~/clang+llvm-2.9-x86_64-linux.tar/bin/clang -S -emit-llvm -I./Cmodel/train_mod -I./VerC -I. vWrapper.cpp
mv vWrapper.s vWrapper.li
~/clang+llvm-2.9-x86_64-linux.tar/bin/llc -march=c -o vWrapper.ci vWrapper.li
mv vWrapper.ci vWrapper.c
python sanitize.py
[Done]
~/cbmc/cbmc --unwind 3 --unwinding-assertions --slice-formula vWrapper.c
CBMC version 5.6 64-bit x86_64 linux
Parsing vWrapper.c
Converting
Type-checking vWrapper
Generating GOTO Program
Adding CPROVER library (x86_64)
Removal of function pointers and virtual functions
Partial Inlining
Generic Property Instrumentation
Starting Bounded Model Checking
Unwinding loop _ZN3rbm9train_rbmEv.0 iteration 1 (3 max) file vWrapper.c line 10246 function _ZN3rbm9train_rbmEv thread 0
Unwinding loop _ZN3rbm9train_rbmEv.0 iteration 2 (3 max) file vWrapper.c line 10246 function _ZN3rbm9train_rbmEv thread 0
Not unwinding loop _ZN3rbm9train_rbmEv.0 iteration 3 (3 max) file vWrapper.c line 10246 function _ZN3rbm9train_rbmEv thread 0
size of program expression: 9884 steps
slicing removed 7736 assignments
Generated 33 VCC(s), 33 remaining after simplification
Passing problem to propositional reduction
converting SSA
Running propositional reduction
Post-processing
Solving with MiniSAT 2.2.1 with simplifier
574056 variables, 127453 clauses
SAT checker: instance is UNSATISFIABLE
Runtime decision procedure: 0.421s

** Results:
[_Z10to_int_expl.assertion.1] test3: SUCCESS
[_ZN3rbm26activateVisibleUnits_trainEtt.assertion.1] init_done_match: SUCCESS
[_ZN3rbm26activateVisibleUnits_trainEtt.assertion.2] done_match: SUCCESS
[_ZN3rbm26activateVisibleUnits_trainEtt.assertion.3] num_hidden_match: SUCCESS
[_ZN3rbm26activateVisibleUnits_trainEtt.assertion.4] num_visible_match: SUCCESS
[_ZN3rbm26activateVisibleUnits_trainEtt.assertion.5] num_users_match: SUCCESS
[_ZN3rbm26activateVisibleUnits_trainEtt.assertion.6] num_loops_match: SUCCESS
[_ZN3rbm26activateVisibleUnits_trainEtt.assertion.7] num_testusers_match: SUCCESS
[_ZN3rbm26activateVisibleUnits_trainEtt.assertion.8] num_movies_match: SUCCESS
[_ZN3rbm26activateVisibleUnits_trainEtt.assertion.9] rd_index_match: SUCCESS
[_ZN3rbm26activateVisibleUnits_trainEtt.assertion.10] rd_length_match: SUCCESS
[_ZN3rbm26activateVisibleUnits_trainEtt.assertion.11] rd_request_match: SUCCESS
[_ZN3rbm26activateVisibleUnits_trainEtt.assertion.12] wr_request_match: SUCCESS
[_ZN3rbm26activateVisibleUnits_trainEtt.assertion.13] wr_index_match: SUCCESS
[_ZN3rbm26activateVisibleUnits_trainEtt.assertion.14] wr_length_match: SUCCESS
[_ZN3rbm26activateVisibleUnits_trainEtt.assertion.15] data_out_match: SUCCESS
[_ZN3rbm26activateVisibleUnits_trainEtt.assertion.16] upc_match: SUCCESS
[_ZN3rbm26activateVisibleUnits_trainEtt.assertion.17] train_input_done_match: SUCCESS
[_ZN3rbm26activateVisibleUnits_trainEtt.assertion.18] train_sum_match: SUCCESS
[_ZN3rbm26activateVisibleUnits_trainEtt.assertion.19] train_max_match: SUCCESS
[_ZN3rbm26activateVisibleUnits_trainEtt.assertion.20] sumOfpow2_match: SUCCESS
[_ZN3rbm26activateVisibleUnits_trainEtt.assertion.21] jstate_match: SUCCESS
[_ZN3rbm26activateVisibleUnits_trainEtt.assertion.22] per_v_pc_match: SUCCESS
[_ZN3rbm26activateVisibleUnits_trainEtt.assertion.23] train_upc_match: SUCCESS
[_ZN3rbm26activateVisibleUnits_trainEtt.assertion.24] train_v_cnt_match: SUCCESS
[_ZN3rbm26activateVisibleUnits_trainEtt.assertion.25] train_h_cnt_match: SUCCESS
[_ZN3rbm26activateVisibleUnits_trainEtt.assertion.26] data_match: SUCCESS
[_ZN3rbm26activateVisibleUnits_trainEtt.assertion.27] predict_result_match: SUCCESS
[_ZN3rbm26activateVisibleUnits_trainEtt.assertion.28] hidden_unit_match: SUCCESS
[_ZN3rbm26activateVisibleUnits_trainEtt.assertion.29] visible_unit_match: SUCCESS
[_ZN3rbm26activateVisibleUnits_trainEtt.assertion.30] pos_match: SUCCESS
[_ZN3rbm26activateVisibleUnits_trainEtt.assertion.31] ind-inv: SUCCESS
[_ZN3rbm26activateVisibleUnits_trainEtt.assertion.32] init_done_match: SUCCESS
[_ZN3rbm26activateVisibleUnits_trainEtt.assertion.33] done_match: SUCCESS
[_ZN3rbm26activateVisibleUnits_trainEtt.assertion.34] num_hidden_match: SUCCESS
[_ZN3rbm26activateVisibleUnits_trainEtt.assertion.35] num_visible_match: SUCCESS
[_ZN3rbm26activateVisibleUnits_trainEtt.assertion.36] num_users_match: SUCCESS
[_ZN3rbm26activateVisibleUnits_trainEtt.assertion.37] num_loops_match: SUCCESS
[_ZN3rbm26activateVisibleUnits_trainEtt.assertion.38] num_testusers_match: SUCCESS
[_ZN3rbm26activateVisibleUnits_trainEtt.assertion.39] num_movies_match: SUCCESS
[_ZN3rbm26activateVisibleUnits_trainEtt.assertion.40] rd_index_match: SUCCESS
[_ZN3rbm26activateVisibleUnits_trainEtt.assertion.41] rd_length_match: SUCCESS
[_ZN3rbm26activateVisibleUnits_trainEtt.assertion.42] rd_request_match: SUCCESS
[_ZN3rbm26activateVisibleUnits_trainEtt.assertion.43] wr_request_match: SUCCESS
[_ZN3rbm26activateVisibleUnits_trainEtt.assertion.44] wr_index_match: SUCCESS
[_ZN3rbm26activateVisibleUnits_trainEtt.assertion.45] wr_length_match: SUCCESS
[_ZN3rbm26activateVisibleUnits_trainEtt.assertion.46] data_out_match: SUCCESS
[_ZN3rbm26activateVisibleUnits_trainEtt.assertion.47] upc_match: SUCCESS
[_ZN3rbm26activateVisibleUnits_trainEtt.assertion.48] train_input_done_match: SUCCESS
[_ZN3rbm26activateVisibleUnits_trainEtt.assertion.49] train_sum_match: SUCCESS
[_ZN3rbm26activateVisibleUnits_trainEtt.assertion.50] train_max_match: SUCCESS
[_ZN3rbm26activateVisibleUnits_trainEtt.assertion.51] sumOfpow2_match: SUCCESS
[_ZN3rbm26activateVisibleUnits_trainEtt.assertion.52] jstate_match: SUCCESS
[_ZN3rbm26activateVisibleUnits_trainEtt.assertion.53] per_v_pc_match: SUCCESS
[_ZN3rbm26activateVisibleUnits_trainEtt.assertion.54] train_upc_match: SUCCESS
[_ZN3rbm26activateVisibleUnits_trainEtt.assertion.55] train_v_cnt_match: SUCCESS
[_ZN3rbm26activateVisibleUnits_trainEtt.assertion.56] train_h_cnt_match: SUCCESS
[_ZN3rbm26activateVisibleUnits_trainEtt.assertion.57] data_match: SUCCESS
[_ZN3rbm26activateVisibleUnits_trainEtt.assertion.58] predict_result_match: SUCCESS
[_ZN3rbm26activateVisibleUnits_trainEtt.assertion.59] hidden_unit_match: SUCCESS
[_ZN3rbm26activateVisibleUnits_trainEtt.assertion.60] visible_unit_match: SUCCESS
[_ZN3rbm26activateVisibleUnits_trainEtt.assertion.61] pos_match: SUCCESS
[_ZN3rbm9train_rbmEv.unwind.0] unwinding assertion loop 0: SUCCESS

** 0 of 63 failed (1 iteration)
VERIFICATION SUCCESSFUL
