~/clang+llvm-2.9-x86_64-linux.tar/bin/clang -S -emit-llvm -I./Cmodel/train_mod -I./VerC -I. vWrapper.cpp
mv vWrapper.s vWrapper.li
~/clang+llvm-2.9-x86_64-linux.tar/bin/llc -march=c -o vWrapper.ci vWrapper.li
mv vWrapper.ci vWrapper.c
python sanitize.py
[Done]
~/cbmc/cbmc --unwind 3 --unwinding-assertions --slice-formula vWrapper.c
CBMC version 5.6 64-bit x86_64 linux
Parsing vWrapper.c
Converting
Type-checking vWrapper
Generating GOTO Program
Adding CPROVER library (x86_64)
Removal of function pointers and virtual functions
Partial Inlining
Generic Property Instrumentation
Starting Bounded Model Checking
Unwinding loop _ZN3rbm9train_rbmEv.0 iteration 1 (3 max) file vWrapper.c line 10127 function _ZN3rbm9train_rbmEv thread 0
Unwinding loop _ZN3rbm9train_rbmEv.0 iteration 2 (3 max) file vWrapper.c line 10127 function _ZN3rbm9train_rbmEv thread 0
Not unwinding loop _ZN3rbm9train_rbmEv.0 iteration 3 (3 max) file vWrapper.c line 10127 function _ZN3rbm9train_rbmEv thread 0
Unwinding loop _ZN3rbm25activateHiddenUnits_trainEbtt.8 iteration 1 (3 max) file vWrapper.c line 10751 function _ZN3rbm25activateHiddenUnits_trainEbtt thread 0
Unwinding loop _ZN3rbm25activateHiddenUnits_trainEbtt.5 iteration 1 (3 max) file vWrapper.c line 10623 function _ZN3rbm25activateHiddenUnits_trainEbtt thread 0
Unwinding loop _ZN3rbm25activateHiddenUnits_trainEbtt.4 iteration 1 (3 max) file vWrapper.c line 10614 function _ZN3rbm25activateHiddenUnits_trainEbtt thread 0
Unwinding loop _ZN3rbm25activateHiddenUnits_trainEbtt.3 iteration 1 (3 max) file vWrapper.c line 10599 function _ZN3rbm25activateHiddenUnits_trainEbtt thread 0
Unwinding loop _ZN3rbm25activateHiddenUnits_trainEbtt.2 iteration 1 (3 max) file vWrapper.c line 10592 function _ZN3rbm25activateHiddenUnits_trainEbtt thread 0
Unwinding loop _ZN3rbm25activateHiddenUnits_trainEbtt.1 iteration 1 (3 max) file vWrapper.c line 10579 function _ZN3rbm25activateHiddenUnits_trainEbtt thread 0
Unwinding loop _ZN3rbm25activateHiddenUnits_trainEbtt.0 iteration 1 (3 max) file vWrapper.c line 10571 function _ZN3rbm25activateHiddenUnits_trainEbtt thread 0
Unwinding loop _ZN3rbm25activateHiddenUnits_trainEbtt.5 iteration 2 (3 max) file vWrapper.c line 10623 function _ZN3rbm25activateHiddenUnits_trainEbtt thread 0
Unwinding loop _ZN3rbm25activateHiddenUnits_trainEbtt.4 iteration 1 (3 max) file vWrapper.c line 10614 function _ZN3rbm25activateHiddenUnits_trainEbtt thread 0
Unwinding loop _ZN3rbm25activateHiddenUnits_trainEbtt.3 iteration 1 (3 max) file vWrapper.c line 10599 function _ZN3rbm25activateHiddenUnits_trainEbtt thread 0
Unwinding loop _ZN3rbm25activateHiddenUnits_trainEbtt.2 iteration 1 (3 max) file vWrapper.c line 10592 function _ZN3rbm25activateHiddenUnits_trainEbtt thread 0
Unwinding loop _ZN3rbm25activateHiddenUnits_trainEbtt.1 iteration 1 (3 max) file vWrapper.c line 10579 function _ZN3rbm25activateHiddenUnits_trainEbtt thread 0
Unwinding loop _ZN3rbm25activateHiddenUnits_trainEbtt.0 iteration 1 (3 max) file vWrapper.c line 10571 function _ZN3rbm25activateHiddenUnits_trainEbtt thread 0
Not unwinding loop _ZN3rbm25activateHiddenUnits_trainEbtt.5 iteration 3 (3 max) file vWrapper.c line 10623 function _ZN3rbm25activateHiddenUnits_trainEbtt thread 0
Unwinding loop _ZN3rbm25activateHiddenUnits_trainEbtt.6 iteration 1 (3 max) file vWrapper.c line 10630 function _ZN3rbm25activateHiddenUnits_trainEbtt thread 0
Unwinding loop _ZN3rbm25activateHiddenUnits_trainEbtt.2 iteration 1 (3 max) file vWrapper.c line 10592 function _ZN3rbm25activateHiddenUnits_trainEbtt thread 0
Unwinding loop _ZN3rbm25activateHiddenUnits_trainEbtt.1 iteration 1 (3 max) file vWrapper.c line 10579 function _ZN3rbm25activateHiddenUnits_trainEbtt thread 0
Unwinding loop _ZN3rbm25activateHiddenUnits_trainEbtt.0 iteration 1 (3 max) file vWrapper.c line 10571 function _ZN3rbm25activateHiddenUnits_trainEbtt thread 0
Unwinding loop _ZN3rbm25activateHiddenUnits_trainEbtt.5 iteration 1 (3 max) file vWrapper.c line 10623 function _ZN3rbm25activateHiddenUnits_trainEbtt thread 0
Unwinding loop _ZN3rbm25activateHiddenUnits_trainEbtt.4 iteration 1 (3 max) file vWrapper.c line 10614 function _ZN3rbm25activateHiddenUnits_trainEbtt thread 0
Unwinding loop _ZN3rbm25activateHiddenUnits_trainEbtt.3 iteration 1 (3 max) file vWrapper.c line 10599 function _ZN3rbm25activateHiddenUnits_trainEbtt thread 0
Unwinding loop _ZN3rbm25activateHiddenUnits_trainEbtt.2 iteration 1 (3 max) file vWrapper.c line 10592 function _ZN3rbm25activateHiddenUnits_trainEbtt thread 0
Unwinding loop _ZN3rbm25activateHiddenUnits_trainEbtt.1 iteration 1 (3 max) file vWrapper.c line 10579 function _ZN3rbm25activateHiddenUnits_trainEbtt thread 0
Unwinding loop _ZN3rbm25activateHiddenUnits_trainEbtt.0 iteration 1 (3 max) file vWrapper.c line 10571 function _ZN3rbm25activateHiddenUnits_trainEbtt thread 0
Unwinding loop _ZN3rbm25activateHiddenUnits_trainEbtt.5 iteration 2 (3 max) file vWrapper.c line 10623 function _ZN3rbm25activateHiddenUnits_trainEbtt thread 0
Unwinding loop _ZN3rbm25activateHiddenUnits_trainEbtt.4 iteration 1 (3 max) file vWrapper.c line 10614 function _ZN3rbm25activateHiddenUnits_trainEbtt thread 0
Unwinding loop _ZN3rbm25activateHiddenUnits_trainEbtt.3 iteration 1 (3 max) file vWrapper.c line 10599 function _ZN3rbm25activateHiddenUnits_trainEbtt thread 0
Unwinding loop _ZN3rbm25activateHiddenUnits_trainEbtt.2 iteration 1 (3 max) file vWrapper.c line 10592 function _ZN3rbm25activateHiddenUnits_trainEbtt thread 0
Unwinding loop _ZN3rbm25activateHiddenUnits_trainEbtt.1 iteration 1 (3 max) file vWrapper.c line 10579 function _ZN3rbm25activateHiddenUnits_trainEbtt thread 0
Unwinding loop _ZN3rbm25activateHiddenUnits_trainEbtt.0 iteration 1 (3 max) file vWrapper.c line 10571 function _ZN3rbm25activateHiddenUnits_trainEbtt thread 0
Not unwinding loop _ZN3rbm25activateHiddenUnits_trainEbtt.5 iteration 3 (3 max) file vWrapper.c line 10623 function _ZN3rbm25activateHiddenUnits_trainEbtt thread 0
Unwinding loop _ZN3rbm25activateHiddenUnits_trainEbtt.6 iteration 2 (3 max) file vWrapper.c line 10630 function _ZN3rbm25activateHiddenUnits_trainEbtt thread 0
Unwinding loop _ZN3rbm25activateHiddenUnits_trainEbtt.2 iteration 1 (3 max) file vWrapper.c line 10592 function _ZN3rbm25activateHiddenUnits_trainEbtt thread 0
Unwinding loop _ZN3rbm25activateHiddenUnits_trainEbtt.1 iteration 1 (3 max) file vWrapper.c line 10579 function _ZN3rbm25activateHiddenUnits_trainEbtt thread 0
Unwinding loop _ZN3rbm25activateHiddenUnits_trainEbtt.0 iteration 1 (3 max) file vWrapper.c line 10571 function _ZN3rbm25activateHiddenUnits_trainEbtt thread 0
Unwinding loop _ZN3rbm25activateHiddenUnits_trainEbtt.5 iteration 1 (3 max) file vWrapper.c line 10623 function _ZN3rbm25activateHiddenUnits_trainEbtt thread 0
Unwinding loop _ZN3rbm25activateHiddenUnits_trainEbtt.4 iteration 1 (3 max) file vWrapper.c line 10614 function _ZN3rbm25activateHiddenUnits_trainEbtt thread 0
Unwinding loop _ZN3rbm25activateHiddenUnits_trainEbtt.3 iteration 1 (3 max) file vWrapper.c line 10599 function _ZN3rbm25activateHiddenUnits_trainEbtt thread 0
Unwinding loop _ZN3rbm25activateHiddenUnits_trainEbtt.2 iteration 1 (3 max) file vWrapper.c line 10592 function _ZN3rbm25activateHiddenUnits_trainEbtt thread 0
Unwinding loop _ZN3rbm25activateHiddenUnits_trainEbtt.1 iteration 1 (3 max) file vWrapper.c line 10579 function _ZN3rbm25activateHiddenUnits_trainEbtt thread 0
Unwinding loop _ZN3rbm25activateHiddenUnits_trainEbtt.0 iteration 1 (3 max) file vWrapper.c line 10571 function _ZN3rbm25activateHiddenUnits_trainEbtt thread 0
Unwinding loop _ZN3rbm25activateHiddenUnits_trainEbtt.5 iteration 2 (3 max) file vWrapper.c line 10623 function _ZN3rbm25activateHiddenUnits_trainEbtt thread 0
Unwinding loop _ZN3rbm25activateHiddenUnits_trainEbtt.4 iteration 1 (3 max) file vWrapper.c line 10614 function _ZN3rbm25activateHiddenUnits_trainEbtt thread 0
Unwinding loop _ZN3rbm25activateHiddenUnits_trainEbtt.3 iteration 1 (3 max) file vWrapper.c line 10599 function _ZN3rbm25activateHiddenUnits_trainEbtt thread 0
Unwinding loop _ZN3rbm25activateHiddenUnits_trainEbtt.2 iteration 1 (3 max) file vWrapper.c line 10592 function _ZN3rbm25activateHiddenUnits_trainEbtt thread 0
Unwinding loop _ZN3rbm25activateHiddenUnits_trainEbtt.1 iteration 1 (3 max) file vWrapper.c line 10579 function _ZN3rbm25activateHiddenUnits_trainEbtt thread 0
Unwinding loop _ZN3rbm25activateHiddenUnits_trainEbtt.0 iteration 1 (3 max) file vWrapper.c line 10571 function _ZN3rbm25activateHiddenUnits_trainEbtt thread 0
Not unwinding loop _ZN3rbm25activateHiddenUnits_trainEbtt.5 iteration 3 (3 max) file vWrapper.c line 10623 function _ZN3rbm25activateHiddenUnits_trainEbtt thread 0
Not unwinding loop _ZN3rbm25activateHiddenUnits_trainEbtt.6 iteration 3 (3 max) file vWrapper.c line 10630 function _ZN3rbm25activateHiddenUnits_trainEbtt thread 0
size of program expression: 19113 steps
slicing removed 15618 assignments
Generated 58 VCC(s), 58 remaining after simplification
Passing problem to propositional reduction
converting SSA
Running propositional reduction
Post-processing
Solving with MiniSAT 2.2.1 with simplifier
11337338 variables, 42406521 clauses
SAT checker inconsistent: instance is UNSATISFIABLE
Runtime decision procedure: 11.565s

** Results:
[_ZN3rbm25activateHiddenUnits_trainEbtt.assertion.1] init_done_match: SUCCESS
[_ZN3rbm25activateHiddenUnits_trainEbtt.assertion.2] done_match: SUCCESS
[_ZN3rbm25activateHiddenUnits_trainEbtt.assertion.3] num_hidden_match: SUCCESS
[_ZN3rbm25activateHiddenUnits_trainEbtt.assertion.4] num_visible_match: SUCCESS
[_ZN3rbm25activateHiddenUnits_trainEbtt.assertion.5] num_users_match: SUCCESS
[_ZN3rbm25activateHiddenUnits_trainEbtt.assertion.6] num_loops_match: SUCCESS
[_ZN3rbm25activateHiddenUnits_trainEbtt.assertion.7] num_testusers_match: SUCCESS
[_ZN3rbm25activateHiddenUnits_trainEbtt.assertion.8] num_movies_match: SUCCESS
[_ZN3rbm25activateHiddenUnits_trainEbtt.assertion.9] rd_index_match: SUCCESS
[_ZN3rbm25activateHiddenUnits_trainEbtt.assertion.10] rd_length_match: SUCCESS
[_ZN3rbm25activateHiddenUnits_trainEbtt.assertion.11] rd_request_match: SUCCESS
[_ZN3rbm25activateHiddenUnits_trainEbtt.assertion.12] wr_request_match: SUCCESS
[_ZN3rbm25activateHiddenUnits_trainEbtt.assertion.13] wr_index_match: SUCCESS
[_ZN3rbm25activateHiddenUnits_trainEbtt.assertion.14] wr_length_match: SUCCESS
[_ZN3rbm25activateHiddenUnits_trainEbtt.assertion.15] data_out_match: SUCCESS
[_ZN3rbm25activateHiddenUnits_trainEbtt.assertion.16] upc_match: SUCCESS
[_ZN3rbm25activateHiddenUnits_trainEbtt.assertion.17] train_input_done_match: SUCCESS
[_ZN3rbm25activateHiddenUnits_trainEbtt.assertion.18] per_v_pc_match: SUCCESS
[_ZN3rbm25activateHiddenUnits_trainEbtt.assertion.19] train_upc_match: SUCCESS
[_ZN3rbm25activateHiddenUnits_trainEbtt.assertion.20] train_v_cnt_match: SUCCESS
[_ZN3rbm25activateHiddenUnits_trainEbtt.assertion.21] train_h_cnt_match: SUCCESS
[_ZN3rbm25activateHiddenUnits_trainEbtt.assertion.22] data_match: SUCCESS
[_ZN3rbm25activateHiddenUnits_trainEbtt.assertion.23] predict_result_match: SUCCESS
[_ZN3rbm25activateHiddenUnits_trainEbtt.assertion.24] hidden_unit_match: SUCCESS
[_ZN3rbm25activateHiddenUnits_trainEbtt.assertion.25] visible_unit_match: SUCCESS
[_ZN3rbm25activateHiddenUnits_trainEbtt.assertion.26] pos_match: SUCCESS
[_ZN3rbm25activateHiddenUnits_trainEbtt.assertion.27] ind-inv: SUCCESS
[_ZN3rbm25activateHiddenUnits_trainEbtt.assertion.28] init_done_match: SUCCESS
[_ZN3rbm25activateHiddenUnits_trainEbtt.assertion.29] done_match: SUCCESS
[_ZN3rbm25activateHiddenUnits_trainEbtt.assertion.30] num_hidden_match: SUCCESS
[_ZN3rbm25activateHiddenUnits_trainEbtt.assertion.31] num_visible_match: SUCCESS
[_ZN3rbm25activateHiddenUnits_trainEbtt.assertion.32] num_users_match: SUCCESS
[_ZN3rbm25activateHiddenUnits_trainEbtt.assertion.33] num_loops_match: SUCCESS
[_ZN3rbm25activateHiddenUnits_trainEbtt.assertion.34] num_testusers_match: SUCCESS
[_ZN3rbm25activateHiddenUnits_trainEbtt.assertion.35] num_movies_match: SUCCESS
[_ZN3rbm25activateHiddenUnits_trainEbtt.assertion.36] rd_index_match: SUCCESS
[_ZN3rbm25activateHiddenUnits_trainEbtt.assertion.37] rd_length_match: SUCCESS
[_ZN3rbm25activateHiddenUnits_trainEbtt.assertion.38] rd_request_match: SUCCESS
[_ZN3rbm25activateHiddenUnits_trainEbtt.assertion.39] wr_request_match: SUCCESS
[_ZN3rbm25activateHiddenUnits_trainEbtt.assertion.40] wr_index_match: SUCCESS
[_ZN3rbm25activateHiddenUnits_trainEbtt.assertion.41] wr_length_match: SUCCESS
[_ZN3rbm25activateHiddenUnits_trainEbtt.assertion.42] data_out_match: SUCCESS
[_ZN3rbm25activateHiddenUnits_trainEbtt.assertion.43] upc_match: SUCCESS
[_ZN3rbm25activateHiddenUnits_trainEbtt.assertion.44] train_input_done_match: SUCCESS
[_ZN3rbm25activateHiddenUnits_trainEbtt.assertion.45] per_v_pc_match: SUCCESS
[_ZN3rbm25activateHiddenUnits_trainEbtt.assertion.46] train_upc_match: SUCCESS
[_ZN3rbm25activateHiddenUnits_trainEbtt.assertion.47] train_v_cnt_match: SUCCESS
[_ZN3rbm25activateHiddenUnits_trainEbtt.assertion.48] train_h_cnt_match: SUCCESS
[_ZN3rbm25activateHiddenUnits_trainEbtt.assertion.49] data_match: SUCCESS
[_ZN3rbm25activateHiddenUnits_trainEbtt.assertion.50] predict_result_match: SUCCESS
[_ZN3rbm25activateHiddenUnits_trainEbtt.assertion.51] hidden_unit_match: SUCCESS
[_ZN3rbm25activateHiddenUnits_trainEbtt.assertion.52] visible_unit_match: SUCCESS
[_ZN3rbm25activateHiddenUnits_trainEbtt.assertion.53] pos_match: SUCCESS
[_ZN3rbm9train_rbmEv.unwind.0] unwinding assertion loop 0: SUCCESS
[_ZN3rbm25activateHiddenUnits_trainEbtt.unwind.5] unwinding assertion loop 5: SUCCESS
[_ZN3rbm25activateHiddenUnits_trainEbtt.unwind.6] unwinding assertion loop 6: SUCCESS

** 0 of 56 failed (1 iteration)
VERIFICATION SUCCESSFUL
