reuseModels: 1
decode: (eq sha_state 0x1)
sha_state: (eq sha_state 0x1) -> 0x2
decode: (eq sha_state 0x2)
sha_state: (eq sha_state 0x2) -> 0x3
decode: (eq sha_state 0x3)
sha_state: (eq sha_state 0x3) -> (if (ult sha_bytes_read sha_len) 0x1 0x4)
decode: (eq sha_state 0x4)
sha_state: (eq sha_state 0x4) -> 0x0
sha_state: (if (eq sha_state 0x4) 0x0 (if (eq sha_state 0x3) (if (ult sha_bytes_read sha_len) 0x1 0x4) (if (eq sha_state 0x2) 0x3 (if (eq sha_state 0x1) 0x2 sha_state))))
reuseModels: 0x1
decode: (eq sha_state 0x1)
sha_bytes_read: (eq sha_state 0x1) -> (+ sha_bytes_read 0x40)
decode: (eq sha_state 0x2)
sha_bytes_read: (eq sha_state 0x2) -> sha_bytes_read
decode: (eq sha_state 0x3)
sha_bytes_read: (eq sha_state 0x3) -> sha_bytes_read
decode: (eq sha_state 0x4)
sha_bytes_read: (eq sha_state 0x4) -> sha_bytes_read
sha_bytes_read: (if (eq sha_state 0x1) (+ sha_bytes_read 0x40) sha_bytes_read)
reuseModels: 0x1
decode: (eq sha_state 0x1)
sha_rd_data: (eq sha_state 0x1) -> (read-block XRAM (+ sha_rdaddr sha_bytes_read) #0x40 #0x2)
decode: (eq sha_state 0x2)
sha_rd_data: (eq sha_state 0x2) -> sha_rd_data
decode: (eq sha_state 0x3)
sha_rd_data: (eq sha_state 0x3) -> sha_rd_data
decode: (eq sha_state 0x4)
sha_rd_data: (eq sha_state 0x4) -> sha_rd_data
sha_rd_data: (if (eq sha_state 0x1) (read-block XRAM (+ sha_rdaddr sha_bytes_read) #0x40 #0x2) sha_rd_data)
reuseModels: 0x1
decode: (eq sha_state 0x1)
sha_hs_data: (eq sha_state 0x1) -> sha_hs_data
decode: (eq sha_state 0x2)
sha_hs_data: (eq sha_state 0x2) -> sha_hs_data
decode: (eq sha_state 0x3)
sha_hs_data: (eq sha_state 0x3) -> (apply_fun sha sha_rd_data)
decode: (eq sha_state 0x4)
sha_hs_data: (eq sha_state 0x4) -> sha_hs_data
sha_hs_data: (if (eq sha_state 0x3) (apply_fun sha sha_rd_data) sha_hs_data)
reuseModels: 0x1
decode: (eq sha_state 0x1)
XRAM: (eq sha_state 0x1) -> XRAM
decode: (eq sha_state 0x2)
XRAM: (eq sha_state 0x2) -> XRAM
decode: (eq sha_state 0x3)
XRAM: (eq sha_state 0x3) -> XRAM
decode: (eq sha_state 0x4)
XRAM: (eq sha_state 0x4) -> (storeblock XRAM sha_wraddr sha_hs_data #big-endian)
XRAM: (ite (eq sha_state 0x4) (storeblock XRAM sha_wraddr sha_hs_data #big-endian) XRAM)
reuseModels: 0
decode: (and (and (eq sha_state 0x0) (eq cmd 0x1)) (eq cmdaddr 0xFE00))
sha_state: (and (and (eq sha_state 0x0) (eq cmd 0x1)) (eq cmdaddr 0xFE00)) -> sha_state
decode: (and (and (eq sha_state 0x1) (eq cmd 0x1)) (eq cmdaddr 0xFE00))
sha_state: (and (and (eq sha_state 0x1) (eq cmd 0x1)) (eq cmdaddr 0xFE00)) -> sha_state
decode: (and (and (eq sha_state 0x2) (eq cmd 0x1)) (eq cmdaddr 0xFE00))
sha_state: (and (and (eq sha_state 0x2) (eq cmd 0x1)) (eq cmdaddr 0xFE00)) -> sha_state
decode: (and (and (eq sha_state 0x3) (eq cmd 0x1)) (eq cmdaddr 0xFE00))
sha_state: (and (and (eq sha_state 0x3) (eq cmd 0x1)) (eq cmdaddr 0xFE00)) -> sha_state
decode: (and (and (eq sha_state 0x4) (eq cmd 0x1)) (eq cmdaddr 0xFE00))
sha_state: (and (and (eq sha_state 0x4) (eq cmd 0x1)) (eq cmdaddr 0xFE00)) -> sha_state
decode: (and (and (eq sha_state 0x0) (eq cmd 0x1)) (eq cmdaddr 0xFE01))
sha_state: (and (and (eq sha_state 0x0) (eq cmd 0x1)) (eq cmdaddr 0xFE01)) -> sha_state
decode: (and (and (eq sha_state 0x1) (eq cmd 0x1)) (eq cmdaddr 0xFE01))
sha_state: (and (and (eq sha_state 0x1) (eq cmd 0x1)) (eq cmdaddr 0xFE01)) -> sha_state
decode: (and (and (eq sha_state 0x2) (eq cmd 0x1)) (eq cmdaddr 0xFE01))
sha_state: (and (and (eq sha_state 0x2) (eq cmd 0x1)) (eq cmdaddr 0xFE01)) -> sha_state
decode: (and (and (eq sha_state 0x3) (eq cmd 0x1)) (eq cmdaddr 0xFE01))
sha_state: (and (and (eq sha_state 0x3) (eq cmd 0x1)) (eq cmdaddr 0xFE01)) -> sha_state
decode: (and (and (eq sha_state 0x4) (eq cmd 0x1)) (eq cmdaddr 0xFE01))
sha_state: (and (and (eq sha_state 0x4) (eq cmd 0x1)) (eq cmdaddr 0xFE01)) -> sha_state
decode: (and (and (eq sha_state 0x0) (eq cmd 0x1)) (eq cmdaddr 0xFE02))
sha_state: (and (and (eq sha_state 0x0) (eq cmd 0x1)) (eq cmdaddr 0xFE02)) -> sha_state
decode: (and (and (eq sha_state 0x1) (eq cmd 0x1)) (eq cmdaddr 0xFE02))
sha_state: (and (and (eq sha_state 0x1) (eq cmd 0x1)) (eq cmdaddr 0xFE02)) -> sha_state
decode: (and (and (eq sha_state 0x2) (eq cmd 0x1)) (eq cmdaddr 0xFE02))
sha_state: (and (and (eq sha_state 0x2) (eq cmd 0x1)) (eq cmdaddr 0xFE02)) -> sha_state
decode: (and (and (eq sha_state 0x3) (eq cmd 0x1)) (eq cmdaddr 0xFE02))
sha_state: (and (and (eq sha_state 0x3) (eq cmd 0x1)) (eq cmdaddr 0xFE02)) -> sha_state
decode: (and (and (eq sha_state 0x4) (eq cmd 0x1)) (eq cmdaddr 0xFE02))
sha_state: (and (and (eq sha_state 0x4) (eq cmd 0x1)) (eq cmdaddr 0xFE02)) -> sha_state
decode: (and (and (eq sha_state 0x0) (eq cmd 0x1)) (eq cmdaddr 0xFE03))
sha_state: (and (and (eq sha_state 0x0) (eq cmd 0x1)) (eq cmdaddr 0xFE03)) -> sha_state
decode: (and (and (eq sha_state 0x1) (eq cmd 0x1)) (eq cmdaddr 0xFE03))
sha_state: (and (and (eq sha_state 0x1) (eq cmd 0x1)) (eq cmdaddr 0xFE03)) -> sha_state
decode: (and (and (eq sha_state 0x2) (eq cmd 0x1)) (eq cmdaddr 0xFE03))
sha_state: (and (and (eq sha_state 0x2) (eq cmd 0x1)) (eq cmdaddr 0xFE03)) -> sha_state
decode: (and (and (eq sha_state 0x3) (eq cmd 0x1)) (eq cmdaddr 0xFE03))
sha_state: (and (and (eq sha_state 0x3) (eq cmd 0x1)) (eq cmdaddr 0xFE03)) -> sha_state
decode: (and (and (eq sha_state 0x4) (eq cmd 0x1)) (eq cmdaddr 0xFE03))
sha_state: (and (and (eq sha_state 0x4) (eq cmd 0x1)) (eq cmdaddr 0xFE03)) -> sha_state
decode: (and (and (eq sha_state 0x0) (eq cmd 0x1)) (eq cmdaddr 0xFE04))
sha_state: (and (and (eq sha_state 0x0) (eq cmd 0x1)) (eq cmdaddr 0xFE04)) -> sha_state
decode: (and (and (eq sha_state 0x1) (eq cmd 0x1)) (eq cmdaddr 0xFE04))
sha_state: (and (and (eq sha_state 0x1) (eq cmd 0x1)) (eq cmdaddr 0xFE04)) -> sha_state
decode: (and (and (eq sha_state 0x2) (eq cmd 0x1)) (eq cmdaddr 0xFE04))
sha_state: (and (and (eq sha_state 0x2) (eq cmd 0x1)) (eq cmdaddr 0xFE04)) -> sha_state
decode: (and (and (eq sha_state 0x3) (eq cmd 0x1)) (eq cmdaddr 0xFE04))
sha_state: (and (and (eq sha_state 0x3) (eq cmd 0x1)) (eq cmdaddr 0xFE04)) -> sha_state
decode: (and (and (eq sha_state 0x4) (eq cmd 0x1)) (eq cmdaddr 0xFE04))
sha_state: (and (and (eq sha_state 0x4) (eq cmd 0x1)) (eq cmdaddr 0xFE04)) -> sha_state
decode: (and (and (eq sha_state 0x0) (eq cmd 0x1)) (eq cmdaddr 0xFE05))
sha_state: (and (and (eq sha_state 0x0) (eq cmd 0x1)) (eq cmdaddr 0xFE05)) -> sha_state
decode: (and (and (eq sha_state 0x1) (eq cmd 0x1)) (eq cmdaddr 0xFE05))
sha_state: (and (and (eq sha_state 0x1) (eq cmd 0x1)) (eq cmdaddr 0xFE05)) -> sha_state
decode: (and (and (eq sha_state 0x2) (eq cmd 0x1)) (eq cmdaddr 0xFE05))
sha_state: (and (and (eq sha_state 0x2) (eq cmd 0x1)) (eq cmdaddr 0xFE05)) -> sha_state
decode: (and (and (eq sha_state 0x3) (eq cmd 0x1)) (eq cmdaddr 0xFE05))
sha_state: (and (and (eq sha_state 0x3) (eq cmd 0x1)) (eq cmdaddr 0xFE05)) -> sha_state
decode: (and (and (eq sha_state 0x4) (eq cmd 0x1)) (eq cmdaddr 0xFE05))
sha_state: (and (and (eq sha_state 0x4) (eq cmd 0x1)) (eq cmdaddr 0xFE05)) -> sha_state
decode: (and (and (eq sha_state 0x0) (eq cmd 0x1)) (eq cmdaddr 0xFE06))
sha_state: (and (and (eq sha_state 0x0) (eq cmd 0x1)) (eq cmdaddr 0xFE06)) -> sha_state
decode: (and (and (eq sha_state 0x1) (eq cmd 0x1)) (eq cmdaddr 0xFE06))
sha_state: (and (and (eq sha_state 0x1) (eq cmd 0x1)) (eq cmdaddr 0xFE06)) -> sha_state
decode: (and (and (eq sha_state 0x2) (eq cmd 0x1)) (eq cmdaddr 0xFE06))
sha_state: (and (and (eq sha_state 0x2) (eq cmd 0x1)) (eq cmdaddr 0xFE06)) -> sha_state
decode: (and (and (eq sha_state 0x3) (eq cmd 0x1)) (eq cmdaddr 0xFE06))
sha_state: (and (and (eq sha_state 0x3) (eq cmd 0x1)) (eq cmdaddr 0xFE06)) -> sha_state
decode: (and (and (eq sha_state 0x4) (eq cmd 0x1)) (eq cmdaddr 0xFE06))
sha_state: (and (and (eq sha_state 0x4) (eq cmd 0x1)) (eq cmdaddr 0xFE06)) -> sha_state
decode: (and (and (eq sha_state 0x0) (eq cmd 0x1)) (eq cmdaddr 0xFE07))
sha_state: (and (and (eq sha_state 0x0) (eq cmd 0x1)) (eq cmdaddr 0xFE07)) -> sha_state
decode: (and (and (eq sha_state 0x1) (eq cmd 0x1)) (eq cmdaddr 0xFE07))
sha_state: (and (and (eq sha_state 0x1) (eq cmd 0x1)) (eq cmdaddr 0xFE07)) -> sha_state
decode: (and (and (eq sha_state 0x2) (eq cmd 0x1)) (eq cmdaddr 0xFE07))
sha_state: (and (and (eq sha_state 0x2) (eq cmd 0x1)) (eq cmdaddr 0xFE07)) -> sha_state
decode: (and (and (eq sha_state 0x3) (eq cmd 0x1)) (eq cmdaddr 0xFE07))
sha_state: (and (and (eq sha_state 0x3) (eq cmd 0x1)) (eq cmdaddr 0xFE07)) -> sha_state
decode: (and (and (eq sha_state 0x4) (eq cmd 0x1)) (eq cmdaddr 0xFE07))
sha_state: (and (and (eq sha_state 0x4) (eq cmd 0x1)) (eq cmdaddr 0xFE07)) -> sha_state
decode: (and (and (eq sha_state 0x0) (eq cmd 0x1)) (eq cmdaddr 0xFE08))
sha_state: (and (and (eq sha_state 0x0) (eq cmd 0x1)) (eq cmdaddr 0xFE08)) -> sha_state
decode: (and (and (eq sha_state 0x1) (eq cmd 0x1)) (eq cmdaddr 0xFE08))
sha_state: (and (and (eq sha_state 0x1) (eq cmd 0x1)) (eq cmdaddr 0xFE08)) -> sha_state
decode: (and (and (eq sha_state 0x2) (eq cmd 0x1)) (eq cmdaddr 0xFE08))
sha_state: (and (and (eq sha_state 0x2) (eq cmd 0x1)) (eq cmdaddr 0xFE08)) -> sha_state
decode: (and (and (eq sha_state 0x3) (eq cmd 0x1)) (eq cmdaddr 0xFE08))
sha_state: (and (and (eq sha_state 0x3) (eq cmd 0x1)) (eq cmdaddr 0xFE08)) -> sha_state
decode: (and (and (eq sha_state 0x4) (eq cmd 0x1)) (eq cmdaddr 0xFE08))
sha_state: (and (and (eq sha_state 0x4) (eq cmd 0x1)) (eq cmdaddr 0xFE08)) -> sha_state
decode: (and (and (eq sha_state 0x0) (eq cmd 0x1)) (eq cmdaddr 0xFE09))
sha_state: (and (and (eq sha_state 0x0) (eq cmd 0x1)) (eq cmdaddr 0xFE09)) -> sha_state
decode: (and (and (eq sha_state 0x1) (eq cmd 0x1)) (eq cmdaddr 0xFE09))
sha_state: (and (and (eq sha_state 0x1) (eq cmd 0x1)) (eq cmdaddr 0xFE09)) -> sha_state
decode: (and (and (eq sha_state 0x2) (eq cmd 0x1)) (eq cmdaddr 0xFE09))
sha_state: (and (and (eq sha_state 0x2) (eq cmd 0x1)) (eq cmdaddr 0xFE09)) -> sha_state
decode: (and (and (eq sha_state 0x3) (eq cmd 0x1)) (eq cmdaddr 0xFE09))
sha_state: (and (and (eq sha_state 0x3) (eq cmd 0x1)) (eq cmdaddr 0xFE09)) -> sha_state
decode: (and (and (eq sha_state 0x4) (eq cmd 0x1)) (eq cmdaddr 0xFE09))
sha_state: (and (and (eq sha_state 0x4) (eq cmd 0x1)) (eq cmdaddr 0xFE09)) -> sha_state
decode: (and (and (eq sha_state 0x0) (eq cmd 0x1)) (eq cmdaddr 0xFE0A))
sha_state: (and (and (eq sha_state 0x0) (eq cmd 0x1)) (eq cmdaddr 0xFE0A)) -> sha_state
decode: (and (and (eq sha_state 0x1) (eq cmd 0x1)) (eq cmdaddr 0xFE0A))
sha_state: (and (and (eq sha_state 0x1) (eq cmd 0x1)) (eq cmdaddr 0xFE0A)) -> sha_state
decode: (and (and (eq sha_state 0x2) (eq cmd 0x1)) (eq cmdaddr 0xFE0A))
sha_state: (and (and (eq sha_state 0x2) (eq cmd 0x1)) (eq cmdaddr 0xFE0A)) -> sha_state
decode: (and (and (eq sha_state 0x3) (eq cmd 0x1)) (eq cmdaddr 0xFE0A))
sha_state: (and (and (eq sha_state 0x3) (eq cmd 0x1)) (eq cmdaddr 0xFE0A)) -> sha_state
decode: (and (and (eq sha_state 0x4) (eq cmd 0x1)) (eq cmdaddr 0xFE0A))
sha_state: (and (and (eq sha_state 0x4) (eq cmd 0x1)) (eq cmdaddr 0xFE0A)) -> sha_state
decode: (and (and (eq sha_state 0x0) (eq cmd 0x1)) (eq cmdaddr 0xFE0B))
sha_state: (and (and (eq sha_state 0x0) (eq cmd 0x1)) (eq cmdaddr 0xFE0B)) -> sha_state
decode: (and (and (eq sha_state 0x1) (eq cmd 0x1)) (eq cmdaddr 0xFE0B))
sha_state: (and (and (eq sha_state 0x1) (eq cmd 0x1)) (eq cmdaddr 0xFE0B)) -> sha_state
decode: (and (and (eq sha_state 0x2) (eq cmd 0x1)) (eq cmdaddr 0xFE0B))
sha_state: (and (and (eq sha_state 0x2) (eq cmd 0x1)) (eq cmdaddr 0xFE0B)) -> sha_state
decode: (and (and (eq sha_state 0x3) (eq cmd 0x1)) (eq cmdaddr 0xFE0B))
sha_state: (and (and (eq sha_state 0x3) (eq cmd 0x1)) (eq cmdaddr 0xFE0B)) -> sha_state
decode: (and (and (eq sha_state 0x4) (eq cmd 0x1)) (eq cmdaddr 0xFE0B))
sha_state: (and (and (eq sha_state 0x4) (eq cmd 0x1)) (eq cmdaddr 0xFE0B)) -> sha_state
decode: (and (and (eq sha_state 0x0) (eq cmd 0x1)) (eq cmdaddr 0xFE0C))
sha_state: (and (and (eq sha_state 0x0) (eq cmd 0x1)) (eq cmdaddr 0xFE0C)) -> sha_state
decode: (and (and (eq sha_state 0x1) (eq cmd 0x1)) (eq cmdaddr 0xFE0C))
sha_state: (and (and (eq sha_state 0x1) (eq cmd 0x1)) (eq cmdaddr 0xFE0C)) -> sha_state
decode: (and (and (eq sha_state 0x2) (eq cmd 0x1)) (eq cmdaddr 0xFE0C))
sha_state: (and (and (eq sha_state 0x2) (eq cmd 0x1)) (eq cmdaddr 0xFE0C)) -> sha_state
decode: (and (and (eq sha_state 0x3) (eq cmd 0x1)) (eq cmdaddr 0xFE0C))
sha_state: (and (and (eq sha_state 0x3) (eq cmd 0x1)) (eq cmdaddr 0xFE0C)) -> sha_state
decode: (and (and (eq sha_state 0x4) (eq cmd 0x1)) (eq cmdaddr 0xFE0C))
sha_state: (and (and (eq sha_state 0x4) (eq cmd 0x1)) (eq cmdaddr 0xFE0C)) -> sha_state
decode: (and (and (eq sha_state 0x0) (eq cmd 0x1)) (eq cmdaddr 0xFE0D))
sha_state: (and (and (eq sha_state 0x0) (eq cmd 0x1)) (eq cmdaddr 0xFE0D)) -> sha_state
decode: (and (and (eq sha_state 0x1) (eq cmd 0x1)) (eq cmdaddr 0xFE0D))
sha_state: (and (and (eq sha_state 0x1) (eq cmd 0x1)) (eq cmdaddr 0xFE0D)) -> sha_state
decode: (and (and (eq sha_state 0x2) (eq cmd 0x1)) (eq cmdaddr 0xFE0D))
sha_state: (and (and (eq sha_state 0x2) (eq cmd 0x1)) (eq cmdaddr 0xFE0D)) -> sha_state
decode: (and (and (eq sha_state 0x3) (eq cmd 0x1)) (eq cmdaddr 0xFE0D))
sha_state: (and (and (eq sha_state 0x3) (eq cmd 0x1)) (eq cmdaddr 0xFE0D)) -> sha_state
decode: (and (and (eq sha_state 0x4) (eq cmd 0x1)) (eq cmdaddr 0xFE0D))
sha_state: (and (and (eq sha_state 0x4) (eq cmd 0x1)) (eq cmdaddr 0xFE0D)) -> sha_state
decode: (and (and (eq sha_state 0x0) (eq cmd 0x1)) (eq cmdaddr 0xFE0E))
sha_state: (and (and (eq sha_state 0x0) (eq cmd 0x1)) (eq cmdaddr 0xFE0E)) -> sha_state
decode: (and (and (eq sha_state 0x1) (eq cmd 0x1)) (eq cmdaddr 0xFE0E))
sha_state: (and (and (eq sha_state 0x1) (eq cmd 0x1)) (eq cmdaddr 0xFE0E)) -> sha_state
decode: (and (and (eq sha_state 0x2) (eq cmd 0x1)) (eq cmdaddr 0xFE0E))
sha_state: (and (and (eq sha_state 0x2) (eq cmd 0x1)) (eq cmdaddr 0xFE0E)) -> sha_state
decode: (and (and (eq sha_state 0x3) (eq cmd 0x1)) (eq cmdaddr 0xFE0E))
sha_state: (and (and (eq sha_state 0x3) (eq cmd 0x1)) (eq cmdaddr 0xFE0E)) -> sha_state
decode: (and (and (eq sha_state 0x4) (eq cmd 0x1)) (eq cmdaddr 0xFE0E))
sha_state: (and (and (eq sha_state 0x4) (eq cmd 0x1)) (eq cmdaddr 0xFE0E)) -> sha_state
decode: (and (and (eq sha_state 0x0) (eq cmd 0x1)) (eq cmdaddr 0xFE0F))
sha_state: (and (and (eq sha_state 0x0) (eq cmd 0x1)) (eq cmdaddr 0xFE0F)) -> sha_state
decode: (and (and (eq sha_state 0x1) (eq cmd 0x1)) (eq cmdaddr 0xFE0F))
sha_state: (and (and (eq sha_state 0x1) (eq cmd 0x1)) (eq cmdaddr 0xFE0F)) -> sha_state
decode: (and (and (eq sha_state 0x2) (eq cmd 0x1)) (eq cmdaddr 0xFE0F))
sha_state: (and (and (eq sha_state 0x2) (eq cmd 0x1)) (eq cmdaddr 0xFE0F)) -> sha_state
decode: (and (and (eq sha_state 0x3) (eq cmd 0x1)) (eq cmdaddr 0xFE0F))
sha_state: (and (and (eq sha_state 0x3) (eq cmd 0x1)) (eq cmdaddr 0xFE0F)) -> sha_state
decode: (and (and (eq sha_state 0x4) (eq cmd 0x1)) (eq cmdaddr 0xFE0F))
sha_state: (and (and (eq sha_state 0x4) (eq cmd 0x1)) (eq cmdaddr 0xFE0F)) -> sha_state
decode: (and (and (eq sha_state 0x0) (eq cmd 0x2)) (eq cmdaddr 0xFE00))
sha_state: (and (and (eq sha_state 0x0) (eq cmd 0x2)) (eq cmdaddr 0xFE00)) -> (if (eq cmddata 0x1) 0x1 sha_state)
decode: (and (and (eq sha_state 0x0) (eq cmd 0x2)) (eq cmdaddr 0xFE01))
sha_state: (and (and (eq sha_state 0x0) (eq cmd 0x2)) (eq cmdaddr 0xFE01)) -> sha_state
decode: (and (and (eq sha_state 0x0) (eq cmd 0x2)) (eq cmdaddr 0xFE02))
sha_state: (and (and (eq sha_state 0x0) (eq cmd 0x2)) (eq cmdaddr 0xFE02)) -> sha_state
decode: (and (and (eq sha_state 0x0) (eq cmd 0x2)) (eq cmdaddr 0xFE03))
sha_state: (and (and (eq sha_state 0x0) (eq cmd 0x2)) (eq cmdaddr 0xFE03)) -> sha_state
decode: (and (and (eq sha_state 0x0) (eq cmd 0x2)) (eq cmdaddr 0xFE04))
sha_state: (and (and (eq sha_state 0x0) (eq cmd 0x2)) (eq cmdaddr 0xFE04)) -> sha_state
decode: (and (and (eq sha_state 0x0) (eq cmd 0x2)) (eq cmdaddr 0xFE05))
sha_state: (and (and (eq sha_state 0x0) (eq cmd 0x2)) (eq cmdaddr 0xFE05)) -> sha_state
decode: (and (and (eq sha_state 0x0) (eq cmd 0x2)) (eq cmdaddr 0xFE06))
sha_state: (and (and (eq sha_state 0x0) (eq cmd 0x2)) (eq cmdaddr 0xFE06)) -> sha_state
decode: (and (and (eq sha_state 0x0) (eq cmd 0x2)) (eq cmdaddr 0xFE07))
sha_state: (and (and (eq sha_state 0x0) (eq cmd 0x2)) (eq cmdaddr 0xFE07)) -> sha_state
decode: (and (and (eq sha_state 0x0) (eq cmd 0x2)) (eq cmdaddr 0xFE08))
sha_state: (and (and (eq sha_state 0x0) (eq cmd 0x2)) (eq cmdaddr 0xFE08)) -> sha_state
decode: (and (and (eq sha_state 0x0) (eq cmd 0x2)) (eq cmdaddr 0xFE09))
sha_state: (and (and (eq sha_state 0x0) (eq cmd 0x2)) (eq cmdaddr 0xFE09)) -> sha_state
decode: (and (and (eq sha_state 0x0) (eq cmd 0x2)) (eq cmdaddr 0xFE0A))
sha_state: (and (and (eq sha_state 0x0) (eq cmd 0x2)) (eq cmdaddr 0xFE0A)) -> sha_state
decode: (and (and (eq sha_state 0x0) (eq cmd 0x2)) (eq cmdaddr 0xFE0B))
sha_state: (and (and (eq sha_state 0x0) (eq cmd 0x2)) (eq cmdaddr 0xFE0B)) -> sha_state
decode: (and (and (eq sha_state 0x0) (eq cmd 0x2)) (eq cmdaddr 0xFE0C))
sha_state: (and (and (eq sha_state 0x0) (eq cmd 0x2)) (eq cmdaddr 0xFE0C)) -> sha_state
decode: (and (and (eq sha_state 0x0) (eq cmd 0x2)) (eq cmdaddr 0xFE0D))
sha_state: (and (and (eq sha_state 0x0) (eq cmd 0x2)) (eq cmdaddr 0xFE0D)) -> sha_state
decode: (and (and (eq sha_state 0x0) (eq cmd 0x2)) (eq cmdaddr 0xFE0E))
sha_state: (and (and (eq sha_state 0x0) (eq cmd 0x2)) (eq cmdaddr 0xFE0E)) -> sha_state
decode: (and (and (eq sha_state 0x0) (eq cmd 0x2)) (eq cmdaddr 0xFE0F))
sha_state: (and (and (eq sha_state 0x0) (eq cmd 0x2)) (eq cmdaddr 0xFE0F)) -> sha_state
decode: (or (and (neq sha_state 0x0) (neq cmd 0x1)) (and (and (eq sha_state 0x0) (neq cmd 0x1)) (neq cmd 0x2)))
sha_state: (or (and (neq sha_state 0x0) (neq cmd 0x1)) (and (and (eq sha_state 0x0) (neq cmd 0x1)) (neq cmd 0x2))) -> sha_state
sha_state: (if (and (and (eq sha_state 0x0) (eq cmd 0x2)) (eq cmdaddr 0xFE00)) (if (eq cmddata 0x1) 0x1 sha_state) sha_state)
reuseModels: 0x1
decode: (and (and (eq sha_state 0x0) (eq cmd 0x1)) (eq cmdaddr 0xFE00))
sha_rdaddr: (and (and (eq sha_state 0x0) (eq cmd 0x1)) (eq cmdaddr 0xFE00)) -> sha_rdaddr
decode: (and (and (eq sha_state 0x1) (eq cmd 0x1)) (eq cmdaddr 0xFE00))
sha_rdaddr: (and (and (eq sha_state 0x1) (eq cmd 0x1)) (eq cmdaddr 0xFE00)) -> sha_rdaddr
decode: (and (and (eq sha_state 0x2) (eq cmd 0x1)) (eq cmdaddr 0xFE00))
sha_rdaddr: (and (and (eq sha_state 0x2) (eq cmd 0x1)) (eq cmdaddr 0xFE00)) -> sha_rdaddr
decode: (and (and (eq sha_state 0x3) (eq cmd 0x1)) (eq cmdaddr 0xFE00))
sha_rdaddr: (and (and (eq sha_state 0x3) (eq cmd 0x1)) (eq cmdaddr 0xFE00)) -> sha_rdaddr
decode: (and (and (eq sha_state 0x4) (eq cmd 0x1)) (eq cmdaddr 0xFE00))
sha_rdaddr: (and (and (eq sha_state 0x4) (eq cmd 0x1)) (eq cmdaddr 0xFE00)) -> sha_rdaddr
decode: (and (and (eq sha_state 0x0) (eq cmd 0x1)) (eq cmdaddr 0xFE01))
sha_rdaddr: (and (and (eq sha_state 0x0) (eq cmd 0x1)) (eq cmdaddr 0xFE01)) -> sha_rdaddr
decode: (and (and (eq sha_state 0x1) (eq cmd 0x1)) (eq cmdaddr 0xFE01))
sha_rdaddr: (and (and (eq sha_state 0x1) (eq cmd 0x1)) (eq cmdaddr 0xFE01)) -> sha_rdaddr
decode: (and (and (eq sha_state 0x2) (eq cmd 0x1)) (eq cmdaddr 0xFE01))
sha_rdaddr: (and (and (eq sha_state 0x2) (eq cmd 0x1)) (eq cmdaddr 0xFE01)) -> sha_rdaddr
decode: (and (and (eq sha_state 0x3) (eq cmd 0x1)) (eq cmdaddr 0xFE01))
sha_rdaddr: (and (and (eq sha_state 0x3) (eq cmd 0x1)) (eq cmdaddr 0xFE01)) -> sha_rdaddr
decode: (and (and (eq sha_state 0x4) (eq cmd 0x1)) (eq cmdaddr 0xFE01))
sha_rdaddr: (and (and (eq sha_state 0x4) (eq cmd 0x1)) (eq cmdaddr 0xFE01)) -> sha_rdaddr
decode: (and (and (eq sha_state 0x0) (eq cmd 0x1)) (eq cmdaddr 0xFE02))
sha_rdaddr: (and (and (eq sha_state 0x0) (eq cmd 0x1)) (eq cmdaddr 0xFE02)) -> sha_rdaddr
decode: (and (and (eq sha_state 0x1) (eq cmd 0x1)) (eq cmdaddr 0xFE02))
sha_rdaddr: (and (and (eq sha_state 0x1) (eq cmd 0x1)) (eq cmdaddr 0xFE02)) -> sha_rdaddr
decode: (and (and (eq sha_state 0x2) (eq cmd 0x1)) (eq cmdaddr 0xFE02))
sha_rdaddr: (and (and (eq sha_state 0x2) (eq cmd 0x1)) (eq cmdaddr 0xFE02)) -> sha_rdaddr
decode: (and (and (eq sha_state 0x3) (eq cmd 0x1)) (eq cmdaddr 0xFE02))
sha_rdaddr: (and (and (eq sha_state 0x3) (eq cmd 0x1)) (eq cmdaddr 0xFE02)) -> sha_rdaddr
decode: (and (and (eq sha_state 0x4) (eq cmd 0x1)) (eq cmdaddr 0xFE02))
sha_rdaddr: (and (and (eq sha_state 0x4) (eq cmd 0x1)) (eq cmdaddr 0xFE02)) -> sha_rdaddr
decode: (and (and (eq sha_state 0x0) (eq cmd 0x1)) (eq cmdaddr 0xFE03))
sha_rdaddr: (and (and (eq sha_state 0x0) (eq cmd 0x1)) (eq cmdaddr 0xFE03)) -> sha_rdaddr
decode: (and (and (eq sha_state 0x1) (eq cmd 0x1)) (eq cmdaddr 0xFE03))
sha_rdaddr: (and (and (eq sha_state 0x1) (eq cmd 0x1)) (eq cmdaddr 0xFE03)) -> sha_rdaddr
decode: (and (and (eq sha_state 0x2) (eq cmd 0x1)) (eq cmdaddr 0xFE03))
sha_rdaddr: (and (and (eq sha_state 0x2) (eq cmd 0x1)) (eq cmdaddr 0xFE03)) -> sha_rdaddr
decode: (and (and (eq sha_state 0x3) (eq cmd 0x1)) (eq cmdaddr 0xFE03))
sha_rdaddr: (and (and (eq sha_state 0x3) (eq cmd 0x1)) (eq cmdaddr 0xFE03)) -> sha_rdaddr
decode: (and (and (eq sha_state 0x4) (eq cmd 0x1)) (eq cmdaddr 0xFE03))
sha_rdaddr: (and (and (eq sha_state 0x4) (eq cmd 0x1)) (eq cmdaddr 0xFE03)) -> sha_rdaddr
decode: (and (and (eq sha_state 0x0) (eq cmd 0x1)) (eq cmdaddr 0xFE04))
sha_rdaddr: (and (and (eq sha_state 0x0) (eq cmd 0x1)) (eq cmdaddr 0xFE04)) -> sha_rdaddr
decode: (and (and (eq sha_state 0x1) (eq cmd 0x1)) (eq cmdaddr 0xFE04))
sha_rdaddr: (and (and (eq sha_state 0x1) (eq cmd 0x1)) (eq cmdaddr 0xFE04)) -> sha_rdaddr
decode: (and (and (eq sha_state 0x2) (eq cmd 0x1)) (eq cmdaddr 0xFE04))
sha_rdaddr: (and (and (eq sha_state 0x2) (eq cmd 0x1)) (eq cmdaddr 0xFE04)) -> sha_rdaddr
decode: (and (and (eq sha_state 0x3) (eq cmd 0x1)) (eq cmdaddr 0xFE04))
sha_rdaddr: (and (and (eq sha_state 0x3) (eq cmd 0x1)) (eq cmdaddr 0xFE04)) -> sha_rdaddr
decode: (and (and (eq sha_state 0x4) (eq cmd 0x1)) (eq cmdaddr 0xFE04))
sha_rdaddr: (and (and (eq sha_state 0x4) (eq cmd 0x1)) (eq cmdaddr 0xFE04)) -> sha_rdaddr
decode: (and (and (eq sha_state 0x0) (eq cmd 0x1)) (eq cmdaddr 0xFE05))
sha_rdaddr: (and (and (eq sha_state 0x0) (eq cmd 0x1)) (eq cmdaddr 0xFE05)) -> sha_rdaddr
decode: (and (and (eq sha_state 0x1) (eq cmd 0x1)) (eq cmdaddr 0xFE05))
sha_rdaddr: (and (and (eq sha_state 0x1) (eq cmd 0x1)) (eq cmdaddr 0xFE05)) -> sha_rdaddr
decode: (and (and (eq sha_state 0x2) (eq cmd 0x1)) (eq cmdaddr 0xFE05))
sha_rdaddr: (and (and (eq sha_state 0x2) (eq cmd 0x1)) (eq cmdaddr 0xFE05)) -> sha_rdaddr
decode: (and (and (eq sha_state 0x3) (eq cmd 0x1)) (eq cmdaddr 0xFE05))
sha_rdaddr: (and (and (eq sha_state 0x3) (eq cmd 0x1)) (eq cmdaddr 0xFE05)) -> sha_rdaddr
decode: (and (and (eq sha_state 0x4) (eq cmd 0x1)) (eq cmdaddr 0xFE05))
sha_rdaddr: (and (and (eq sha_state 0x4) (eq cmd 0x1)) (eq cmdaddr 0xFE05)) -> sha_rdaddr
decode: (and (and (eq sha_state 0x0) (eq cmd 0x1)) (eq cmdaddr 0xFE06))
sha_rdaddr: (and (and (eq sha_state 0x0) (eq cmd 0x1)) (eq cmdaddr 0xFE06)) -> sha_rdaddr
decode: (and (and (eq sha_state 0x1) (eq cmd 0x1)) (eq cmdaddr 0xFE06))
sha_rdaddr: (and (and (eq sha_state 0x1) (eq cmd 0x1)) (eq cmdaddr 0xFE06)) -> sha_rdaddr
decode: (and (and (eq sha_state 0x2) (eq cmd 0x1)) (eq cmdaddr 0xFE06))
sha_rdaddr: (and (and (eq sha_state 0x2) (eq cmd 0x1)) (eq cmdaddr 0xFE06)) -> sha_rdaddr
decode: (and (and (eq sha_state 0x3) (eq cmd 0x1)) (eq cmdaddr 0xFE06))
sha_rdaddr: (and (and (eq sha_state 0x3) (eq cmd 0x1)) (eq cmdaddr 0xFE06)) -> sha_rdaddr
decode: (and (and (eq sha_state 0x4) (eq cmd 0x1)) (eq cmdaddr 0xFE06))
sha_rdaddr: (and (and (eq sha_state 0x4) (eq cmd 0x1)) (eq cmdaddr 0xFE06)) -> sha_rdaddr
decode: (and (and (eq sha_state 0x0) (eq cmd 0x1)) (eq cmdaddr 0xFE07))
sha_rdaddr: (and (and (eq sha_state 0x0) (eq cmd 0x1)) (eq cmdaddr 0xFE07)) -> sha_rdaddr
decode: (and (and (eq sha_state 0x1) (eq cmd 0x1)) (eq cmdaddr 0xFE07))
sha_rdaddr: (and (and (eq sha_state 0x1) (eq cmd 0x1)) (eq cmdaddr 0xFE07)) -> sha_rdaddr
decode: (and (and (eq sha_state 0x2) (eq cmd 0x1)) (eq cmdaddr 0xFE07))
sha_rdaddr: (and (and (eq sha_state 0x2) (eq cmd 0x1)) (eq cmdaddr 0xFE07)) -> sha_rdaddr
decode: (and (and (eq sha_state 0x3) (eq cmd 0x1)) (eq cmdaddr 0xFE07))
sha_rdaddr: (and (and (eq sha_state 0x3) (eq cmd 0x1)) (eq cmdaddr 0xFE07)) -> sha_rdaddr
decode: (and (and (eq sha_state 0x4) (eq cmd 0x1)) (eq cmdaddr 0xFE07))
sha_rdaddr: (and (and (eq sha_state 0x4) (eq cmd 0x1)) (eq cmdaddr 0xFE07)) -> sha_rdaddr
decode: (and (and (eq sha_state 0x0) (eq cmd 0x1)) (eq cmdaddr 0xFE08))
sha_rdaddr: (and (and (eq sha_state 0x0) (eq cmd 0x1)) (eq cmdaddr 0xFE08)) -> sha_rdaddr
decode: (and (and (eq sha_state 0x1) (eq cmd 0x1)) (eq cmdaddr 0xFE08))
sha_rdaddr: (and (and (eq sha_state 0x1) (eq cmd 0x1)) (eq cmdaddr 0xFE08)) -> sha_rdaddr
decode: (and (and (eq sha_state 0x2) (eq cmd 0x1)) (eq cmdaddr 0xFE08))
sha_rdaddr: (and (and (eq sha_state 0x2) (eq cmd 0x1)) (eq cmdaddr 0xFE08)) -> sha_rdaddr
decode: (and (and (eq sha_state 0x3) (eq cmd 0x1)) (eq cmdaddr 0xFE08))
sha_rdaddr: (and (and (eq sha_state 0x3) (eq cmd 0x1)) (eq cmdaddr 0xFE08)) -> sha_rdaddr
decode: (and (and (eq sha_state 0x4) (eq cmd 0x1)) (eq cmdaddr 0xFE08))
sha_rdaddr: (and (and (eq sha_state 0x4) (eq cmd 0x1)) (eq cmdaddr 0xFE08)) -> sha_rdaddr
decode: (and (and (eq sha_state 0x0) (eq cmd 0x1)) (eq cmdaddr 0xFE09))
sha_rdaddr: (and (and (eq sha_state 0x0) (eq cmd 0x1)) (eq cmdaddr 0xFE09)) -> sha_rdaddr
decode: (and (and (eq sha_state 0x1) (eq cmd 0x1)) (eq cmdaddr 0xFE09))
sha_rdaddr: (and (and (eq sha_state 0x1) (eq cmd 0x1)) (eq cmdaddr 0xFE09)) -> sha_rdaddr
decode: (and (and (eq sha_state 0x2) (eq cmd 0x1)) (eq cmdaddr 0xFE09))
sha_rdaddr: (and (and (eq sha_state 0x2) (eq cmd 0x1)) (eq cmdaddr 0xFE09)) -> sha_rdaddr
decode: (and (and (eq sha_state 0x3) (eq cmd 0x1)) (eq cmdaddr 0xFE09))
sha_rdaddr: (and (and (eq sha_state 0x3) (eq cmd 0x1)) (eq cmdaddr 0xFE09)) -> sha_rdaddr
decode: (and (and (eq sha_state 0x4) (eq cmd 0x1)) (eq cmdaddr 0xFE09))
sha_rdaddr: (and (and (eq sha_state 0x4) (eq cmd 0x1)) (eq cmdaddr 0xFE09)) -> sha_rdaddr
decode: (and (and (eq sha_state 0x0) (eq cmd 0x1)) (eq cmdaddr 0xFE0A))
sha_rdaddr: (and (and (eq sha_state 0x0) (eq cmd 0x1)) (eq cmdaddr 0xFE0A)) -> sha_rdaddr
decode: (and (and (eq sha_state 0x1) (eq cmd 0x1)) (eq cmdaddr 0xFE0A))
sha_rdaddr: (and (and (eq sha_state 0x1) (eq cmd 0x1)) (eq cmdaddr 0xFE0A)) -> sha_rdaddr
decode: (and (and (eq sha_state 0x2) (eq cmd 0x1)) (eq cmdaddr 0xFE0A))
sha_rdaddr: (and (and (eq sha_state 0x2) (eq cmd 0x1)) (eq cmdaddr 0xFE0A)) -> sha_rdaddr
decode: (and (and (eq sha_state 0x3) (eq cmd 0x1)) (eq cmdaddr 0xFE0A))
sha_rdaddr: (and (and (eq sha_state 0x3) (eq cmd 0x1)) (eq cmdaddr 0xFE0A)) -> sha_rdaddr
decode: (and (and (eq sha_state 0x4) (eq cmd 0x1)) (eq cmdaddr 0xFE0A))
sha_rdaddr: (and (and (eq sha_state 0x4) (eq cmd 0x1)) (eq cmdaddr 0xFE0A)) -> sha_rdaddr
decode: (and (and (eq sha_state 0x0) (eq cmd 0x1)) (eq cmdaddr 0xFE0B))
sha_rdaddr: (and (and (eq sha_state 0x0) (eq cmd 0x1)) (eq cmdaddr 0xFE0B)) -> sha_rdaddr
decode: (and (and (eq sha_state 0x1) (eq cmd 0x1)) (eq cmdaddr 0xFE0B))
sha_rdaddr: (and (and (eq sha_state 0x1) (eq cmd 0x1)) (eq cmdaddr 0xFE0B)) -> sha_rdaddr
decode: (and (and (eq sha_state 0x2) (eq cmd 0x1)) (eq cmdaddr 0xFE0B))
sha_rdaddr: (and (and (eq sha_state 0x2) (eq cmd 0x1)) (eq cmdaddr 0xFE0B)) -> sha_rdaddr
decode: (and (and (eq sha_state 0x3) (eq cmd 0x1)) (eq cmdaddr 0xFE0B))
sha_rdaddr: (and (and (eq sha_state 0x3) (eq cmd 0x1)) (eq cmdaddr 0xFE0B)) -> sha_rdaddr
decode: (and (and (eq sha_state 0x4) (eq cmd 0x1)) (eq cmdaddr 0xFE0B))
sha_rdaddr: (and (and (eq sha_state 0x4) (eq cmd 0x1)) (eq cmdaddr 0xFE0B)) -> sha_rdaddr
decode: (and (and (eq sha_state 0x0) (eq cmd 0x1)) (eq cmdaddr 0xFE0C))
sha_rdaddr: (and (and (eq sha_state 0x0) (eq cmd 0x1)) (eq cmdaddr 0xFE0C)) -> sha_rdaddr
decode: (and (and (eq sha_state 0x1) (eq cmd 0x1)) (eq cmdaddr 0xFE0C))
sha_rdaddr: (and (and (eq sha_state 0x1) (eq cmd 0x1)) (eq cmdaddr 0xFE0C)) -> sha_rdaddr
decode: (and (and (eq sha_state 0x2) (eq cmd 0x1)) (eq cmdaddr 0xFE0C))
sha_rdaddr: (and (and (eq sha_state 0x2) (eq cmd 0x1)) (eq cmdaddr 0xFE0C)) -> sha_rdaddr
decode: (and (and (eq sha_state 0x3) (eq cmd 0x1)) (eq cmdaddr 0xFE0C))
sha_rdaddr: (and (and (eq sha_state 0x3) (eq cmd 0x1)) (eq cmdaddr 0xFE0C)) -> sha_rdaddr
decode: (and (and (eq sha_state 0x4) (eq cmd 0x1)) (eq cmdaddr 0xFE0C))
sha_rdaddr: (and (and (eq sha_state 0x4) (eq cmd 0x1)) (eq cmdaddr 0xFE0C)) -> sha_rdaddr
decode: (and (and (eq sha_state 0x0) (eq cmd 0x1)) (eq cmdaddr 0xFE0D))
sha_rdaddr: (and (and (eq sha_state 0x0) (eq cmd 0x1)) (eq cmdaddr 0xFE0D)) -> sha_rdaddr
decode: (and (and (eq sha_state 0x1) (eq cmd 0x1)) (eq cmdaddr 0xFE0D))
sha_rdaddr: (and (and (eq sha_state 0x1) (eq cmd 0x1)) (eq cmdaddr 0xFE0D)) -> sha_rdaddr
decode: (and (and (eq sha_state 0x2) (eq cmd 0x1)) (eq cmdaddr 0xFE0D))
sha_rdaddr: (and (and (eq sha_state 0x2) (eq cmd 0x1)) (eq cmdaddr 0xFE0D)) -> sha_rdaddr
decode: (and (and (eq sha_state 0x3) (eq cmd 0x1)) (eq cmdaddr 0xFE0D))
sha_rdaddr: (and (and (eq sha_state 0x3) (eq cmd 0x1)) (eq cmdaddr 0xFE0D)) -> sha_rdaddr
decode: (and (and (eq sha_state 0x4) (eq cmd 0x1)) (eq cmdaddr 0xFE0D))
sha_rdaddr: (and (and (eq sha_state 0x4) (eq cmd 0x1)) (eq cmdaddr 0xFE0D)) -> sha_rdaddr
decode: (and (and (eq sha_state 0x0) (eq cmd 0x1)) (eq cmdaddr 0xFE0E))
sha_rdaddr: (and (and (eq sha_state 0x0) (eq cmd 0x1)) (eq cmdaddr 0xFE0E)) -> sha_rdaddr
decode: (and (and (eq sha_state 0x1) (eq cmd 0x1)) (eq cmdaddr 0xFE0E))
sha_rdaddr: (and (and (eq sha_state 0x1) (eq cmd 0x1)) (eq cmdaddr 0xFE0E)) -> sha_rdaddr
decode: (and (and (eq sha_state 0x2) (eq cmd 0x1)) (eq cmdaddr 0xFE0E))
sha_rdaddr: (and (and (eq sha_state 0x2) (eq cmd 0x1)) (eq cmdaddr 0xFE0E)) -> sha_rdaddr
decode: (and (and (eq sha_state 0x3) (eq cmd 0x1)) (eq cmdaddr 0xFE0E))
sha_rdaddr: (and (and (eq sha_state 0x3) (eq cmd 0x1)) (eq cmdaddr 0xFE0E)) -> sha_rdaddr
decode: (and (and (eq sha_state 0x4) (eq cmd 0x1)) (eq cmdaddr 0xFE0E))
sha_rdaddr: (and (and (eq sha_state 0x4) (eq cmd 0x1)) (eq cmdaddr 0xFE0E)) -> sha_rdaddr
decode: (and (and (eq sha_state 0x0) (eq cmd 0x1)) (eq cmdaddr 0xFE0F))
sha_rdaddr: (and (and (eq sha_state 0x0) (eq cmd 0x1)) (eq cmdaddr 0xFE0F)) -> sha_rdaddr
decode: (and (and (eq sha_state 0x1) (eq cmd 0x1)) (eq cmdaddr 0xFE0F))
sha_rdaddr: (and (and (eq sha_state 0x1) (eq cmd 0x1)) (eq cmdaddr 0xFE0F)) -> sha_rdaddr
decode: (and (and (eq sha_state 0x2) (eq cmd 0x1)) (eq cmdaddr 0xFE0F))
sha_rdaddr: (and (and (eq sha_state 0x2) (eq cmd 0x1)) (eq cmdaddr 0xFE0F)) -> sha_rdaddr
decode: (and (and (eq sha_state 0x3) (eq cmd 0x1)) (eq cmdaddr 0xFE0F))
sha_rdaddr: (and (and (eq sha_state 0x3) (eq cmd 0x1)) (eq cmdaddr 0xFE0F)) -> sha_rdaddr
decode: (and (and (eq sha_state 0x4) (eq cmd 0x1)) (eq cmdaddr 0xFE0F))
sha_rdaddr: (and (and (eq sha_state 0x4) (eq cmd 0x1)) (eq cmdaddr 0xFE0F)) -> sha_rdaddr
decode: (and (and (eq sha_state 0x0) (eq cmd 0x2)) (eq cmdaddr 0xFE00))
sha_rdaddr: (and (and (eq sha_state 0x0) (eq cmd 0x2)) (eq cmdaddr 0xFE00)) -> sha_rdaddr
decode: (and (and (eq sha_state 0x0) (eq cmd 0x2)) (eq cmdaddr 0xFE01))
sha_rdaddr: (and (and (eq sha_state 0x0) (eq cmd 0x2)) (eq cmdaddr 0xFE01)) -> sha_rdaddr
decode: (and (and (eq sha_state 0x0) (eq cmd 0x2)) (eq cmdaddr 0xFE02))
sha_rdaddr: (and (and (eq sha_state 0x0) (eq cmd 0x2)) (eq cmdaddr 0xFE02)) -> (concat (extract sha_rdaddr #0xf #0x8) cmddata)
decode: (and (and (eq sha_state 0x0) (eq cmd 0x2)) (eq cmdaddr 0xFE03))
sha_rdaddr: (and (and (eq sha_state 0x0) (eq cmd 0x2)) (eq cmdaddr 0xFE03)) -> (concat cmddata (extract sha_rdaddr #0x7 #0))
decode: (and (and (eq sha_state 0x0) (eq cmd 0x2)) (eq cmdaddr 0xFE04))
sha_rdaddr: (and (and (eq sha_state 0x0) (eq cmd 0x2)) (eq cmdaddr 0xFE04)) -> sha_rdaddr
decode: (and (and (eq sha_state 0x0) (eq cmd 0x2)) (eq cmdaddr 0xFE05))
sha_rdaddr: (and (and (eq sha_state 0x0) (eq cmd 0x2)) (eq cmdaddr 0xFE05)) -> sha_rdaddr
decode: (and (and (eq sha_state 0x0) (eq cmd 0x2)) (eq cmdaddr 0xFE06))
sha_rdaddr: (and (and (eq sha_state 0x0) (eq cmd 0x2)) (eq cmdaddr 0xFE06)) -> sha_rdaddr
decode: (and (and (eq sha_state 0x0) (eq cmd 0x2)) (eq cmdaddr 0xFE07))
sha_rdaddr: (and (and (eq sha_state 0x0) (eq cmd 0x2)) (eq cmdaddr 0xFE07)) -> sha_rdaddr
decode: (and (and (eq sha_state 0x0) (eq cmd 0x2)) (eq cmdaddr 0xFE08))
sha_rdaddr: (and (and (eq sha_state 0x0) (eq cmd 0x2)) (eq cmdaddr 0xFE08)) -> sha_rdaddr
decode: (and (and (eq sha_state 0x0) (eq cmd 0x2)) (eq cmdaddr 0xFE09))
sha_rdaddr: (and (and (eq sha_state 0x0) (eq cmd 0x2)) (eq cmdaddr 0xFE09)) -> sha_rdaddr
decode: (and (and (eq sha_state 0x0) (eq cmd 0x2)) (eq cmdaddr 0xFE0A))
sha_rdaddr: (and (and (eq sha_state 0x0) (eq cmd 0x2)) (eq cmdaddr 0xFE0A)) -> sha_rdaddr
decode: (and (and (eq sha_state 0x0) (eq cmd 0x2)) (eq cmdaddr 0xFE0B))
sha_rdaddr: (and (and (eq sha_state 0x0) (eq cmd 0x2)) (eq cmdaddr 0xFE0B)) -> sha_rdaddr
decode: (and (and (eq sha_state 0x0) (eq cmd 0x2)) (eq cmdaddr 0xFE0C))
sha_rdaddr: (and (and (eq sha_state 0x0) (eq cmd 0x2)) (eq cmdaddr 0xFE0C)) -> sha_rdaddr
decode: (and (and (eq sha_state 0x0) (eq cmd 0x2)) (eq cmdaddr 0xFE0D))
sha_rdaddr: (and (and (eq sha_state 0x0) (eq cmd 0x2)) (eq cmdaddr 0xFE0D)) -> sha_rdaddr
decode: (and (and (eq sha_state 0x0) (eq cmd 0x2)) (eq cmdaddr 0xFE0E))
sha_rdaddr: (and (and (eq sha_state 0x0) (eq cmd 0x2)) (eq cmdaddr 0xFE0E)) -> sha_rdaddr
decode: (and (and (eq sha_state 0x0) (eq cmd 0x2)) (eq cmdaddr 0xFE0F))
sha_rdaddr: (and (and (eq sha_state 0x0) (eq cmd 0x2)) (eq cmdaddr 0xFE0F)) -> sha_rdaddr
decode: (or (and (neq sha_state 0x0) (neq cmd 0x1)) (and (and (eq sha_state 0x0) (neq cmd 0x1)) (neq cmd 0x2)))
sha_rdaddr: (or (and (neq sha_state 0x0) (neq cmd 0x1)) (and (and (eq sha_state 0x0) (neq cmd 0x1)) (neq cmd 0x2))) -> sha_rdaddr
sha_rdaddr: (if (and (and (eq sha_state 0x0) (eq cmd 0x2)) (eq cmdaddr 0xFE03)) (concat cmddata (extract sha_rdaddr #0x7 #0)) (if (and (and (eq sha_state 0x0) (eq cmd 0x2)) (eq cmdaddr 0xFE02)) (concat (extract sha_rdaddr #0xf #0x8) cmddata) sha_rdaddr))
reuseModels: 0x1
decode: (and (and (eq sha_state 0x0) (eq cmd 0x1)) (eq cmdaddr 0xFE00))
sha_wraddr: (and (and (eq sha_state 0x0) (eq cmd 0x1)) (eq cmdaddr 0xFE00)) -> sha_wraddr
decode: (and (and (eq sha_state 0x1) (eq cmd 0x1)) (eq cmdaddr 0xFE00))
sha_wraddr: (and (and (eq sha_state 0x1) (eq cmd 0x1)) (eq cmdaddr 0xFE00)) -> sha_wraddr
decode: (and (and (eq sha_state 0x2) (eq cmd 0x1)) (eq cmdaddr 0xFE00))
sha_wraddr: (and (and (eq sha_state 0x2) (eq cmd 0x1)) (eq cmdaddr 0xFE00)) -> sha_wraddr
decode: (and (and (eq sha_state 0x3) (eq cmd 0x1)) (eq cmdaddr 0xFE00))
sha_wraddr: (and (and (eq sha_state 0x3) (eq cmd 0x1)) (eq cmdaddr 0xFE00)) -> sha_wraddr
decode: (and (and (eq sha_state 0x4) (eq cmd 0x1)) (eq cmdaddr 0xFE00))
sha_wraddr: (and (and (eq sha_state 0x4) (eq cmd 0x1)) (eq cmdaddr 0xFE00)) -> sha_wraddr
decode: (and (and (eq sha_state 0x0) (eq cmd 0x1)) (eq cmdaddr 0xFE01))
sha_wraddr: (and (and (eq sha_state 0x0) (eq cmd 0x1)) (eq cmdaddr 0xFE01)) -> sha_wraddr
decode: (and (and (eq sha_state 0x1) (eq cmd 0x1)) (eq cmdaddr 0xFE01))
sha_wraddr: (and (and (eq sha_state 0x1) (eq cmd 0x1)) (eq cmdaddr 0xFE01)) -> sha_wraddr
decode: (and (and (eq sha_state 0x2) (eq cmd 0x1)) (eq cmdaddr 0xFE01))
sha_wraddr: (and (and (eq sha_state 0x2) (eq cmd 0x1)) (eq cmdaddr 0xFE01)) -> sha_wraddr
decode: (and (and (eq sha_state 0x3) (eq cmd 0x1)) (eq cmdaddr 0xFE01))
sha_wraddr: (and (and (eq sha_state 0x3) (eq cmd 0x1)) (eq cmdaddr 0xFE01)) -> sha_wraddr
decode: (and (and (eq sha_state 0x4) (eq cmd 0x1)) (eq cmdaddr 0xFE01))
sha_wraddr: (and (and (eq sha_state 0x4) (eq cmd 0x1)) (eq cmdaddr 0xFE01)) -> sha_wraddr
decode: (and (and (eq sha_state 0x0) (eq cmd 0x1)) (eq cmdaddr 0xFE02))
sha_wraddr: (and (and (eq sha_state 0x0) (eq cmd 0x1)) (eq cmdaddr 0xFE02)) -> sha_wraddr
decode: (and (and (eq sha_state 0x1) (eq cmd 0x1)) (eq cmdaddr 0xFE02))
sha_wraddr: (and (and (eq sha_state 0x1) (eq cmd 0x1)) (eq cmdaddr 0xFE02)) -> sha_wraddr
decode: (and (and (eq sha_state 0x2) (eq cmd 0x1)) (eq cmdaddr 0xFE02))
sha_wraddr: (and (and (eq sha_state 0x2) (eq cmd 0x1)) (eq cmdaddr 0xFE02)) -> sha_wraddr
decode: (and (and (eq sha_state 0x3) (eq cmd 0x1)) (eq cmdaddr 0xFE02))
sha_wraddr: (and (and (eq sha_state 0x3) (eq cmd 0x1)) (eq cmdaddr 0xFE02)) -> sha_wraddr
decode: (and (and (eq sha_state 0x4) (eq cmd 0x1)) (eq cmdaddr 0xFE02))
sha_wraddr: (and (and (eq sha_state 0x4) (eq cmd 0x1)) (eq cmdaddr 0xFE02)) -> sha_wraddr
decode: (and (and (eq sha_state 0x0) (eq cmd 0x1)) (eq cmdaddr 0xFE03))
sha_wraddr: (and (and (eq sha_state 0x0) (eq cmd 0x1)) (eq cmdaddr 0xFE03)) -> sha_wraddr
decode: (and (and (eq sha_state 0x1) (eq cmd 0x1)) (eq cmdaddr 0xFE03))
sha_wraddr: (and (and (eq sha_state 0x1) (eq cmd 0x1)) (eq cmdaddr 0xFE03)) -> sha_wraddr
decode: (and (and (eq sha_state 0x2) (eq cmd 0x1)) (eq cmdaddr 0xFE03))
sha_wraddr: (and (and (eq sha_state 0x2) (eq cmd 0x1)) (eq cmdaddr 0xFE03)) -> sha_wraddr
decode: (and (and (eq sha_state 0x3) (eq cmd 0x1)) (eq cmdaddr 0xFE03))
sha_wraddr: (and (and (eq sha_state 0x3) (eq cmd 0x1)) (eq cmdaddr 0xFE03)) -> sha_wraddr
decode: (and (and (eq sha_state 0x4) (eq cmd 0x1)) (eq cmdaddr 0xFE03))
sha_wraddr: (and (and (eq sha_state 0x4) (eq cmd 0x1)) (eq cmdaddr 0xFE03)) -> sha_wraddr
decode: (and (and (eq sha_state 0x0) (eq cmd 0x1)) (eq cmdaddr 0xFE04))
sha_wraddr: (and (and (eq sha_state 0x0) (eq cmd 0x1)) (eq cmdaddr 0xFE04)) -> sha_wraddr
decode: (and (and (eq sha_state 0x1) (eq cmd 0x1)) (eq cmdaddr 0xFE04))
sha_wraddr: (and (and (eq sha_state 0x1) (eq cmd 0x1)) (eq cmdaddr 0xFE04)) -> sha_wraddr
decode: (and (and (eq sha_state 0x2) (eq cmd 0x1)) (eq cmdaddr 0xFE04))
sha_wraddr: (and (and (eq sha_state 0x2) (eq cmd 0x1)) (eq cmdaddr 0xFE04)) -> sha_wraddr
decode: (and (and (eq sha_state 0x3) (eq cmd 0x1)) (eq cmdaddr 0xFE04))
sha_wraddr: (and (and (eq sha_state 0x3) (eq cmd 0x1)) (eq cmdaddr 0xFE04)) -> sha_wraddr
decode: (and (and (eq sha_state 0x4) (eq cmd 0x1)) (eq cmdaddr 0xFE04))
sha_wraddr: (and (and (eq sha_state 0x4) (eq cmd 0x1)) (eq cmdaddr 0xFE04)) -> sha_wraddr
decode: (and (and (eq sha_state 0x0) (eq cmd 0x1)) (eq cmdaddr 0xFE05))
sha_wraddr: (and (and (eq sha_state 0x0) (eq cmd 0x1)) (eq cmdaddr 0xFE05)) -> sha_wraddr
decode: (and (and (eq sha_state 0x1) (eq cmd 0x1)) (eq cmdaddr 0xFE05))
sha_wraddr: (and (and (eq sha_state 0x1) (eq cmd 0x1)) (eq cmdaddr 0xFE05)) -> sha_wraddr
decode: (and (and (eq sha_state 0x2) (eq cmd 0x1)) (eq cmdaddr 0xFE05))
sha_wraddr: (and (and (eq sha_state 0x2) (eq cmd 0x1)) (eq cmdaddr 0xFE05)) -> sha_wraddr
decode: (and (and (eq sha_state 0x3) (eq cmd 0x1)) (eq cmdaddr 0xFE05))
sha_wraddr: (and (and (eq sha_state 0x3) (eq cmd 0x1)) (eq cmdaddr 0xFE05)) -> sha_wraddr
decode: (and (and (eq sha_state 0x4) (eq cmd 0x1)) (eq cmdaddr 0xFE05))
sha_wraddr: (and (and (eq sha_state 0x4) (eq cmd 0x1)) (eq cmdaddr 0xFE05)) -> sha_wraddr
decode: (and (and (eq sha_state 0x0) (eq cmd 0x1)) (eq cmdaddr 0xFE06))
sha_wraddr: (and (and (eq sha_state 0x0) (eq cmd 0x1)) (eq cmdaddr 0xFE06)) -> sha_wraddr
decode: (and (and (eq sha_state 0x1) (eq cmd 0x1)) (eq cmdaddr 0xFE06))
sha_wraddr: (and (and (eq sha_state 0x1) (eq cmd 0x1)) (eq cmdaddr 0xFE06)) -> sha_wraddr
decode: (and (and (eq sha_state 0x2) (eq cmd 0x1)) (eq cmdaddr 0xFE06))
sha_wraddr: (and (and (eq sha_state 0x2) (eq cmd 0x1)) (eq cmdaddr 0xFE06)) -> sha_wraddr
decode: (and (and (eq sha_state 0x3) (eq cmd 0x1)) (eq cmdaddr 0xFE06))
sha_wraddr: (and (and (eq sha_state 0x3) (eq cmd 0x1)) (eq cmdaddr 0xFE06)) -> sha_wraddr
decode: (and (and (eq sha_state 0x4) (eq cmd 0x1)) (eq cmdaddr 0xFE06))
sha_wraddr: (and (and (eq sha_state 0x4) (eq cmd 0x1)) (eq cmdaddr 0xFE06)) -> sha_wraddr
decode: (and (and (eq sha_state 0x0) (eq cmd 0x1)) (eq cmdaddr 0xFE07))
sha_wraddr: (and (and (eq sha_state 0x0) (eq cmd 0x1)) (eq cmdaddr 0xFE07)) -> sha_wraddr
decode: (and (and (eq sha_state 0x1) (eq cmd 0x1)) (eq cmdaddr 0xFE07))
sha_wraddr: (and (and (eq sha_state 0x1) (eq cmd 0x1)) (eq cmdaddr 0xFE07)) -> sha_wraddr
decode: (and (and (eq sha_state 0x2) (eq cmd 0x1)) (eq cmdaddr 0xFE07))
sha_wraddr: (and (and (eq sha_state 0x2) (eq cmd 0x1)) (eq cmdaddr 0xFE07)) -> sha_wraddr
decode: (and (and (eq sha_state 0x3) (eq cmd 0x1)) (eq cmdaddr 0xFE07))
sha_wraddr: (and (and (eq sha_state 0x3) (eq cmd 0x1)) (eq cmdaddr 0xFE07)) -> sha_wraddr
decode: (and (and (eq sha_state 0x4) (eq cmd 0x1)) (eq cmdaddr 0xFE07))
sha_wraddr: (and (and (eq sha_state 0x4) (eq cmd 0x1)) (eq cmdaddr 0xFE07)) -> sha_wraddr
decode: (and (and (eq sha_state 0x0) (eq cmd 0x1)) (eq cmdaddr 0xFE08))
sha_wraddr: (and (and (eq sha_state 0x0) (eq cmd 0x1)) (eq cmdaddr 0xFE08)) -> sha_wraddr
decode: (and (and (eq sha_state 0x1) (eq cmd 0x1)) (eq cmdaddr 0xFE08))
sha_wraddr: (and (and (eq sha_state 0x1) (eq cmd 0x1)) (eq cmdaddr 0xFE08)) -> sha_wraddr
decode: (and (and (eq sha_state 0x2) (eq cmd 0x1)) (eq cmdaddr 0xFE08))
sha_wraddr: (and (and (eq sha_state 0x2) (eq cmd 0x1)) (eq cmdaddr 0xFE08)) -> sha_wraddr
decode: (and (and (eq sha_state 0x3) (eq cmd 0x1)) (eq cmdaddr 0xFE08))
sha_wraddr: (and (and (eq sha_state 0x3) (eq cmd 0x1)) (eq cmdaddr 0xFE08)) -> sha_wraddr
decode: (and (and (eq sha_state 0x4) (eq cmd 0x1)) (eq cmdaddr 0xFE08))
sha_wraddr: (and (and (eq sha_state 0x4) (eq cmd 0x1)) (eq cmdaddr 0xFE08)) -> sha_wraddr
decode: (and (and (eq sha_state 0x0) (eq cmd 0x1)) (eq cmdaddr 0xFE09))
sha_wraddr: (and (and (eq sha_state 0x0) (eq cmd 0x1)) (eq cmdaddr 0xFE09)) -> sha_wraddr
decode: (and (and (eq sha_state 0x1) (eq cmd 0x1)) (eq cmdaddr 0xFE09))
sha_wraddr: (and (and (eq sha_state 0x1) (eq cmd 0x1)) (eq cmdaddr 0xFE09)) -> sha_wraddr
decode: (and (and (eq sha_state 0x2) (eq cmd 0x1)) (eq cmdaddr 0xFE09))
sha_wraddr: (and (and (eq sha_state 0x2) (eq cmd 0x1)) (eq cmdaddr 0xFE09)) -> sha_wraddr
decode: (and (and (eq sha_state 0x3) (eq cmd 0x1)) (eq cmdaddr 0xFE09))
sha_wraddr: (and (and (eq sha_state 0x3) (eq cmd 0x1)) (eq cmdaddr 0xFE09)) -> sha_wraddr
decode: (and (and (eq sha_state 0x4) (eq cmd 0x1)) (eq cmdaddr 0xFE09))
sha_wraddr: (and (and (eq sha_state 0x4) (eq cmd 0x1)) (eq cmdaddr 0xFE09)) -> sha_wraddr
decode: (and (and (eq sha_state 0x0) (eq cmd 0x1)) (eq cmdaddr 0xFE0A))
sha_wraddr: (and (and (eq sha_state 0x0) (eq cmd 0x1)) (eq cmdaddr 0xFE0A)) -> sha_wraddr
decode: (and (and (eq sha_state 0x1) (eq cmd 0x1)) (eq cmdaddr 0xFE0A))
sha_wraddr: (and (and (eq sha_state 0x1) (eq cmd 0x1)) (eq cmdaddr 0xFE0A)) -> sha_wraddr
decode: (and (and (eq sha_state 0x2) (eq cmd 0x1)) (eq cmdaddr 0xFE0A))
sha_wraddr: (and (and (eq sha_state 0x2) (eq cmd 0x1)) (eq cmdaddr 0xFE0A)) -> sha_wraddr
decode: (and (and (eq sha_state 0x3) (eq cmd 0x1)) (eq cmdaddr 0xFE0A))
sha_wraddr: (and (and (eq sha_state 0x3) (eq cmd 0x1)) (eq cmdaddr 0xFE0A)) -> sha_wraddr
decode: (and (and (eq sha_state 0x4) (eq cmd 0x1)) (eq cmdaddr 0xFE0A))
sha_wraddr: (and (and (eq sha_state 0x4) (eq cmd 0x1)) (eq cmdaddr 0xFE0A)) -> sha_wraddr
decode: (and (and (eq sha_state 0x0) (eq cmd 0x1)) (eq cmdaddr 0xFE0B))
sha_wraddr: (and (and (eq sha_state 0x0) (eq cmd 0x1)) (eq cmdaddr 0xFE0B)) -> sha_wraddr
decode: (and (and (eq sha_state 0x1) (eq cmd 0x1)) (eq cmdaddr 0xFE0B))
sha_wraddr: (and (and (eq sha_state 0x1) (eq cmd 0x1)) (eq cmdaddr 0xFE0B)) -> sha_wraddr
decode: (and (and (eq sha_state 0x2) (eq cmd 0x1)) (eq cmdaddr 0xFE0B))
sha_wraddr: (and (and (eq sha_state 0x2) (eq cmd 0x1)) (eq cmdaddr 0xFE0B)) -> sha_wraddr
decode: (and (and (eq sha_state 0x3) (eq cmd 0x1)) (eq cmdaddr 0xFE0B))
sha_wraddr: (and (and (eq sha_state 0x3) (eq cmd 0x1)) (eq cmdaddr 0xFE0B)) -> sha_wraddr
decode: (and (and (eq sha_state 0x4) (eq cmd 0x1)) (eq cmdaddr 0xFE0B))
sha_wraddr: (and (and (eq sha_state 0x4) (eq cmd 0x1)) (eq cmdaddr 0xFE0B)) -> sha_wraddr
decode: (and (and (eq sha_state 0x0) (eq cmd 0x1)) (eq cmdaddr 0xFE0C))
sha_wraddr: (and (and (eq sha_state 0x0) (eq cmd 0x1)) (eq cmdaddr 0xFE0C)) -> sha_wraddr
decode: (and (and (eq sha_state 0x1) (eq cmd 0x1)) (eq cmdaddr 0xFE0C))
sha_wraddr: (and (and (eq sha_state 0x1) (eq cmd 0x1)) (eq cmdaddr 0xFE0C)) -> sha_wraddr
decode: (and (and (eq sha_state 0x2) (eq cmd 0x1)) (eq cmdaddr 0xFE0C))
sha_wraddr: (and (and (eq sha_state 0x2) (eq cmd 0x1)) (eq cmdaddr 0xFE0C)) -> sha_wraddr
decode: (and (and (eq sha_state 0x3) (eq cmd 0x1)) (eq cmdaddr 0xFE0C))
sha_wraddr: (and (and (eq sha_state 0x3) (eq cmd 0x1)) (eq cmdaddr 0xFE0C)) -> sha_wraddr
decode: (and (and (eq sha_state 0x4) (eq cmd 0x1)) (eq cmdaddr 0xFE0C))
sha_wraddr: (and (and (eq sha_state 0x4) (eq cmd 0x1)) (eq cmdaddr 0xFE0C)) -> sha_wraddr
decode: (and (and (eq sha_state 0x0) (eq cmd 0x1)) (eq cmdaddr 0xFE0D))
sha_wraddr: (and (and (eq sha_state 0x0) (eq cmd 0x1)) (eq cmdaddr 0xFE0D)) -> sha_wraddr
decode: (and (and (eq sha_state 0x1) (eq cmd 0x1)) (eq cmdaddr 0xFE0D))
sha_wraddr: (and (and (eq sha_state 0x1) (eq cmd 0x1)) (eq cmdaddr 0xFE0D)) -> sha_wraddr
decode: (and (and (eq sha_state 0x2) (eq cmd 0x1)) (eq cmdaddr 0xFE0D))
sha_wraddr: (and (and (eq sha_state 0x2) (eq cmd 0x1)) (eq cmdaddr 0xFE0D)) -> sha_wraddr
decode: (and (and (eq sha_state 0x3) (eq cmd 0x1)) (eq cmdaddr 0xFE0D))
sha_wraddr: (and (and (eq sha_state 0x3) (eq cmd 0x1)) (eq cmdaddr 0xFE0D)) -> sha_wraddr
decode: (and (and (eq sha_state 0x4) (eq cmd 0x1)) (eq cmdaddr 0xFE0D))
sha_wraddr: (and (and (eq sha_state 0x4) (eq cmd 0x1)) (eq cmdaddr 0xFE0D)) -> sha_wraddr
decode: (and (and (eq sha_state 0x0) (eq cmd 0x1)) (eq cmdaddr 0xFE0E))
sha_wraddr: (and (and (eq sha_state 0x0) (eq cmd 0x1)) (eq cmdaddr 0xFE0E)) -> sha_wraddr
decode: (and (and (eq sha_state 0x1) (eq cmd 0x1)) (eq cmdaddr 0xFE0E))
sha_wraddr: (and (and (eq sha_state 0x1) (eq cmd 0x1)) (eq cmdaddr 0xFE0E)) -> sha_wraddr
decode: (and (and (eq sha_state 0x2) (eq cmd 0x1)) (eq cmdaddr 0xFE0E))
sha_wraddr: (and (and (eq sha_state 0x2) (eq cmd 0x1)) (eq cmdaddr 0xFE0E)) -> sha_wraddr
decode: (and (and (eq sha_state 0x3) (eq cmd 0x1)) (eq cmdaddr 0xFE0E))
sha_wraddr: (and (and (eq sha_state 0x3) (eq cmd 0x1)) (eq cmdaddr 0xFE0E)) -> sha_wraddr
decode: (and (and (eq sha_state 0x4) (eq cmd 0x1)) (eq cmdaddr 0xFE0E))
sha_wraddr: (and (and (eq sha_state 0x4) (eq cmd 0x1)) (eq cmdaddr 0xFE0E)) -> sha_wraddr
decode: (and (and (eq sha_state 0x0) (eq cmd 0x1)) (eq cmdaddr 0xFE0F))
sha_wraddr: (and (and (eq sha_state 0x0) (eq cmd 0x1)) (eq cmdaddr 0xFE0F)) -> sha_wraddr
decode: (and (and (eq sha_state 0x1) (eq cmd 0x1)) (eq cmdaddr 0xFE0F))
sha_wraddr: (and (and (eq sha_state 0x1) (eq cmd 0x1)) (eq cmdaddr 0xFE0F)) -> sha_wraddr
decode: (and (and (eq sha_state 0x2) (eq cmd 0x1)) (eq cmdaddr 0xFE0F))
sha_wraddr: (and (and (eq sha_state 0x2) (eq cmd 0x1)) (eq cmdaddr 0xFE0F)) -> sha_wraddr
decode: (and (and (eq sha_state 0x3) (eq cmd 0x1)) (eq cmdaddr 0xFE0F))
sha_wraddr: (and (and (eq sha_state 0x3) (eq cmd 0x1)) (eq cmdaddr 0xFE0F)) -> sha_wraddr
decode: (and (and (eq sha_state 0x4) (eq cmd 0x1)) (eq cmdaddr 0xFE0F))
sha_wraddr: (and (and (eq sha_state 0x4) (eq cmd 0x1)) (eq cmdaddr 0xFE0F)) -> sha_wraddr
decode: (and (and (eq sha_state 0x0) (eq cmd 0x2)) (eq cmdaddr 0xFE00))
sha_wraddr: (and (and (eq sha_state 0x0) (eq cmd 0x2)) (eq cmdaddr 0xFE00)) -> sha_wraddr
decode: (and (and (eq sha_state 0x0) (eq cmd 0x2)) (eq cmdaddr 0xFE01))
sha_wraddr: (and (and (eq sha_state 0x0) (eq cmd 0x2)) (eq cmdaddr 0xFE01)) -> sha_wraddr
decode: (and (and (eq sha_state 0x0) (eq cmd 0x2)) (eq cmdaddr 0xFE02))
sha_wraddr: (and (and (eq sha_state 0x0) (eq cmd 0x2)) (eq cmdaddr 0xFE02)) -> sha_wraddr
decode: (and (and (eq sha_state 0x0) (eq cmd 0x2)) (eq cmdaddr 0xFE03))
sha_wraddr: (and (and (eq sha_state 0x0) (eq cmd 0x2)) (eq cmdaddr 0xFE03)) -> sha_wraddr
decode: (and (and (eq sha_state 0x0) (eq cmd 0x2)) (eq cmdaddr 0xFE04))
sha_wraddr: (and (and (eq sha_state 0x0) (eq cmd 0x2)) (eq cmdaddr 0xFE04)) -> (concat (extract sha_wraddr #0xf #0x8) cmddata)
decode: (and (and (eq sha_state 0x0) (eq cmd 0x2)) (eq cmdaddr 0xFE05))
sha_wraddr: (and (and (eq sha_state 0x0) (eq cmd 0x2)) (eq cmdaddr 0xFE05)) -> (concat cmddata (extract sha_wraddr #0x7 #0))
decode: (and (and (eq sha_state 0x0) (eq cmd 0x2)) (eq cmdaddr 0xFE06))
sha_wraddr: (and (and (eq sha_state 0x0) (eq cmd 0x2)) (eq cmdaddr 0xFE06)) -> sha_wraddr
decode: (and (and (eq sha_state 0x0) (eq cmd 0x2)) (eq cmdaddr 0xFE07))
sha_wraddr: (and (and (eq sha_state 0x0) (eq cmd 0x2)) (eq cmdaddr 0xFE07)) -> sha_wraddr
decode: (and (and (eq sha_state 0x0) (eq cmd 0x2)) (eq cmdaddr 0xFE08))
sha_wraddr: (and (and (eq sha_state 0x0) (eq cmd 0x2)) (eq cmdaddr 0xFE08)) -> sha_wraddr
decode: (and (and (eq sha_state 0x0) (eq cmd 0x2)) (eq cmdaddr 0xFE09))
sha_wraddr: (and (and (eq sha_state 0x0) (eq cmd 0x2)) (eq cmdaddr 0xFE09)) -> sha_wraddr
decode: (and (and (eq sha_state 0x0) (eq cmd 0x2)) (eq cmdaddr 0xFE0A))
sha_wraddr: (and (and (eq sha_state 0x0) (eq cmd 0x2)) (eq cmdaddr 0xFE0A)) -> sha_wraddr
decode: (and (and (eq sha_state 0x0) (eq cmd 0x2)) (eq cmdaddr 0xFE0B))
sha_wraddr: (and (and (eq sha_state 0x0) (eq cmd 0x2)) (eq cmdaddr 0xFE0B)) -> sha_wraddr
decode: (and (and (eq sha_state 0x0) (eq cmd 0x2)) (eq cmdaddr 0xFE0C))
sha_wraddr: (and (and (eq sha_state 0x0) (eq cmd 0x2)) (eq cmdaddr 0xFE0C)) -> sha_wraddr
decode: (and (and (eq sha_state 0x0) (eq cmd 0x2)) (eq cmdaddr 0xFE0D))
sha_wraddr: (and (and (eq sha_state 0x0) (eq cmd 0x2)) (eq cmdaddr 0xFE0D)) -> sha_wraddr
decode: (and (and (eq sha_state 0x0) (eq cmd 0x2)) (eq cmdaddr 0xFE0E))
sha_wraddr: (and (and (eq sha_state 0x0) (eq cmd 0x2)) (eq cmdaddr 0xFE0E)) -> sha_wraddr
decode: (and (and (eq sha_state 0x0) (eq cmd 0x2)) (eq cmdaddr 0xFE0F))
sha_wraddr: (and (and (eq sha_state 0x0) (eq cmd 0x2)) (eq cmdaddr 0xFE0F)) -> sha_wraddr
decode: (or (and (neq sha_state 0x0) (neq cmd 0x1)) (and (and (eq sha_state 0x0) (neq cmd 0x1)) (neq cmd 0x2)))
sha_wraddr: (or (and (neq sha_state 0x0) (neq cmd 0x1)) (and (and (eq sha_state 0x0) (neq cmd 0x1)) (neq cmd 0x2))) -> sha_wraddr
sha_wraddr: (if (and (and (eq sha_state 0x0) (eq cmd 0x2)) (eq cmdaddr 0xFE05)) (concat cmddata (extract sha_wraddr #0x7 #0)) (if (and (and (eq sha_state 0x0) (eq cmd 0x2)) (eq cmdaddr 0xFE04)) (concat (extract sha_wraddr #0xf #0x8) cmddata) sha_wraddr))
reuseModels: 0x1
decode: (and (and (eq sha_state 0x0) (eq cmd 0x1)) (eq cmdaddr 0xFE00))
sha_len: (and (and (eq sha_state 0x0) (eq cmd 0x1)) (eq cmdaddr 0xFE00)) -> sha_len
decode: (and (and (eq sha_state 0x1) (eq cmd 0x1)) (eq cmdaddr 0xFE00))
sha_len: (and (and (eq sha_state 0x1) (eq cmd 0x1)) (eq cmdaddr 0xFE00)) -> sha_len
decode: (and (and (eq sha_state 0x2) (eq cmd 0x1)) (eq cmdaddr 0xFE00))
sha_len: (and (and (eq sha_state 0x2) (eq cmd 0x1)) (eq cmdaddr 0xFE00)) -> sha_len
decode: (and (and (eq sha_state 0x3) (eq cmd 0x1)) (eq cmdaddr 0xFE00))
sha_len: (and (and (eq sha_state 0x3) (eq cmd 0x1)) (eq cmdaddr 0xFE00)) -> sha_len
decode: (and (and (eq sha_state 0x4) (eq cmd 0x1)) (eq cmdaddr 0xFE00))
sha_len: (and (and (eq sha_state 0x4) (eq cmd 0x1)) (eq cmdaddr 0xFE00)) -> sha_len
decode: (and (and (eq sha_state 0x0) (eq cmd 0x1)) (eq cmdaddr 0xFE01))
sha_len: (and (and (eq sha_state 0x0) (eq cmd 0x1)) (eq cmdaddr 0xFE01)) -> sha_len
decode: (and (and (eq sha_state 0x1) (eq cmd 0x1)) (eq cmdaddr 0xFE01))
sha_len: (and (and (eq sha_state 0x1) (eq cmd 0x1)) (eq cmdaddr 0xFE01)) -> sha_len
decode: (and (and (eq sha_state 0x2) (eq cmd 0x1)) (eq cmdaddr 0xFE01))
sha_len: (and (and (eq sha_state 0x2) (eq cmd 0x1)) (eq cmdaddr 0xFE01)) -> sha_len
decode: (and (and (eq sha_state 0x3) (eq cmd 0x1)) (eq cmdaddr 0xFE01))
sha_len: (and (and (eq sha_state 0x3) (eq cmd 0x1)) (eq cmdaddr 0xFE01)) -> sha_len
decode: (and (and (eq sha_state 0x4) (eq cmd 0x1)) (eq cmdaddr 0xFE01))
sha_len: (and (and (eq sha_state 0x4) (eq cmd 0x1)) (eq cmdaddr 0xFE01)) -> sha_len
decode: (and (and (eq sha_state 0x0) (eq cmd 0x1)) (eq cmdaddr 0xFE02))
sha_len: (and (and (eq sha_state 0x0) (eq cmd 0x1)) (eq cmdaddr 0xFE02)) -> sha_len
decode: (and (and (eq sha_state 0x1) (eq cmd 0x1)) (eq cmdaddr 0xFE02))
sha_len: (and (and (eq sha_state 0x1) (eq cmd 0x1)) (eq cmdaddr 0xFE02)) -> sha_len
decode: (and (and (eq sha_state 0x2) (eq cmd 0x1)) (eq cmdaddr 0xFE02))
sha_len: (and (and (eq sha_state 0x2) (eq cmd 0x1)) (eq cmdaddr 0xFE02)) -> sha_len
decode: (and (and (eq sha_state 0x3) (eq cmd 0x1)) (eq cmdaddr 0xFE02))
sha_len: (and (and (eq sha_state 0x3) (eq cmd 0x1)) (eq cmdaddr 0xFE02)) -> sha_len
decode: (and (and (eq sha_state 0x4) (eq cmd 0x1)) (eq cmdaddr 0xFE02))
sha_len: (and (and (eq sha_state 0x4) (eq cmd 0x1)) (eq cmdaddr 0xFE02)) -> sha_len
decode: (and (and (eq sha_state 0x0) (eq cmd 0x1)) (eq cmdaddr 0xFE03))
sha_len: (and (and (eq sha_state 0x0) (eq cmd 0x1)) (eq cmdaddr 0xFE03)) -> sha_len
decode: (and (and (eq sha_state 0x1) (eq cmd 0x1)) (eq cmdaddr 0xFE03))
sha_len: (and (and (eq sha_state 0x1) (eq cmd 0x1)) (eq cmdaddr 0xFE03)) -> sha_len
decode: (and (and (eq sha_state 0x2) (eq cmd 0x1)) (eq cmdaddr 0xFE03))
sha_len: (and (and (eq sha_state 0x2) (eq cmd 0x1)) (eq cmdaddr 0xFE03)) -> sha_len
decode: (and (and (eq sha_state 0x3) (eq cmd 0x1)) (eq cmdaddr 0xFE03))
sha_len: (and (and (eq sha_state 0x3) (eq cmd 0x1)) (eq cmdaddr 0xFE03)) -> sha_len
decode: (and (and (eq sha_state 0x4) (eq cmd 0x1)) (eq cmdaddr 0xFE03))
sha_len: (and (and (eq sha_state 0x4) (eq cmd 0x1)) (eq cmdaddr 0xFE03)) -> sha_len
decode: (and (and (eq sha_state 0x0) (eq cmd 0x1)) (eq cmdaddr 0xFE04))
sha_len: (and (and (eq sha_state 0x0) (eq cmd 0x1)) (eq cmdaddr 0xFE04)) -> sha_len
decode: (and (and (eq sha_state 0x1) (eq cmd 0x1)) (eq cmdaddr 0xFE04))
sha_len: (and (and (eq sha_state 0x1) (eq cmd 0x1)) (eq cmdaddr 0xFE04)) -> sha_len
decode: (and (and (eq sha_state 0x2) (eq cmd 0x1)) (eq cmdaddr 0xFE04))
sha_len: (and (and (eq sha_state 0x2) (eq cmd 0x1)) (eq cmdaddr 0xFE04)) -> sha_len
decode: (and (and (eq sha_state 0x3) (eq cmd 0x1)) (eq cmdaddr 0xFE04))
sha_len: (and (and (eq sha_state 0x3) (eq cmd 0x1)) (eq cmdaddr 0xFE04)) -> sha_len
decode: (and (and (eq sha_state 0x4) (eq cmd 0x1)) (eq cmdaddr 0xFE04))
sha_len: (and (and (eq sha_state 0x4) (eq cmd 0x1)) (eq cmdaddr 0xFE04)) -> sha_len
decode: (and (and (eq sha_state 0x0) (eq cmd 0x1)) (eq cmdaddr 0xFE05))
sha_len: (and (and (eq sha_state 0x0) (eq cmd 0x1)) (eq cmdaddr 0xFE05)) -> sha_len
decode: (and (and (eq sha_state 0x1) (eq cmd 0x1)) (eq cmdaddr 0xFE05))
sha_len: (and (and (eq sha_state 0x1) (eq cmd 0x1)) (eq cmdaddr 0xFE05)) -> sha_len
decode: (and (and (eq sha_state 0x2) (eq cmd 0x1)) (eq cmdaddr 0xFE05))
sha_len: (and (and (eq sha_state 0x2) (eq cmd 0x1)) (eq cmdaddr 0xFE05)) -> sha_len
decode: (and (and (eq sha_state 0x3) (eq cmd 0x1)) (eq cmdaddr 0xFE05))
sha_len: (and (and (eq sha_state 0x3) (eq cmd 0x1)) (eq cmdaddr 0xFE05)) -> sha_len
decode: (and (and (eq sha_state 0x4) (eq cmd 0x1)) (eq cmdaddr 0xFE05))
sha_len: (and (and (eq sha_state 0x4) (eq cmd 0x1)) (eq cmdaddr 0xFE05)) -> sha_len
decode: (and (and (eq sha_state 0x0) (eq cmd 0x1)) (eq cmdaddr 0xFE06))
sha_len: (and (and (eq sha_state 0x0) (eq cmd 0x1)) (eq cmdaddr 0xFE06)) -> sha_len
decode: (and (and (eq sha_state 0x1) (eq cmd 0x1)) (eq cmdaddr 0xFE06))
sha_len: (and (and (eq sha_state 0x1) (eq cmd 0x1)) (eq cmdaddr 0xFE06)) -> sha_len
decode: (and (and (eq sha_state 0x2) (eq cmd 0x1)) (eq cmdaddr 0xFE06))
sha_len: (and (and (eq sha_state 0x2) (eq cmd 0x1)) (eq cmdaddr 0xFE06)) -> sha_len
decode: (and (and (eq sha_state 0x3) (eq cmd 0x1)) (eq cmdaddr 0xFE06))
sha_len: (and (and (eq sha_state 0x3) (eq cmd 0x1)) (eq cmdaddr 0xFE06)) -> sha_len
decode: (and (and (eq sha_state 0x4) (eq cmd 0x1)) (eq cmdaddr 0xFE06))
sha_len: (and (and (eq sha_state 0x4) (eq cmd 0x1)) (eq cmdaddr 0xFE06)) -> sha_len
decode: (and (and (eq sha_state 0x0) (eq cmd 0x1)) (eq cmdaddr 0xFE07))
sha_len: (and (and (eq sha_state 0x0) (eq cmd 0x1)) (eq cmdaddr 0xFE07)) -> sha_len
decode: (and (and (eq sha_state 0x1) (eq cmd 0x1)) (eq cmdaddr 0xFE07))
sha_len: (and (and (eq sha_state 0x1) (eq cmd 0x1)) (eq cmdaddr 0xFE07)) -> sha_len
decode: (and (and (eq sha_state 0x2) (eq cmd 0x1)) (eq cmdaddr 0xFE07))
sha_len: (and (and (eq sha_state 0x2) (eq cmd 0x1)) (eq cmdaddr 0xFE07)) -> sha_len
decode: (and (and (eq sha_state 0x3) (eq cmd 0x1)) (eq cmdaddr 0xFE07))
sha_len: (and (and (eq sha_state 0x3) (eq cmd 0x1)) (eq cmdaddr 0xFE07)) -> sha_len
decode: (and (and (eq sha_state 0x4) (eq cmd 0x1)) (eq cmdaddr 0xFE07))
sha_len: (and (and (eq sha_state 0x4) (eq cmd 0x1)) (eq cmdaddr 0xFE07)) -> sha_len
decode: (and (and (eq sha_state 0x0) (eq cmd 0x1)) (eq cmdaddr 0xFE08))
sha_len: (and (and (eq sha_state 0x0) (eq cmd 0x1)) (eq cmdaddr 0xFE08)) -> sha_len
decode: (and (and (eq sha_state 0x1) (eq cmd 0x1)) (eq cmdaddr 0xFE08))
sha_len: (and (and (eq sha_state 0x1) (eq cmd 0x1)) (eq cmdaddr 0xFE08)) -> sha_len
decode: (and (and (eq sha_state 0x2) (eq cmd 0x1)) (eq cmdaddr 0xFE08))
sha_len: (and (and (eq sha_state 0x2) (eq cmd 0x1)) (eq cmdaddr 0xFE08)) -> sha_len
decode: (and (and (eq sha_state 0x3) (eq cmd 0x1)) (eq cmdaddr 0xFE08))
sha_len: (and (and (eq sha_state 0x3) (eq cmd 0x1)) (eq cmdaddr 0xFE08)) -> sha_len
decode: (and (and (eq sha_state 0x4) (eq cmd 0x1)) (eq cmdaddr 0xFE08))
sha_len: (and (and (eq sha_state 0x4) (eq cmd 0x1)) (eq cmdaddr 0xFE08)) -> sha_len
decode: (and (and (eq sha_state 0x0) (eq cmd 0x1)) (eq cmdaddr 0xFE09))
sha_len: (and (and (eq sha_state 0x0) (eq cmd 0x1)) (eq cmdaddr 0xFE09)) -> sha_len
decode: (and (and (eq sha_state 0x1) (eq cmd 0x1)) (eq cmdaddr 0xFE09))
sha_len: (and (and (eq sha_state 0x1) (eq cmd 0x1)) (eq cmdaddr 0xFE09)) -> sha_len
decode: (and (and (eq sha_state 0x2) (eq cmd 0x1)) (eq cmdaddr 0xFE09))
sha_len: (and (and (eq sha_state 0x2) (eq cmd 0x1)) (eq cmdaddr 0xFE09)) -> sha_len
decode: (and (and (eq sha_state 0x3) (eq cmd 0x1)) (eq cmdaddr 0xFE09))
sha_len: (and (and (eq sha_state 0x3) (eq cmd 0x1)) (eq cmdaddr 0xFE09)) -> sha_len
decode: (and (and (eq sha_state 0x4) (eq cmd 0x1)) (eq cmdaddr 0xFE09))
sha_len: (and (and (eq sha_state 0x4) (eq cmd 0x1)) (eq cmdaddr 0xFE09)) -> sha_len
decode: (and (and (eq sha_state 0x0) (eq cmd 0x1)) (eq cmdaddr 0xFE0A))
sha_len: (and (and (eq sha_state 0x0) (eq cmd 0x1)) (eq cmdaddr 0xFE0A)) -> sha_len
decode: (and (and (eq sha_state 0x1) (eq cmd 0x1)) (eq cmdaddr 0xFE0A))
sha_len: (and (and (eq sha_state 0x1) (eq cmd 0x1)) (eq cmdaddr 0xFE0A)) -> sha_len
decode: (and (and (eq sha_state 0x2) (eq cmd 0x1)) (eq cmdaddr 0xFE0A))
sha_len: (and (and (eq sha_state 0x2) (eq cmd 0x1)) (eq cmdaddr 0xFE0A)) -> sha_len
decode: (and (and (eq sha_state 0x3) (eq cmd 0x1)) (eq cmdaddr 0xFE0A))
sha_len: (and (and (eq sha_state 0x3) (eq cmd 0x1)) (eq cmdaddr 0xFE0A)) -> sha_len
decode: (and (and (eq sha_state 0x4) (eq cmd 0x1)) (eq cmdaddr 0xFE0A))
sha_len: (and (and (eq sha_state 0x4) (eq cmd 0x1)) (eq cmdaddr 0xFE0A)) -> sha_len
decode: (and (and (eq sha_state 0x0) (eq cmd 0x1)) (eq cmdaddr 0xFE0B))
sha_len: (and (and (eq sha_state 0x0) (eq cmd 0x1)) (eq cmdaddr 0xFE0B)) -> sha_len
decode: (and (and (eq sha_state 0x1) (eq cmd 0x1)) (eq cmdaddr 0xFE0B))
sha_len: (and (and (eq sha_state 0x1) (eq cmd 0x1)) (eq cmdaddr 0xFE0B)) -> sha_len
decode: (and (and (eq sha_state 0x2) (eq cmd 0x1)) (eq cmdaddr 0xFE0B))
sha_len: (and (and (eq sha_state 0x2) (eq cmd 0x1)) (eq cmdaddr 0xFE0B)) -> sha_len
decode: (and (and (eq sha_state 0x3) (eq cmd 0x1)) (eq cmdaddr 0xFE0B))
sha_len: (and (and (eq sha_state 0x3) (eq cmd 0x1)) (eq cmdaddr 0xFE0B)) -> sha_len
decode: (and (and (eq sha_state 0x4) (eq cmd 0x1)) (eq cmdaddr 0xFE0B))
sha_len: (and (and (eq sha_state 0x4) (eq cmd 0x1)) (eq cmdaddr 0xFE0B)) -> sha_len
decode: (and (and (eq sha_state 0x0) (eq cmd 0x1)) (eq cmdaddr 0xFE0C))
sha_len: (and (and (eq sha_state 0x0) (eq cmd 0x1)) (eq cmdaddr 0xFE0C)) -> sha_len
decode: (and (and (eq sha_state 0x1) (eq cmd 0x1)) (eq cmdaddr 0xFE0C))
sha_len: (and (and (eq sha_state 0x1) (eq cmd 0x1)) (eq cmdaddr 0xFE0C)) -> sha_len
decode: (and (and (eq sha_state 0x2) (eq cmd 0x1)) (eq cmdaddr 0xFE0C))
sha_len: (and (and (eq sha_state 0x2) (eq cmd 0x1)) (eq cmdaddr 0xFE0C)) -> sha_len
decode: (and (and (eq sha_state 0x3) (eq cmd 0x1)) (eq cmdaddr 0xFE0C))
sha_len: (and (and (eq sha_state 0x3) (eq cmd 0x1)) (eq cmdaddr 0xFE0C)) -> sha_len
decode: (and (and (eq sha_state 0x4) (eq cmd 0x1)) (eq cmdaddr 0xFE0C))
sha_len: (and (and (eq sha_state 0x4) (eq cmd 0x1)) (eq cmdaddr 0xFE0C)) -> sha_len
decode: (and (and (eq sha_state 0x0) (eq cmd 0x1)) (eq cmdaddr 0xFE0D))
sha_len: (and (and (eq sha_state 0x0) (eq cmd 0x1)) (eq cmdaddr 0xFE0D)) -> sha_len
decode: (and (and (eq sha_state 0x1) (eq cmd 0x1)) (eq cmdaddr 0xFE0D))
sha_len: (and (and (eq sha_state 0x1) (eq cmd 0x1)) (eq cmdaddr 0xFE0D)) -> sha_len
decode: (and (and (eq sha_state 0x2) (eq cmd 0x1)) (eq cmdaddr 0xFE0D))
sha_len: (and (and (eq sha_state 0x2) (eq cmd 0x1)) (eq cmdaddr 0xFE0D)) -> sha_len
decode: (and (and (eq sha_state 0x3) (eq cmd 0x1)) (eq cmdaddr 0xFE0D))
sha_len: (and (and (eq sha_state 0x3) (eq cmd 0x1)) (eq cmdaddr 0xFE0D)) -> sha_len
decode: (and (and (eq sha_state 0x4) (eq cmd 0x1)) (eq cmdaddr 0xFE0D))
sha_len: (and (and (eq sha_state 0x4) (eq cmd 0x1)) (eq cmdaddr 0xFE0D)) -> sha_len
decode: (and (and (eq sha_state 0x0) (eq cmd 0x1)) (eq cmdaddr 0xFE0E))
sha_len: (and (and (eq sha_state 0x0) (eq cmd 0x1)) (eq cmdaddr 0xFE0E)) -> sha_len
decode: (and (and (eq sha_state 0x1) (eq cmd 0x1)) (eq cmdaddr 0xFE0E))
sha_len: (and (and (eq sha_state 0x1) (eq cmd 0x1)) (eq cmdaddr 0xFE0E)) -> sha_len
decode: (and (and (eq sha_state 0x2) (eq cmd 0x1)) (eq cmdaddr 0xFE0E))
sha_len: (and (and (eq sha_state 0x2) (eq cmd 0x1)) (eq cmdaddr 0xFE0E)) -> sha_len
decode: (and (and (eq sha_state 0x3) (eq cmd 0x1)) (eq cmdaddr 0xFE0E))
sha_len: (and (and (eq sha_state 0x3) (eq cmd 0x1)) (eq cmdaddr 0xFE0E)) -> sha_len
decode: (and (and (eq sha_state 0x4) (eq cmd 0x1)) (eq cmdaddr 0xFE0E))
sha_len: (and (and (eq sha_state 0x4) (eq cmd 0x1)) (eq cmdaddr 0xFE0E)) -> sha_len
decode: (and (and (eq sha_state 0x0) (eq cmd 0x1)) (eq cmdaddr 0xFE0F))
sha_len: (and (and (eq sha_state 0x0) (eq cmd 0x1)) (eq cmdaddr 0xFE0F)) -> sha_len
decode: (and (and (eq sha_state 0x1) (eq cmd 0x1)) (eq cmdaddr 0xFE0F))
sha_len: (and (and (eq sha_state 0x1) (eq cmd 0x1)) (eq cmdaddr 0xFE0F)) -> sha_len
decode: (and (and (eq sha_state 0x2) (eq cmd 0x1)) (eq cmdaddr 0xFE0F))
sha_len: (and (and (eq sha_state 0x2) (eq cmd 0x1)) (eq cmdaddr 0xFE0F)) -> sha_len
decode: (and (and (eq sha_state 0x3) (eq cmd 0x1)) (eq cmdaddr 0xFE0F))
sha_len: (and (and (eq sha_state 0x3) (eq cmd 0x1)) (eq cmdaddr 0xFE0F)) -> sha_len
decode: (and (and (eq sha_state 0x4) (eq cmd 0x1)) (eq cmdaddr 0xFE0F))
sha_len: (and (and (eq sha_state 0x4) (eq cmd 0x1)) (eq cmdaddr 0xFE0F)) -> sha_len
decode: (and (and (eq sha_state 0x0) (eq cmd 0x2)) (eq cmdaddr 0xFE00))
sha_len: (and (and (eq sha_state 0x0) (eq cmd 0x2)) (eq cmdaddr 0xFE00)) -> sha_len
decode: (and (and (eq sha_state 0x0) (eq cmd 0x2)) (eq cmdaddr 0xFE01))
sha_len: (and (and (eq sha_state 0x0) (eq cmd 0x2)) (eq cmdaddr 0xFE01)) -> sha_len
decode: (and (and (eq sha_state 0x0) (eq cmd 0x2)) (eq cmdaddr 0xFE02))
sha_len: (and (and (eq sha_state 0x0) (eq cmd 0x2)) (eq cmdaddr 0xFE02)) -> sha_len
decode: (and (and (eq sha_state 0x0) (eq cmd 0x2)) (eq cmdaddr 0xFE03))
sha_len: (and (and (eq sha_state 0x0) (eq cmd 0x2)) (eq cmdaddr 0xFE03)) -> sha_len
decode: (and (and (eq sha_state 0x0) (eq cmd 0x2)) (eq cmdaddr 0xFE04))
sha_len: (and (and (eq sha_state 0x0) (eq cmd 0x2)) (eq cmdaddr 0xFE04)) -> sha_len
decode: (and (and (eq sha_state 0x0) (eq cmd 0x2)) (eq cmdaddr 0xFE05))
sha_len: (and (and (eq sha_state 0x0) (eq cmd 0x2)) (eq cmdaddr 0xFE05)) -> sha_len
decode: (and (and (eq sha_state 0x0) (eq cmd 0x2)) (eq cmdaddr 0xFE06))
sha_len: (and (and (eq sha_state 0x0) (eq cmd 0x2)) (eq cmdaddr 0xFE06)) -> (concat (extract sha_len #0xf #0x8) cmddata)
decode: (and (and (eq sha_state 0x0) (eq cmd 0x2)) (eq cmdaddr 0xFE07))
sha_len: (and (and (eq sha_state 0x0) (eq cmd 0x2)) (eq cmdaddr 0xFE07)) -> (concat cmddata (extract sha_len #0x7 #0))
decode: (and (and (eq sha_state 0x0) (eq cmd 0x2)) (eq cmdaddr 0xFE08))
sha_len: (and (and (eq sha_state 0x0) (eq cmd 0x2)) (eq cmdaddr 0xFE08)) -> sha_len
decode: (and (and (eq sha_state 0x0) (eq cmd 0x2)) (eq cmdaddr 0xFE09))
sha_len: (and (and (eq sha_state 0x0) (eq cmd 0x2)) (eq cmdaddr 0xFE09)) -> sha_len
decode: (and (and (eq sha_state 0x0) (eq cmd 0x2)) (eq cmdaddr 0xFE0A))
sha_len: (and (and (eq sha_state 0x0) (eq cmd 0x2)) (eq cmdaddr 0xFE0A)) -> sha_len
decode: (and (and (eq sha_state 0x0) (eq cmd 0x2)) (eq cmdaddr 0xFE0B))
sha_len: (and (and (eq sha_state 0x0) (eq cmd 0x2)) (eq cmdaddr 0xFE0B)) -> sha_len
decode: (and (and (eq sha_state 0x0) (eq cmd 0x2)) (eq cmdaddr 0xFE0C))
sha_len: (and (and (eq sha_state 0x0) (eq cmd 0x2)) (eq cmdaddr 0xFE0C)) -> sha_len
decode: (and (and (eq sha_state 0x0) (eq cmd 0x2)) (eq cmdaddr 0xFE0D))
sha_len: (and (and (eq sha_state 0x0) (eq cmd 0x2)) (eq cmdaddr 0xFE0D)) -> sha_len
decode: (and (and (eq sha_state 0x0) (eq cmd 0x2)) (eq cmdaddr 0xFE0E))
sha_len: (and (and (eq sha_state 0x0) (eq cmd 0x2)) (eq cmdaddr 0xFE0E)) -> sha_len
decode: (and (and (eq sha_state 0x0) (eq cmd 0x2)) (eq cmdaddr 0xFE0F))
sha_len: (and (and (eq sha_state 0x0) (eq cmd 0x2)) (eq cmdaddr 0xFE0F)) -> sha_len
decode: (or (and (neq sha_state 0x0) (neq cmd 0x1)) (and (and (eq sha_state 0x0) (neq cmd 0x1)) (neq cmd 0x2)))
sha_len: (or (and (neq sha_state 0x0) (neq cmd 0x1)) (and (and (eq sha_state 0x0) (neq cmd 0x1)) (neq cmd 0x2))) -> sha_len
sha_len: (if (and (and (eq sha_state 0x0) (eq cmd 0x2)) (eq cmdaddr 0xFE07)) (concat cmddata (extract sha_len #0x7 #0)) (if (and (and (eq sha_state 0x0) (eq cmd 0x2)) (eq cmdaddr 0xFE06)) (concat (extract sha_len #0xf #0x8) cmddata) sha_len))
reuseModels: 0
decode: (and (and (eq sha_state 0x0) (eq cmd 0x1)) (eq cmdaddr 0xFE00))
dataout: (and (and (eq sha_state 0x0) (eq cmd 0x1)) (eq cmdaddr 0xFE00)) -> 0x0
decode: (and (and (eq sha_state 0x1) (eq cmd 0x1)) (eq cmdaddr 0xFE00))
dataout: (and (and (eq sha_state 0x1) (eq cmd 0x1)) (eq cmdaddr 0xFE00)) -> 0x0
decode: (and (and (eq sha_state 0x2) (eq cmd 0x1)) (eq cmdaddr 0xFE00))
dataout: (and (and (eq sha_state 0x2) (eq cmd 0x1)) (eq cmdaddr 0xFE00)) -> 0x0
decode: (and (and (eq sha_state 0x3) (eq cmd 0x1)) (eq cmdaddr 0xFE00))
dataout: (and (and (eq sha_state 0x3) (eq cmd 0x1)) (eq cmdaddr 0xFE00)) -> 0x0
decode: (and (and (eq sha_state 0x4) (eq cmd 0x1)) (eq cmdaddr 0xFE00))
dataout: (and (and (eq sha_state 0x4) (eq cmd 0x1)) (eq cmdaddr 0xFE00)) -> 0x0
decode: (and (and (eq sha_state 0x0) (eq cmd 0x1)) (eq cmdaddr 0xFE01))
dataout: (and (and (eq sha_state 0x0) (eq cmd 0x1)) (eq cmdaddr 0xFE01)) -> 0x0
decode: (and (and (eq sha_state 0x1) (eq cmd 0x1)) (eq cmdaddr 0xFE01))
dataout: (and (and (eq sha_state 0x1) (eq cmd 0x1)) (eq cmdaddr 0xFE01)) -> (zero-extend sha_state #0x8)
decode: (and (and (eq sha_state 0x2) (eq cmd 0x1)) (eq cmdaddr 0xFE01))
dataout: (and (and (eq sha_state 0x2) (eq cmd 0x1)) (eq cmdaddr 0xFE01)) -> (zero-extend sha_state #0x8)
decode: (and (and (eq sha_state 0x3) (eq cmd 0x1)) (eq cmdaddr 0xFE01))
dataout: (and (and (eq sha_state 0x3) (eq cmd 0x1)) (eq cmdaddr 0xFE01)) -> (zero-extend sha_state #0x8)
decode: (and (and (eq sha_state 0x4) (eq cmd 0x1)) (eq cmdaddr 0xFE01))
dataout: (and (and (eq sha_state 0x4) (eq cmd 0x1)) (eq cmdaddr 0xFE01)) -> (zero-extend sha_state #0x8)
decode: (and (and (eq sha_state 0x0) (eq cmd 0x1)) (eq cmdaddr 0xFE02))
dataout: (and (and (eq sha_state 0x0) (eq cmd 0x1)) (eq cmdaddr 0xFE02)) -> (extract sha_rdaddr #0x7 #0)
decode: (and (and (eq sha_state 0x1) (eq cmd 0x1)) (eq cmdaddr 0xFE02))
dataout: (and (and (eq sha_state 0x1) (eq cmd 0x1)) (eq cmdaddr 0xFE02)) -> (extract sha_rdaddr #0x7 #0)
decode: (and (and (eq sha_state 0x2) (eq cmd 0x1)) (eq cmdaddr 0xFE02))
dataout: (and (and (eq sha_state 0x2) (eq cmd 0x1)) (eq cmdaddr 0xFE02)) -> (extract sha_rdaddr #0x7 #0)
decode: (and (and (eq sha_state 0x3) (eq cmd 0x1)) (eq cmdaddr 0xFE02))
dataout: (and (and (eq sha_state 0x3) (eq cmd 0x1)) (eq cmdaddr 0xFE02)) -> (extract sha_rdaddr #0x7 #0)
decode: (and (and (eq sha_state 0x4) (eq cmd 0x1)) (eq cmdaddr 0xFE02))
dataout: (and (and (eq sha_state 0x4) (eq cmd 0x1)) (eq cmdaddr 0xFE02)) -> (extract sha_rdaddr #0x7 #0)
decode: (and (and (eq sha_state 0x0) (eq cmd 0x1)) (eq cmdaddr 0xFE03))
dataout: (and (and (eq sha_state 0x0) (eq cmd 0x1)) (eq cmdaddr 0xFE03)) -> (extract sha_rdaddr #0xf #0x8)
decode: (and (and (eq sha_state 0x1) (eq cmd 0x1)) (eq cmdaddr 0xFE03))
dataout: (and (and (eq sha_state 0x1) (eq cmd 0x1)) (eq cmdaddr 0xFE03)) -> (extract sha_rdaddr #0xf #0x8)
decode: (and (and (eq sha_state 0x2) (eq cmd 0x1)) (eq cmdaddr 0xFE03))
dataout: (and (and (eq sha_state 0x2) (eq cmd 0x1)) (eq cmdaddr 0xFE03)) -> (extract sha_rdaddr #0xf #0x8)
decode: (and (and (eq sha_state 0x3) (eq cmd 0x1)) (eq cmdaddr 0xFE03))
dataout: (and (and (eq sha_state 0x3) (eq cmd 0x1)) (eq cmdaddr 0xFE03)) -> (extract sha_rdaddr #0xf #0x8)
decode: (and (and (eq sha_state 0x4) (eq cmd 0x1)) (eq cmdaddr 0xFE03))
dataout: (and (and (eq sha_state 0x4) (eq cmd 0x1)) (eq cmdaddr 0xFE03)) -> (extract sha_rdaddr #0xf #0x8)
decode: (and (and (eq sha_state 0x0) (eq cmd 0x1)) (eq cmdaddr 0xFE04))
dataout: (and (and (eq sha_state 0x0) (eq cmd 0x1)) (eq cmdaddr 0xFE04)) -> (extract sha_wraddr #0x7 #0)
decode: (and (and (eq sha_state 0x1) (eq cmd 0x1)) (eq cmdaddr 0xFE04))
dataout: (and (and (eq sha_state 0x1) (eq cmd 0x1)) (eq cmdaddr 0xFE04)) -> (extract sha_wraddr #0x7 #0)
decode: (and (and (eq sha_state 0x2) (eq cmd 0x1)) (eq cmdaddr 0xFE04))
dataout: (and (and (eq sha_state 0x2) (eq cmd 0x1)) (eq cmdaddr 0xFE04)) -> (extract sha_wraddr #0x7 #0)
decode: (and (and (eq sha_state 0x3) (eq cmd 0x1)) (eq cmdaddr 0xFE04))
dataout: (and (and (eq sha_state 0x3) (eq cmd 0x1)) (eq cmdaddr 0xFE04)) -> (extract sha_wraddr #0x7 #0)
decode: (and (and (eq sha_state 0x4) (eq cmd 0x1)) (eq cmdaddr 0xFE04))
dataout: (and (and (eq sha_state 0x4) (eq cmd 0x1)) (eq cmdaddr 0xFE04)) -> (extract sha_wraddr #0x7 #0)
decode: (and (and (eq sha_state 0x0) (eq cmd 0x1)) (eq cmdaddr 0xFE05))
dataout: (and (and (eq sha_state 0x0) (eq cmd 0x1)) (eq cmdaddr 0xFE05)) -> (extract sha_wraddr #0xf #0x8)
decode: (and (and (eq sha_state 0x1) (eq cmd 0x1)) (eq cmdaddr 0xFE05))
dataout: (and (and (eq sha_state 0x1) (eq cmd 0x1)) (eq cmdaddr 0xFE05)) -> (extract sha_wraddr #0xf #0x8)
decode: (and (and (eq sha_state 0x2) (eq cmd 0x1)) (eq cmdaddr 0xFE05))
dataout: (and (and (eq sha_state 0x2) (eq cmd 0x1)) (eq cmdaddr 0xFE05)) -> (extract sha_wraddr #0xf #0x8)
decode: (and (and (eq sha_state 0x3) (eq cmd 0x1)) (eq cmdaddr 0xFE05))
dataout: (and (and (eq sha_state 0x3) (eq cmd 0x1)) (eq cmdaddr 0xFE05)) -> (extract sha_wraddr #0xf #0x8)
decode: (and (and (eq sha_state 0x4) (eq cmd 0x1)) (eq cmdaddr 0xFE05))
dataout: (and (and (eq sha_state 0x4) (eq cmd 0x1)) (eq cmdaddr 0xFE05)) -> (extract sha_wraddr #0xf #0x8)
decode: (and (and (eq sha_state 0x0) (eq cmd 0x1)) (eq cmdaddr 0xFE06))
dataout: (and (and (eq sha_state 0x0) (eq cmd 0x1)) (eq cmdaddr 0xFE06)) -> (extract sha_len #0x7 #0)
decode: (and (and (eq sha_state 0x1) (eq cmd 0x1)) (eq cmdaddr 0xFE06))
dataout: (and (and (eq sha_state 0x1) (eq cmd 0x1)) (eq cmdaddr 0xFE06)) -> (extract sha_len #0x7 #0)
decode: (and (and (eq sha_state 0x2) (eq cmd 0x1)) (eq cmdaddr 0xFE06))
dataout: (and (and (eq sha_state 0x2) (eq cmd 0x1)) (eq cmdaddr 0xFE06)) -> (extract sha_len #0x7 #0)
decode: (and (and (eq sha_state 0x3) (eq cmd 0x1)) (eq cmdaddr 0xFE06))
dataout: (and (and (eq sha_state 0x3) (eq cmd 0x1)) (eq cmdaddr 0xFE06)) -> (extract sha_len #0x7 #0)
decode: (and (and (eq sha_state 0x4) (eq cmd 0x1)) (eq cmdaddr 0xFE06))
dataout: (and (and (eq sha_state 0x4) (eq cmd 0x1)) (eq cmdaddr 0xFE06)) -> (extract sha_len #0x7 #0)
decode: (and (and (eq sha_state 0x0) (eq cmd 0x1)) (eq cmdaddr 0xFE07))
dataout: (and (and (eq sha_state 0x0) (eq cmd 0x1)) (eq cmdaddr 0xFE07)) -> (extract sha_len #0xf #0x8)
decode: (and (and (eq sha_state 0x1) (eq cmd 0x1)) (eq cmdaddr 0xFE07))
dataout: (and (and (eq sha_state 0x1) (eq cmd 0x1)) (eq cmdaddr 0xFE07)) -> (extract sha_len #0xf #0x8)
decode: (and (and (eq sha_state 0x2) (eq cmd 0x1)) (eq cmdaddr 0xFE07))
dataout: (and (and (eq sha_state 0x2) (eq cmd 0x1)) (eq cmdaddr 0xFE07)) -> (extract sha_len #0xf #0x8)
decode: (and (and (eq sha_state 0x3) (eq cmd 0x1)) (eq cmdaddr 0xFE07))
dataout: (and (and (eq sha_state 0x3) (eq cmd 0x1)) (eq cmdaddr 0xFE07)) -> (extract sha_len #0xf #0x8)
decode: (and (and (eq sha_state 0x4) (eq cmd 0x1)) (eq cmdaddr 0xFE07))
dataout: (and (and (eq sha_state 0x4) (eq cmd 0x1)) (eq cmdaddr 0xFE07)) -> (extract sha_len #0xf #0x8)
decode: (and (and (eq sha_state 0x0) (eq cmd 0x1)) (eq cmdaddr 0xFE08))
dataout: (and (and (eq sha_state 0x0) (eq cmd 0x1)) (eq cmdaddr 0xFE08)) -> 0x0
decode: (and (and (eq sha_state 0x1) (eq cmd 0x1)) (eq cmdaddr 0xFE08))
dataout: (and (and (eq sha_state 0x1) (eq cmd 0x1)) (eq cmdaddr 0xFE08)) -> 0x0
decode: (and (and (eq sha_state 0x2) (eq cmd 0x1)) (eq cmdaddr 0xFE08))
dataout: (and (and (eq sha_state 0x2) (eq cmd 0x1)) (eq cmdaddr 0xFE08)) -> 0x0
decode: (and (and (eq sha_state 0x3) (eq cmd 0x1)) (eq cmdaddr 0xFE08))
dataout: (and (and (eq sha_state 0x3) (eq cmd 0x1)) (eq cmdaddr 0xFE08)) -> 0x0
decode: (and (and (eq sha_state 0x4) (eq cmd 0x1)) (eq cmdaddr 0xFE08))
dataout: (and (and (eq sha_state 0x4) (eq cmd 0x1)) (eq cmdaddr 0xFE08)) -> 0x0
decode: (and (and (eq sha_state 0x0) (eq cmd 0x1)) (eq cmdaddr 0xFE09))
dataout: (and (and (eq sha_state 0x0) (eq cmd 0x1)) (eq cmdaddr 0xFE09)) -> 0x0
decode: (and (and (eq sha_state 0x1) (eq cmd 0x1)) (eq cmdaddr 0xFE09))
dataout: (and (and (eq sha_state 0x1) (eq cmd 0x1)) (eq cmdaddr 0xFE09)) -> 0x0
decode: (and (and (eq sha_state 0x2) (eq cmd 0x1)) (eq cmdaddr 0xFE09))
dataout: (and (and (eq sha_state 0x2) (eq cmd 0x1)) (eq cmdaddr 0xFE09)) -> 0x0
decode: (and (and (eq sha_state 0x3) (eq cmd 0x1)) (eq cmdaddr 0xFE09))
dataout: (and (and (eq sha_state 0x3) (eq cmd 0x1)) (eq cmdaddr 0xFE09)) -> 0x0
decode: (and (and (eq sha_state 0x4) (eq cmd 0x1)) (eq cmdaddr 0xFE09))
dataout: (and (and (eq sha_state 0x4) (eq cmd 0x1)) (eq cmdaddr 0xFE09)) -> 0x0
decode: (and (and (eq sha_state 0x0) (eq cmd 0x1)) (eq cmdaddr 0xFE0A))
dataout: (and (and (eq sha_state 0x0) (eq cmd 0x1)) (eq cmdaddr 0xFE0A)) -> 0x0
decode: (and (and (eq sha_state 0x1) (eq cmd 0x1)) (eq cmdaddr 0xFE0A))
dataout: (and (and (eq sha_state 0x1) (eq cmd 0x1)) (eq cmdaddr 0xFE0A)) -> 0x0
decode: (and (and (eq sha_state 0x2) (eq cmd 0x1)) (eq cmdaddr 0xFE0A))
dataout: (and (and (eq sha_state 0x2) (eq cmd 0x1)) (eq cmdaddr 0xFE0A)) -> 0x0
decode: (and (and (eq sha_state 0x3) (eq cmd 0x1)) (eq cmdaddr 0xFE0A))
dataout: (and (and (eq sha_state 0x3) (eq cmd 0x1)) (eq cmdaddr 0xFE0A)) -> 0x0
decode: (and (and (eq sha_state 0x4) (eq cmd 0x1)) (eq cmdaddr 0xFE0A))
dataout: (and (and (eq sha_state 0x4) (eq cmd 0x1)) (eq cmdaddr 0xFE0A)) -> 0x0
decode: (and (and (eq sha_state 0x0) (eq cmd 0x1)) (eq cmdaddr 0xFE0B))
dataout: (and (and (eq sha_state 0x0) (eq cmd 0x1)) (eq cmdaddr 0xFE0B)) -> 0x0
decode: (and (and (eq sha_state 0x1) (eq cmd 0x1)) (eq cmdaddr 0xFE0B))
dataout: (and (and (eq sha_state 0x1) (eq cmd 0x1)) (eq cmdaddr 0xFE0B)) -> 0x0
decode: (and (and (eq sha_state 0x2) (eq cmd 0x1)) (eq cmdaddr 0xFE0B))
dataout: (and (and (eq sha_state 0x2) (eq cmd 0x1)) (eq cmdaddr 0xFE0B)) -> 0x0
decode: (and (and (eq sha_state 0x3) (eq cmd 0x1)) (eq cmdaddr 0xFE0B))
dataout: (and (and (eq sha_state 0x3) (eq cmd 0x1)) (eq cmdaddr 0xFE0B)) -> 0x0
decode: (and (and (eq sha_state 0x4) (eq cmd 0x1)) (eq cmdaddr 0xFE0B))
dataout: (and (and (eq sha_state 0x4) (eq cmd 0x1)) (eq cmdaddr 0xFE0B)) -> 0x0
decode: (and (and (eq sha_state 0x0) (eq cmd 0x1)) (eq cmdaddr 0xFE0C))
dataout: (and (and (eq sha_state 0x0) (eq cmd 0x1)) (eq cmdaddr 0xFE0C)) -> 0x0
decode: (and (and (eq sha_state 0x1) (eq cmd 0x1)) (eq cmdaddr 0xFE0C))
dataout: (and (and (eq sha_state 0x1) (eq cmd 0x1)) (eq cmdaddr 0xFE0C)) -> 0x0
decode: (and (and (eq sha_state 0x2) (eq cmd 0x1)) (eq cmdaddr 0xFE0C))
dataout: (and (and (eq sha_state 0x2) (eq cmd 0x1)) (eq cmdaddr 0xFE0C)) -> 0x0
decode: (and (and (eq sha_state 0x3) (eq cmd 0x1)) (eq cmdaddr 0xFE0C))
dataout: (and (and (eq sha_state 0x3) (eq cmd 0x1)) (eq cmdaddr 0xFE0C)) -> 0x0
decode: (and (and (eq sha_state 0x4) (eq cmd 0x1)) (eq cmdaddr 0xFE0C))
dataout: (and (and (eq sha_state 0x4) (eq cmd 0x1)) (eq cmdaddr 0xFE0C)) -> 0x0
decode: (and (and (eq sha_state 0x0) (eq cmd 0x1)) (eq cmdaddr 0xFE0D))
dataout: (and (and (eq sha_state 0x0) (eq cmd 0x1)) (eq cmdaddr 0xFE0D)) -> 0x0
decode: (and (and (eq sha_state 0x1) (eq cmd 0x1)) (eq cmdaddr 0xFE0D))
dataout: (and (and (eq sha_state 0x1) (eq cmd 0x1)) (eq cmdaddr 0xFE0D)) -> 0x0
decode: (and (and (eq sha_state 0x2) (eq cmd 0x1)) (eq cmdaddr 0xFE0D))
dataout: (and (and (eq sha_state 0x2) (eq cmd 0x1)) (eq cmdaddr 0xFE0D)) -> 0x0
decode: (and (and (eq sha_state 0x3) (eq cmd 0x1)) (eq cmdaddr 0xFE0D))
dataout: (and (and (eq sha_state 0x3) (eq cmd 0x1)) (eq cmdaddr 0xFE0D)) -> 0x0
decode: (and (and (eq sha_state 0x4) (eq cmd 0x1)) (eq cmdaddr 0xFE0D))
dataout: (and (and (eq sha_state 0x4) (eq cmd 0x1)) (eq cmdaddr 0xFE0D)) -> 0x0
decode: (and (and (eq sha_state 0x0) (eq cmd 0x1)) (eq cmdaddr 0xFE0E))
dataout: (and (and (eq sha_state 0x0) (eq cmd 0x1)) (eq cmdaddr 0xFE0E)) -> 0x0
decode: (and (and (eq sha_state 0x1) (eq cmd 0x1)) (eq cmdaddr 0xFE0E))
dataout: (and (and (eq sha_state 0x1) (eq cmd 0x1)) (eq cmdaddr 0xFE0E)) -> 0x0
decode: (and (and (eq sha_state 0x2) (eq cmd 0x1)) (eq cmdaddr 0xFE0E))
dataout: (and (and (eq sha_state 0x2) (eq cmd 0x1)) (eq cmdaddr 0xFE0E)) -> 0x0
decode: (and (and (eq sha_state 0x3) (eq cmd 0x1)) (eq cmdaddr 0xFE0E))
dataout: (and (and (eq sha_state 0x3) (eq cmd 0x1)) (eq cmdaddr 0xFE0E)) -> 0x0
decode: (and (and (eq sha_state 0x4) (eq cmd 0x1)) (eq cmdaddr 0xFE0E))
dataout: (and (and (eq sha_state 0x4) (eq cmd 0x1)) (eq cmdaddr 0xFE0E)) -> 0x0
decode: (and (and (eq sha_state 0x0) (eq cmd 0x1)) (eq cmdaddr 0xFE0F))
dataout: (and (and (eq sha_state 0x0) (eq cmd 0x1)) (eq cmdaddr 0xFE0F)) -> 0x0
decode: (and (and (eq sha_state 0x1) (eq cmd 0x1)) (eq cmdaddr 0xFE0F))
dataout: (and (and (eq sha_state 0x1) (eq cmd 0x1)) (eq cmdaddr 0xFE0F)) -> 0x0
decode: (and (and (eq sha_state 0x2) (eq cmd 0x1)) (eq cmdaddr 0xFE0F))
dataout: (and (and (eq sha_state 0x2) (eq cmd 0x1)) (eq cmdaddr 0xFE0F)) -> 0x0
decode: (and (and (eq sha_state 0x3) (eq cmd 0x1)) (eq cmdaddr 0xFE0F))
dataout: (and (and (eq sha_state 0x3) (eq cmd 0x1)) (eq cmdaddr 0xFE0F)) -> 0x0
decode: (and (and (eq sha_state 0x4) (eq cmd 0x1)) (eq cmdaddr 0xFE0F))
dataout: (and (and (eq sha_state 0x4) (eq cmd 0x1)) (eq cmdaddr 0xFE0F)) -> 0x0
decode: (and (and (eq sha_state 0x0) (eq cmd 0x2)) (eq cmdaddr 0xFE00))
dataout: (and (and (eq sha_state 0x0) (eq cmd 0x2)) (eq cmdaddr 0xFE00)) -> 0x0
decode: (and (and (eq sha_state 0x0) (eq cmd 0x2)) (eq cmdaddr 0xFE01))
dataout: (and (and (eq sha_state 0x0) (eq cmd 0x2)) (eq cmdaddr 0xFE01)) -> 0x0
decode: (and (and (eq sha_state 0x0) (eq cmd 0x2)) (eq cmdaddr 0xFE02))
dataout: (and (and (eq sha_state 0x0) (eq cmd 0x2)) (eq cmdaddr 0xFE02)) -> (zero-extend sha_state #0x8)
decode: (and (and (eq sha_state 0x0) (eq cmd 0x2)) (eq cmdaddr 0xFE03))
dataout: (and (and (eq sha_state 0x0) (eq cmd 0x2)) (eq cmdaddr 0xFE03)) -> (zero-extend sha_state #0x8)
decode: (and (and (eq sha_state 0x0) (eq cmd 0x2)) (eq cmdaddr 0xFE04))
dataout: (and (and (eq sha_state 0x0) (eq cmd 0x2)) (eq cmdaddr 0xFE04)) -> (zero-extend sha_state #0x8)
decode: (and (and (eq sha_state 0x0) (eq cmd 0x2)) (eq cmdaddr 0xFE05))
dataout: (and (and (eq sha_state 0x0) (eq cmd 0x2)) (eq cmdaddr 0xFE05)) -> (zero-extend sha_state #0x8)
decode: (and (and (eq sha_state 0x0) (eq cmd 0x2)) (eq cmdaddr 0xFE06))
dataout: (and (and (eq sha_state 0x0) (eq cmd 0x2)) (eq cmdaddr 0xFE06)) -> 0x0
decode: (and (and (eq sha_state 0x0) (eq cmd 0x2)) (eq cmdaddr 0xFE07))
dataout: (and (and (eq sha_state 0x0) (eq cmd 0x2)) (eq cmdaddr 0xFE07)) -> (zero-extend sha_state #0x8)
decode: (and (and (eq sha_state 0x0) (eq cmd 0x2)) (eq cmdaddr 0xFE08))
dataout: (and (and (eq sha_state 0x0) (eq cmd 0x2)) (eq cmdaddr 0xFE08)) -> 0x0
decode: (and (and (eq sha_state 0x0) (eq cmd 0x2)) (eq cmdaddr 0xFE09))
dataout: (and (and (eq sha_state 0x0) (eq cmd 0x2)) (eq cmdaddr 0xFE09)) -> 0x0
decode: (and (and (eq sha_state 0x0) (eq cmd 0x2)) (eq cmdaddr 0xFE0A))
dataout: (and (and (eq sha_state 0x0) (eq cmd 0x2)) (eq cmdaddr 0xFE0A)) -> 0x0
decode: (and (and (eq sha_state 0x0) (eq cmd 0x2)) (eq cmdaddr 0xFE0B))
dataout: (and (and (eq sha_state 0x0) (eq cmd 0x2)) (eq cmdaddr 0xFE0B)) -> 0x0
decode: (and (and (eq sha_state 0x0) (eq cmd 0x2)) (eq cmdaddr 0xFE0C))
dataout: (and (and (eq sha_state 0x0) (eq cmd 0x2)) (eq cmdaddr 0xFE0C)) -> 0x0
decode: (and (and (eq sha_state 0x0) (eq cmd 0x2)) (eq cmdaddr 0xFE0D))
dataout: (and (and (eq sha_state 0x0) (eq cmd 0x2)) (eq cmdaddr 0xFE0D)) -> 0x0
decode: (and (and (eq sha_state 0x0) (eq cmd 0x2)) (eq cmdaddr 0xFE0E))
dataout: (and (and (eq sha_state 0x0) (eq cmd 0x2)) (eq cmdaddr 0xFE0E)) -> 0x0
decode: (and (and (eq sha_state 0x0) (eq cmd 0x2)) (eq cmdaddr 0xFE0F))
dataout: (and (and (eq sha_state 0x0) (eq cmd 0x2)) (eq cmdaddr 0xFE0F)) -> 0x0
decode: (or (and (neq sha_state 0x0) (neq cmd 0x1)) (and (and (eq sha_state 0x0) (neq cmd 0x1)) (neq cmd 0x2)))
dataout: (or (and (neq sha_state 0x0) (neq cmd 0x1)) (and (and (eq sha_state 0x0) (neq cmd 0x1)) (neq cmd 0x2))) -> 0x0
dataout: (if (or (and (and (eq sha_state 0x4) (eq cmd 0x1)) (eq cmdaddr 0xFE07)) (or (and (and (eq sha_state 0x3) (eq cmd 0x1)) (eq cmdaddr 0xFE07)) (or (and (and (eq sha_state 0x2) (eq cmd 0x1)) (eq cmdaddr 0xFE07)) (or (and (and (eq sha_state 0x1) (eq cmd 0x1)) (eq cmdaddr 0xFE07)) (and (and (eq sha_state 0x0) (eq cmd 0x1)) (eq cmdaddr 0xFE07)))))) (extract sha_len #0xf #0x8) (if (or (and (and (eq sha_state 0x4) (eq cmd 0x1)) (eq cmdaddr 0xFE06)) (or (and (and (eq sha_state 0x3) (eq cmd 0x1)) (eq cmdaddr 0xFE06)) (or (and (and (eq sha_state 0x2) (eq cmd 0x1)) (eq cmdaddr 0xFE06)) (or (and (and (eq sha_state 0x1) (eq cmd 0x1)) (eq cmdaddr 0xFE06)) (and (and (eq sha_state 0x0) (eq cmd 0x1)) (eq cmdaddr 0xFE06)))))) (extract sha_len #0x7 #0) (if (or (and (and (eq sha_state 0x4) (eq cmd 0x1)) (eq cmdaddr 0xFE05)) (or (and (and (eq sha_state 0x3) (eq cmd 0x1)) (eq cmdaddr 0xFE05)) (or (and (and (eq sha_state 0x2) (eq cmd 0x1)) (eq cmdaddr 0xFE05)) (or (and (and (eq sha_state 0x1) (eq cmd 0x1)) (eq cmdaddr 0xFE05)) (and (and (eq sha_state 0x0) (eq cmd 0x1)) (eq cmdaddr 0xFE05)))))) (extract sha_wraddr #0xf #0x8) (if (or (and (and (eq sha_state 0x4) (eq cmd 0x1)) (eq cmdaddr 0xFE04)) (or (and (and (eq sha_state 0x3) (eq cmd 0x1)) (eq cmdaddr 0xFE04)) (or (and (and (eq sha_state 0x2) (eq cmd 0x1)) (eq cmdaddr 0xFE04)) (or (and (and (eq sha_state 0x1) (eq cmd 0x1)) (eq cmdaddr 0xFE04)) (and (and (eq sha_state 0x0) (eq cmd 0x1)) (eq cmdaddr 0xFE04)))))) (extract sha_wraddr #0x7 #0) (if (or (and (and (eq sha_state 0x4) (eq cmd 0x1)) (eq cmdaddr 0xFE03)) (or (and (and (eq sha_state 0x3) (eq cmd 0x1)) (eq cmdaddr 0xFE03)) (or (and (and (eq sha_state 0x2) (eq cmd 0x1)) (eq cmdaddr 0xFE03)) (or (and (and (eq sha_state 0x1) (eq cmd 0x1)) (eq cmdaddr 0xFE03)) (and (and (eq sha_state 0x0) (eq cmd 0x1)) (eq cmdaddr 0xFE03)))))) (extract sha_rdaddr #0xf #0x8) (if (or (and (and (eq sha_state 0x4) (eq cmd 0x1)) (eq cmdaddr 0xFE02)) (or (and (and (eq sha_state 0x3) (eq cmd 0x1)) (eq cmdaddr 0xFE02)) (or (and (and (eq sha_state 0x2) (eq cmd 0x1)) (eq cmdaddr 0xFE02)) (or (and (and (eq sha_state 0x1) (eq cmd 0x1)) (eq cmdaddr 0xFE02)) (and (and (eq sha_state 0x0) (eq cmd 0x1)) (eq cmdaddr 0xFE02)))))) (extract sha_rdaddr #0x7 #0) (if (or (and (and (eq sha_state 0x0) (eq cmd 0x2)) (eq cmdaddr 0xFE07)) (or (and (and (eq sha_state 0x0) (eq cmd 0x2)) (eq cmdaddr 0xFE05)) (or (and (and (eq sha_state 0x0) (eq cmd 0x2)) (eq cmdaddr 0xFE04)) (or (and (and (eq sha_state 0x0) (eq cmd 0x2)) (eq cmdaddr 0xFE03)) (or (and (and (eq sha_state 0x0) (eq cmd 0x2)) (eq cmdaddr 0xFE02)) (or (and (and (eq sha_state 0x4) (eq cmd 0x1)) (eq cmdaddr 0xFE01)) (or (and (and (eq sha_state 0x3) (eq cmd 0x1)) (eq cmdaddr 0xFE01)) (or (and (and (eq sha_state 0x2) (eq cmd 0x1)) (eq cmdaddr 0xFE01)) (and (and (eq sha_state 0x1) (eq cmd 0x1)) (eq cmdaddr 0xFE01)))))))))) (zero-extend sha_state #0x8) (if (or (or (and (neq sha_state 0x0) (neq cmd 0x1)) (and (and (eq sha_state 0x0) (neq cmd 0x1)) (neq cmd 0x2))) (or (and (and (eq sha_state 0x0) (eq cmd 0x2)) (eq cmdaddr 0xFE0F)) (or (and (and (eq sha_state 0x0) (eq cmd 0x2)) (eq cmdaddr 0xFE0E)) (or (and (and (eq sha_state 0x0) (eq cmd 0x2)) (eq cmdaddr 0xFE0D)) (or (and (and (eq sha_state 0x0) (eq cmd 0x2)) (eq cmdaddr 0xFE0C)) (or (and (and (eq sha_state 0x0) (eq cmd 0x2)) (eq cmdaddr 0xFE0B)) (or (and (and (eq sha_state 0x0) (eq cmd 0x2)) (eq cmdaddr 0xFE0A)) (or (and (and (eq sha_state 0x0) (eq cmd 0x2)) (eq cmdaddr 0xFE09)) (or (and (and (eq sha_state 0x0) (eq cmd 0x2)) (eq cmdaddr 0xFE08)) (or (and (and (eq sha_state 0x0) (eq cmd 0x2)) (eq cmdaddr 0xFE06)) (or (and (and (eq sha_state 0x0) (eq cmd 0x2)) (eq cmdaddr 0xFE01)) (or (and (and (eq sha_state 0x0) (eq cmd 0x2)) (eq cmdaddr 0xFE00)) (or (and (and (eq sha_state 0x4) (eq cmd 0x1)) (eq cmdaddr 0xFE0F)) (or (and (and (eq sha_state 0x3) (eq cmd 0x1)) (eq cmdaddr 0xFE0F)) (or (and (and (eq sha_state 0x2) (eq cmd 0x1)) (eq cmdaddr 0xFE0F)) (or (and (and (eq sha_state 0x1) (eq cmd 0x1)) (eq cmdaddr 0xFE0F)) (or (and (and (eq sha_state 0x0) (eq cmd 0x1)) (eq cmdaddr 0xFE0F)) (or (and (and (eq sha_state 0x4) (eq cmd 0x1)) (eq cmdaddr 0xFE0E)) (or (and (and (eq sha_state 0x3) (eq cmd 0x1)) (eq cmdaddr 0xFE0E)) (or (and (and (eq sha_state 0x2) (eq cmd 0x1)) (eq cmdaddr 0xFE0E)) (or (and (and (eq sha_state 0x1) (eq cmd 0x1)) (eq cmdaddr 0xFE0E)) (or (and (and (eq sha_state 0x0) (eq cmd 0x1)) (eq cmdaddr 0xFE0E)) (or (and (and (eq sha_state 0x4) (eq cmd 0x1)) (eq cmdaddr 0xFE0D)) (or (and (and (eq sha_state 0x3) (eq cmd 0x1)) (eq cmdaddr 0xFE0D)) (or (and (and (eq sha_state 0x2) (eq cmd 0x1)) (eq cmdaddr 0xFE0D)) (or (and (and (eq sha_state 0x1) (eq cmd 0x1)) (eq cmdaddr 0xFE0D)) (or (and (and (eq sha_state 0x0) (eq cmd 0x1)) (eq cmdaddr 0xFE0D)) (or (and (and (eq sha_state 0x4) (eq cmd 0x1)) (eq cmdaddr 0xFE0C)) (or (and (and (eq sha_state 0x3) (eq cmd 0x1)) (eq cmdaddr 0xFE0C)) (or (and (and (eq sha_state 0x2) (eq cmd 0x1)) (eq cmdaddr 0xFE0C)) (or (and (and (eq sha_state 0x1) (eq cmd 0x1)) (eq cmdaddr 0xFE0C)) (or (and (and (eq sha_state 0x0) (eq cmd 0x1)) (eq cmdaddr 0xFE0C)) (or (and (and (eq sha_state 0x4) (eq cmd 0x1)) (eq cmdaddr 0xFE0B)) (or (and (and (eq sha_state 0x3) (eq cmd 0x1)) (eq cmdaddr 0xFE0B)) (or (and (and (eq sha_state 0x2) (eq cmd 0x1)) (eq cmdaddr 0xFE0B)) (or (and (and (eq sha_state 0x1) (eq cmd 0x1)) (eq cmdaddr 0xFE0B)) (or (and (and (eq sha_state 0x0) (eq cmd 0x1)) (eq cmdaddr 0xFE0B)) (or (and (and (eq sha_state 0x4) (eq cmd 0x1)) (eq cmdaddr 0xFE0A)) (or (and (and (eq sha_state 0x3) (eq cmd 0x1)) (eq cmdaddr 0xFE0A)) (or (and (and (eq sha_state 0x2) (eq cmd 0x1)) (eq cmdaddr 0xFE0A)) (or (and (and (eq sha_state 0x1) (eq cmd 0x1)) (eq cmdaddr 0xFE0A)) (or (and (and (eq sha_state 0x0) (eq cmd 0x1)) (eq cmdaddr 0xFE0A)) (or (and (and (eq sha_state 0x4) (eq cmd 0x1)) (eq cmdaddr 0xFE09)) (or (and (and (eq sha_state 0x3) (eq cmd 0x1)) (eq cmdaddr 0xFE09)) (or (and (and (eq sha_state 0x2) (eq cmd 0x1)) (eq cmdaddr 0xFE09)) (or (and (and (eq sha_state 0x1) (eq cmd 0x1)) (eq cmdaddr 0xFE09)) (or (and (and (eq sha_state 0x0) (eq cmd 0x1)) (eq cmdaddr 0xFE09)) (or (and (and (eq sha_state 0x4) (eq cmd 0x1)) (eq cmdaddr 0xFE08)) (or (and (and (eq sha_state 0x3) (eq cmd 0x1)) (eq cmdaddr 0xFE08)) (or (and (and (eq sha_state 0x2) (eq cmd 0x1)) (eq cmdaddr 0xFE08)) (or (and (and (eq sha_state 0x1) (eq cmd 0x1)) (eq cmdaddr 0xFE08)) (or (and (and (eq sha_state 0x0) (eq cmd 0x1)) (eq cmdaddr 0xFE08)) (or (and (and (eq sha_state 0x0) (eq cmd 0x1)) (eq cmdaddr 0xFE01)) (or (and (and (eq sha_state 0x4) (eq cmd 0x1)) (eq cmdaddr 0xFE00)) (or (and (and (eq sha_state 0x3) (eq cmd 0x1)) (eq cmdaddr 0xFE00)) (or (and (and (eq sha_state 0x2) (eq cmd 0x1)) (eq cmdaddr 0xFE00)) (or (and (and (eq sha_state 0x1) (eq cmd 0x1)) (eq cmdaddr 0xFE00)) (and (and (eq sha_state 0x0) (eq cmd 0x1)) (eq cmdaddr 0xFE00))))))))))))))))))))))))))))))))))))))))))))))))))))))))))) 0x0 dataout))))))))
time: 1.86
