~/clang+llvm-2.9-x86_64-linux.tar/bin/llc -march=c -o vWrapper.ci vWrapper.li
mv vWrapper.ci vWrapper.c
python sanitize.py
[Done]
~/cbmc/cbmc --unwind 3 --unwinding-assertions --slice-formula vWrapper.c
CBMC version 5.6 64-bit x86_64 linux
Parsing vWrapper.c
Converting
Type-checking vWrapper
Generating GOTO Program
Adding CPROVER library (x86_64)
Removal of function pointers and virtual functions
Partial Inlining
Generic Property Instrumentation
Starting Bounded Model Checking
Unwinding loop _ZN3rbm5storeEv.0 iteration 1 (3 max) file vWrapper.c line 3928 function _ZN3rbm5storeEv thread 0
Unwinding loop _ZN3rbm5storeEv.0 iteration 2 (3 max) file vWrapper.c line 3928 function _ZN3rbm5storeEv thread 0
Not unwinding loop _ZN3rbm5storeEv.0 iteration 3 (3 max) file vWrapper.c line 3928 function _ZN3rbm5storeEv thread 0
Unwinding loop _ZN3rbm5storeEv.4 iteration 1 (3 max) file vWrapper.c line 4059 function _ZN3rbm5storeEv thread 0
Unwinding loop _ZN3rbm5storeEv.4 iteration 2 (3 max) file vWrapper.c line 4059 function _ZN3rbm5storeEv thread 0
Not unwinding loop _ZN3rbm5storeEv.4 iteration 3 (3 max) file vWrapper.c line 4059 function _ZN3rbm5storeEv thread 0
size of program expression: 5882 steps
slicing removed 4517 assignments
Generated 18 VCC(s), 18 remaining after simplification
Passing problem to propositional reduction
converting SSA
Running propositional reduction
Post-processing
Solving with MiniSAT 2.2.1 with simplifier
6313 variables, 5349 clauses
SAT checker: instance is UNSATISFIABLE
Runtime decision procedure: 0.055s

** Results:
[_ZN3rbm5storeEv.assertion.1] init_done_match: SUCCESS
[_ZN3rbm5storeEv.assertion.2] done_match: SUCCESS
[_ZN3rbm5storeEv.assertion.3] num_hidden_match: SUCCESS
[_ZN3rbm5storeEv.assertion.4] num_visible_match: SUCCESS
[_ZN3rbm5storeEv.assertion.5] num_users_match: SUCCESS
[_ZN3rbm5storeEv.assertion.6] num_loops_match: SUCCESS
[_ZN3rbm5storeEv.assertion.7] num_testusers_match: SUCCESS
[_ZN3rbm5storeEv.assertion.8] num_movies_match: SUCCESS
[_ZN3rbm5storeEv.assertion.9] rd_index_match: SUCCESS
[_ZN3rbm5storeEv.assertion.10] rd_length_match: SUCCESS
[_ZN3rbm5storeEv.assertion.11] rd_request_match: SUCCESS
[_ZN3rbm5storeEv.assertion.12] wr_index_match: SUCCESS
[_ZN3rbm5storeEv.assertion.13] wr_length_match: SUCCESS
[_ZN3rbm5storeEv.assertion.14] data_out_match: SUCCESS
[_ZN3rbm5storeEv.assertion.15] data_match: SUCCESS
[_ZN3rbm5storeEv.assertion.16] predict_result_match: SUCCESS
[_ZN3rbm5storeEv.unwind.0] unwinding assertion loop 0: SUCCESS
[_ZN3rbm5storeEv.unwind.4] unwinding assertion loop 4: SUCCESS

** 0 of 18 failed (1 iteration)
VERIFICATION SUCCESSFUL
