~/clang+llvm-2.9-x86_64-linux.tar/bin/clang -S -emit-llvm -I./Cmodel/train_mod -I./VerC -I. vWrapper.cpp
mv vWrapper.s vWrapper.li
~/clang+llvm-2.9-x86_64-linux.tar/bin/llc -march=c -o vWrapper.ci vWrapper.li
mv vWrapper.ci vWrapper.c
python sanitize.py
[Done]
~/cbmc/cbmc --unwind 3 --unwinding-assertions --slice-formula vWrapper.c
CBMC version 5.6 64-bit x86_64 linux
Parsing vWrapper.c
Converting
Type-checking vWrapper
Generating GOTO Program
Adding CPROVER library (x86_64)
Removal of function pointers and virtual functions
Partial Inlining
Generic Property Instrumentation
Starting Bounded Model Checking
Unwinding loop _ZN3rbm9train_rbmEv.0 iteration 1 (3 max) file vWrapper.c line 10243 function _ZN3rbm9train_rbmEv thread 0
Unwinding loop _ZN3rbm9train_rbmEv.0 iteration 2 (3 max) file vWrapper.c line 10243 function _ZN3rbm9train_rbmEv thread 0
Not unwinding loop _ZN3rbm9train_rbmEv.0 iteration 3 (3 max) file vWrapper.c line 10243 function _ZN3rbm9train_rbmEv thread 0
Unwinding loop _ZN3rbm26activateVisibleUnits_trainEtt.22 iteration 1 (3 max) file vWrapper.c line 11462 function _ZN3rbm26activateVisibleUnits_trainEtt thread 0
Unwinding loop _ZN3rbm26activateVisibleUnits_trainEtt.20 iteration 1 (3 max) file vWrapper.c line 11335 function _ZN3rbm26activateVisibleUnits_trainEtt thread 0
Unwinding loop _ZN3rbm26activateVisibleUnits_trainEtt.19 iteration 1 (3 max) file vWrapper.c line 11327 function _ZN3rbm26activateVisibleUnits_trainEtt thread 0
Unwinding loop _ZN3rbm26activateVisibleUnits_trainEtt.18 iteration 1 (3 max) file vWrapper.c line 11319 function _ZN3rbm26activateVisibleUnits_trainEtt thread 0
Unwinding loop _ZN3rbm26activateVisibleUnits_trainEtt.15 iteration 1 (3 max) file vWrapper.c line 11310 function _ZN3rbm26activateVisibleUnits_trainEtt thread 0
Unwinding loop _ZN3rbm26activateVisibleUnits_trainEtt.12 iteration 1 (3 max) file vWrapper.c line 11291 function _ZN3rbm26activateVisibleUnits_trainEtt thread 0
Unwinding loop _ZN3rbm26activateVisibleUnits_trainEtt.11 iteration 1 (3 max) file vWrapper.c line 11280 function _ZN3rbm26activateVisibleUnits_trainEtt thread 0
Unwinding loop _ZN3rbm26activateVisibleUnits_trainEtt.10 iteration 1 (3 max) file vWrapper.c line 11275 function _ZN3rbm26activateVisibleUnits_trainEtt thread 0
Unwinding loop _ZN3rbm26activateVisibleUnits_trainEtt.15 iteration 2 (3 max) file vWrapper.c line 11310 function _ZN3rbm26activateVisibleUnits_trainEtt thread 0
Unwinding loop _ZN3rbm26activateVisibleUnits_trainEtt.13 iteration 1 (3 max) file vWrapper.c line 11293 function _ZN3rbm26activateVisibleUnits_trainEtt thread 0
Unwinding loop _ZN3rbm26activateVisibleUnits_trainEtt.10 iteration 1 (3 max) file vWrapper.c line 11275 function _ZN3rbm26activateVisibleUnits_trainEtt thread 0
Not unwinding loop _ZN3rbm26activateVisibleUnits_trainEtt.15 iteration 3 (3 max) file vWrapper.c line 11310 function _ZN3rbm26activateVisibleUnits_trainEtt thread 0
Unwinding loop _ZN3rbm26activateVisibleUnits_trainEtt.16 iteration 1 (3 max) file vWrapper.c line 11312 function _ZN3rbm26activateVisibleUnits_trainEtt thread 0
size of program expression: 17639 steps
slicing removed 14423 assignments
Generated 58 VCC(s), 44 remaining after simplification
Passing problem to propositional reduction
converting SSA
Running propositional reduction
Post-processing
Solving with MiniSAT 2.2.1 with simplifier
531786 variables, 3905 clauses
SAT checker inconsistent: instance is UNSATISFIABLE
Runtime decision procedure: 0.12s

** Results:
[_Z6dividell.assertion.1] test3: SUCCESS
[_ZN3rbm26activateVisibleUnits_trainEtt.assertion.1] init_done_match: SUCCESS
[_ZN3rbm26activateVisibleUnits_trainEtt.assertion.2] done_match: SUCCESS
[_ZN3rbm26activateVisibleUnits_trainEtt.assertion.3] num_hidden_match: SUCCESS
[_ZN3rbm26activateVisibleUnits_trainEtt.assertion.4] num_visible_match: SUCCESS
[_ZN3rbm26activateVisibleUnits_trainEtt.assertion.5] num_users_match: SUCCESS
[_ZN3rbm26activateVisibleUnits_trainEtt.assertion.6] num_loops_match: SUCCESS
[_ZN3rbm26activateVisibleUnits_trainEtt.assertion.7] num_testusers_match: SUCCESS
[_ZN3rbm26activateVisibleUnits_trainEtt.assertion.8] num_movies_match: SUCCESS
[_ZN3rbm26activateVisibleUnits_trainEtt.assertion.9] rd_index_match: SUCCESS
[_ZN3rbm26activateVisibleUnits_trainEtt.assertion.10] rd_length_match: SUCCESS
[_ZN3rbm26activateVisibleUnits_trainEtt.assertion.11] rd_request_match: SUCCESS
[_ZN3rbm26activateVisibleUnits_trainEtt.assertion.12] wr_request_match: SUCCESS
[_ZN3rbm26activateVisibleUnits_trainEtt.assertion.13] wr_index_match: SUCCESS
[_ZN3rbm26activateVisibleUnits_trainEtt.assertion.14] wr_length_match: SUCCESS
[_ZN3rbm26activateVisibleUnits_trainEtt.assertion.15] data_out_match: SUCCESS
[_ZN3rbm26activateVisibleUnits_trainEtt.assertion.16] upc_match: SUCCESS
[_ZN3rbm26activateVisibleUnits_trainEtt.assertion.17] train_input_done_match: SUCCESS
[_ZN3rbm26activateVisibleUnits_trainEtt.assertion.18] train_sum_match: SUCCESS
[_ZN3rbm26activateVisibleUnits_trainEtt.assertion.19] sumOfpow2_match: SUCCESS
[_ZN3rbm26activateVisibleUnits_trainEtt.assertion.20] jstate_match: SUCCESS
[_ZN3rbm26activateVisibleUnits_trainEtt.assertion.21] train_upc_match: SUCCESS
[_ZN3rbm26activateVisibleUnits_trainEtt.assertion.22] train_v_cnt_match: SUCCESS
[_ZN3rbm26activateVisibleUnits_trainEtt.assertion.23] train_h_cnt_match: SUCCESS
[_ZN3rbm26activateVisibleUnits_trainEtt.assertion.24] data_match: SUCCESS
[_ZN3rbm26activateVisibleUnits_trainEtt.assertion.25] predict_result_match: SUCCESS
[_ZN3rbm26activateVisibleUnits_trainEtt.assertion.26] hidden_unit_match: SUCCESS
[_ZN3rbm26activateVisibleUnits_trainEtt.assertion.27] pos_match: SUCCESS
[_ZN3rbm26activateVisibleUnits_trainEtt.assertion.28] init_done_match: SUCCESS
[_ZN3rbm26activateVisibleUnits_trainEtt.assertion.29] done_match: SUCCESS
[_ZN3rbm26activateVisibleUnits_trainEtt.assertion.30] num_hidden_match: SUCCESS
[_ZN3rbm26activateVisibleUnits_trainEtt.assertion.31] num_visible_match: SUCCESS
[_ZN3rbm26activateVisibleUnits_trainEtt.assertion.32] num_users_match: SUCCESS
[_ZN3rbm26activateVisibleUnits_trainEtt.assertion.33] num_loops_match: SUCCESS
[_ZN3rbm26activateVisibleUnits_trainEtt.assertion.34] num_testusers_match: SUCCESS
[_ZN3rbm26activateVisibleUnits_trainEtt.assertion.35] num_movies_match: SUCCESS
[_ZN3rbm26activateVisibleUnits_trainEtt.assertion.36] rd_index_match: SUCCESS
[_ZN3rbm26activateVisibleUnits_trainEtt.assertion.37] rd_length_match: SUCCESS
[_ZN3rbm26activateVisibleUnits_trainEtt.assertion.38] rd_request_match: SUCCESS
[_ZN3rbm26activateVisibleUnits_trainEtt.assertion.39] wr_request_match: SUCCESS
[_ZN3rbm26activateVisibleUnits_trainEtt.assertion.40] wr_index_match: SUCCESS
[_ZN3rbm26activateVisibleUnits_trainEtt.assertion.41] wr_length_match: SUCCESS
[_ZN3rbm26activateVisibleUnits_trainEtt.assertion.42] data_out_match: SUCCESS
[_ZN3rbm26activateVisibleUnits_trainEtt.assertion.43] upc_match: SUCCESS
[_ZN3rbm26activateVisibleUnits_trainEtt.assertion.44] train_input_done_match: SUCCESS
[_ZN3rbm26activateVisibleUnits_trainEtt.assertion.45] train_sum_match: SUCCESS
[_ZN3rbm26activateVisibleUnits_trainEtt.assertion.46] train_max_match: SUCCESS
[_ZN3rbm26activateVisibleUnits_trainEtt.assertion.47] sumOfpow2_match: SUCCESS
[_ZN3rbm26activateVisibleUnits_trainEtt.assertion.48] jstate_match: SUCCESS
[_ZN3rbm26activateVisibleUnits_trainEtt.assertion.49] per_v_pc_match: SUCCESS
[_ZN3rbm26activateVisibleUnits_trainEtt.assertion.50] train_upc_match: SUCCESS
[_ZN3rbm26activateVisibleUnits_trainEtt.assertion.51] train_v_cnt_match: SUCCESS
[_ZN3rbm26activateVisibleUnits_trainEtt.assertion.52] train_h_cnt_match: SUCCESS
[_ZN3rbm26activateVisibleUnits_trainEtt.assertion.53] data_match: SUCCESS
[_ZN3rbm26activateVisibleUnits_trainEtt.assertion.54] predict_result_match: SUCCESS
[_ZN3rbm26activateVisibleUnits_trainEtt.assertion.55] hidden_unit_match: SUCCESS
[_ZN3rbm26activateVisibleUnits_trainEtt.assertion.56] pos_match: SUCCESS
[_ZN3rbm26activateVisibleUnits_trainEtt.assertion.57] ind-inv: SUCCESS
[_ZN3rbm26activateVisibleUnits_trainEtt.assertion.58] init_done_match: SUCCESS
[_ZN3rbm26activateVisibleUnits_trainEtt.assertion.59] done_match: SUCCESS
[_ZN3rbm26activateVisibleUnits_trainEtt.assertion.60] num_hidden_match: SUCCESS
[_ZN3rbm26activateVisibleUnits_trainEtt.assertion.61] num_visible_match: SUCCESS
[_ZN3rbm26activateVisibleUnits_trainEtt.assertion.62] num_users_match: SUCCESS
[_ZN3rbm26activateVisibleUnits_trainEtt.assertion.63] num_loops_match: SUCCESS
[_ZN3rbm26activateVisibleUnits_trainEtt.assertion.64] num_testusers_match: SUCCESS
[_ZN3rbm26activateVisibleUnits_trainEtt.assertion.65] num_movies_match: SUCCESS
[_ZN3rbm26activateVisibleUnits_trainEtt.assertion.66] rd_index_match: SUCCESS
[_ZN3rbm26activateVisibleUnits_trainEtt.assertion.67] rd_length_match: SUCCESS
[_ZN3rbm26activateVisibleUnits_trainEtt.assertion.68] rd_request_match: SUCCESS
[_ZN3rbm26activateVisibleUnits_trainEtt.assertion.69] wr_request_match: SUCCESS
[_ZN3rbm26activateVisibleUnits_trainEtt.assertion.70] wr_index_match: SUCCESS
[_ZN3rbm26activateVisibleUnits_trainEtt.assertion.71] wr_length_match: SUCCESS
[_ZN3rbm26activateVisibleUnits_trainEtt.assertion.72] data_out_match: SUCCESS
[_ZN3rbm26activateVisibleUnits_trainEtt.assertion.73] upc_match: SUCCESS
[_ZN3rbm26activateVisibleUnits_trainEtt.assertion.74] train_input_done_match: SUCCESS
[_ZN3rbm26activateVisibleUnits_trainEtt.assertion.75] train_sum_match: SUCCESS
[_ZN3rbm26activateVisibleUnits_trainEtt.assertion.76] train_max_match: SUCCESS
[_ZN3rbm26activateVisibleUnits_trainEtt.assertion.77] sumOfpow2_match: SUCCESS
[_ZN3rbm26activateVisibleUnits_trainEtt.assertion.78] jstate_match: SUCCESS
[_ZN3rbm26activateVisibleUnits_trainEtt.assertion.79] per_v_pc_match: SUCCESS
[_ZN3rbm26activateVisibleUnits_trainEtt.assertion.80] train_upc_match: SUCCESS
[_ZN3rbm26activateVisibleUnits_trainEtt.assertion.81] train_v_cnt_match: SUCCESS
[_ZN3rbm26activateVisibleUnits_trainEtt.assertion.82] train_h_cnt_match: SUCCESS
[_ZN3rbm26activateVisibleUnits_trainEtt.assertion.83] data_match: SUCCESS
[_ZN3rbm26activateVisibleUnits_trainEtt.assertion.84] predict_result_match: SUCCESS
[_ZN3rbm26activateVisibleUnits_trainEtt.assertion.85] hidden_unit_match: SUCCESS
[_ZN3rbm26activateVisibleUnits_trainEtt.assertion.86] pos_match: SUCCESS
[_ZN3rbm9train_rbmEv.unwind.0] unwinding assertion loop 0: SUCCESS
[_ZN3rbm26activateVisibleUnits_trainEtt.unwind.15] unwinding assertion loop 15: SUCCESS

** 0 of 89 failed (1 iteration)
VERIFICATION SUCCESSFUL
